[ 2017-05-13T14:52:08+08:00 ] 127.0.0.1 /doctors/
INFO: [ app_init ] --START--
INFO: Run Behavior\BuildLiteBehavior [ RunTime:0.000000s ]
INFO: [ app_init ] --END-- [ RunTime:0.001000s ]
INFO: [ app_begin ] --START--
INFO: Run Behavior\ReadHtmlCacheBehavior [ RunTime:0.001000s ]
INFO: [ app_begin ] --END-- [ RunTime:0.001000s ]
INFO: [ view_parse ] --START--
INFO: [ template_filter ] --START--
INFO: Run Behavior\ContentReplaceBehavior [ RunTime:0.000000s ]
INFO: [ template_filter ] --END-- [ RunTime:0.000000s ]
NOTIC: [8] Undefined index: phone D:\phpStudy\WWW\doctors\Apps\Runtime\Cache\Home\a0926d7a5c38f39393a07ea41b07d420.php 第 65 行.
NOTIC: [8] Undefined index: code D:\phpStudy\WWW\doctors\Apps\Runtime\Cache\Home\a0926d7a5c38f39393a07ea41b07d420.php 第 75 行.
NOTIC: [8] Undefined index: phone D:\phpStudy\WWW\doctors\Apps\Runtime\Cache\Home\a0926d7a5c38f39393a07ea41b07d420.php 第 82 行.
NOTIC: [8] Undefined index: password D:\phpStudy\WWW\doctors\Apps\Runtime\Cache\Home\a0926d7a5c38f39393a07ea41b07d420.php 第 89 行.
NOTIC: [8] Undefined index: cpassword D:\phpStudy\WWW\doctors\Apps\Runtime\Cache\Home\a0926d7a5c38f39393a07ea41b07d420.php 第 96 行.
INFO: Run Behavior\ParseTemplateBehavior [ RunTime:0.006001s ]
INFO: [ view_parse ] --END-- [ RunTime:0.006001s ]
INFO: [ view_filter ] --START--
INFO: Run Behavior\WriteHtmlCacheBehavior [ RunTime:0.000000s ]
INFO: [ view_filter ] --END-- [ RunTime:0.000000s ]
INFO: [ app_end ] --START--
INFO: Run Behavior\ShowPageTraceBehavior [ RunTime:0.001000s ]
INFO: [ app_end ] --END-- [ RunTime:0.001000s ]

[ 2017-05-13T14:53:16+08:00 ] 127.0.0.1 /
INFO: [ app_init ] --START--
INFO: Run Behavior\BuildLiteBehavior [ RunTime:0.000000s ]
INFO: [ app_init ] --END-- [ RunTime:0.003000s ]
INFO: [ app_begin ] --START--
INFO: Run Behavior\ReadHtmlCacheBehavior [ RunTime:0.001000s ]
INFO: [ app_begin ] --END-- [ RunTime:0.001000s ]
INFO: [ view_parse ] --START--
INFO: [ template_filter ] --START--
INFO: Run Behavior\ContentReplaceBehavior [ RunTime:0.000000s ]
INFO: [ template_filter ] --END-- [ RunTime:0.000000s ]
NOTIC: [8] Undefined index: phone D:\phpStudy\WWW\doctors\Apps\Runtime\Cache\Home\a0926d7a5c38f39393a07ea41b07d420.php 第 65 行.
NOTIC: [8] Undefined index: code D:\phpStudy\WWW\doctors\Apps\Runtime\Cache\Home\a0926d7a5c38f39393a07ea41b07d420.php 第 75 行.
NOTIC: [8] Undefined index: phone D:\phpStudy\WWW\doctors\Apps\Runtime\Cache\Home\a0926d7a5c38f39393a07ea41b07d420.php 第 82 行.
NOTIC: [8] Undefined index: password D:\phpStudy\WWW\doctors\Apps\Runtime\Cache\Home\a0926d7a5c38f39393a07ea41b07d420.php 第 89 行.
NOTIC: [8] Undefined index: cpassword D:\phpStudy\WWW\doctors\Apps\Runtime\Cache\Home\a0926d7a5c38f39393a07ea41b07d420.php 第 96 行.
INFO: Run Behavior\ParseTemplateBehavior [ RunTime:0.006001s ]
INFO: [ view_parse ] --END-- [ RunTime:0.006001s ]
INFO: [ view_filter ] --START--
INFO: Run Behavior\WriteHtmlCacheBehavior [ RunTime:0.000000s ]
INFO: [ view_filter ] --END-- [ RunTime:0.000000s ]
INFO: [ app_end ] --START--
INFO: Run Behavior\ShowPageTraceBehavior [ RunTime:0.001000s ]
INFO: [ app_end ] --END-- [ RunTime:0.001000s ]

[ 2017-05-13T15:19:21+08:00 ] 127.0.0.1 /
INFO: [ app_init ] --START--
INFO: Run Behavior\BuildLiteBehavior [ RunTime:0.000000s ]
INFO: [ app_init ] --END-- [ RunTime:0.000000s ]
INFO: [ app_begin ] --START--
INFO: Run Behavior\ReadHtmlCacheBehavior [ RunTime:0.001000s ]
INFO: [ app_begin ] --END-- [ RunTime:0.001000s ]
INFO: [ view_parse ] --START--
INFO: [ template_filter ] --START--
INFO: Run Behavior\ContentReplaceBehavior [ RunTime:0.000000s ]
INFO: [ template_filter ] --END-- [ RunTime:0.000000s ]
NOTIC: [8] Undefined index: phone D:\phpStudy\WWW\doctors\Apps\Runtime\Cache\Home\a0926d7a5c38f39393a07ea41b07d420.php 第 65 行.
NOTIC: [8] Undefined index: code D:\phpStudy\WWW\doctors\Apps\Runtime\Cache\Home\a0926d7a5c38f39393a07ea41b07d420.php 第 75 行.
NOTIC: [8] Undefined index: phone D:\phpStudy\WWW\doctors\Apps\Runtime\Cache\Home\a0926d7a5c38f39393a07ea41b07d420.php 第 82 行.
NOTIC: [8] Undefined index: password D:\phpStudy\WWW\doctors\Apps\Runtime\Cache\Home\a0926d7a5c38f39393a07ea41b07d420.php 第 89 行.
NOTIC: [8] Undefined index: cpassword D:\phpStudy\WWW\doctors\Apps\Runtime\Cache\Home\a0926d7a5c38f39393a07ea41b07d420.php 第 96 行.
INFO: Run Behavior\ParseTemplateBehavior [ RunTime:0.005000s ]
INFO: [ view_parse ] --END-- [ RunTime:0.005000s ]
INFO: [ view_filter ] --START--
INFO: Run Behavior\WriteHtmlCacheBehavior [ RunTime:0.001001s ]
INFO: [ view_filter ] --END-- [ RunTime:0.001001s ]
INFO: [ app_end ] --START--
INFO: Run Behavior\ShowPageTraceBehavior [ RunTime:0.000000s ]
INFO: [ app_end ] --END-- [ RunTime:0.000000s ]

[ 2017-05-13T15:20:35+08:00 ] 127.0.0.1 /
INFO: [ app_init ] --START--
INFO: Run Behavior\BuildLiteBehavior [ RunTime:0.000000s ]
INFO: [ app_init ] --END-- [ RunTime:0.000000s ]
INFO: [ app_begin ] --START--
INFO: Run Behavior\ReadHtmlCacheBehavior [ RunTime:0.001000s ]
INFO: [ app_begin ] --END-- [ RunTime:0.001000s ]
INFO: [ view_parse ] --START--
INFO: [ template_filter ] --START--
INFO: Run Behavior\ContentReplaceBehavior [ RunTime:0.000000s ]
INFO: [ template_filter ] --END-- [ RunTime:0.000000s ]
NOTIC: [8] Undefined index: phone D:\phpStudy\WWW\doctors\Apps\Runtime\Cache\Home\a0926d7a5c38f39393a07ea41b07d420.php 第 65 行.
NOTIC: [8] Undefined index: code D:\phpStudy\WWW\doctors\Apps\Runtime\Cache\Home\a0926d7a5c38f39393a07ea41b07d420.php 第 75 行.
NOTIC: [8] Undefined index: phone D:\phpStudy\WWW\doctors\Apps\Runtime\Cache\Home\a0926d7a5c38f39393a07ea41b07d420.php 第 82 行.
NOTIC: [8] Undefined index: password D:\phpStudy\WWW\doctors\Apps\Runtime\Cache\Home\a0926d7a5c38f39393a07ea41b07d420.php 第 89 行.
NOTIC: [8] Undefined index: cpassword D:\phpStudy\WWW\doctors\Apps\Runtime\Cache\Home\a0926d7a5c38f39393a07ea41b07d420.php 第 96 行.
INFO: Run Behavior\ParseTemplateBehavior [ RunTime:0.005000s ]
INFO: [ view_parse ] --END-- [ RunTime:0.005000s ]
INFO: [ view_filter ] --START--
INFO: Run Behavior\WriteHtmlCacheBehavior [ RunTime:0.000000s ]
INFO: [ view_filter ] --END-- [ RunTime:0.000000s ]
INFO: [ app_end ] --START--
INFO: Run Behavior\ShowPageTraceBehavior [ RunTime:0.001000s ]
INFO: [ app_end ] --END-- [ RunTime:0.001000s ]

[ 2017-05-13T16:08:57+08:00 ] 127.0.0.1 /
INFO: [ app_init ] --START--
INFO: Run Behavior\BuildLiteBehavior [ RunTime:0.000000s ]
INFO: [ app_init ] --END-- [ RunTime:0.000000s ]
INFO: [ app_begin ] --START--
INFO: Run Behavior\ReadHtmlCacheBehavior [ RunTime:0.000000s ]
INFO: [ app_begin ] --END-- [ RunTime:0.000000s ]
INFO: [ view_parse ] --START--
INFO: [ template_filter ] --START--
INFO: Run Behavior\ContentReplaceBehavior [ RunTime:0.000000s ]
INFO: [ template_filter ] --END-- [ RunTime:0.000000s ]
NOTIC: [8] Undefined index: phone D:\phpStudy\WWW\doctors\Apps\Runtime\Cache\Home\a0926d7a5c38f39393a07ea41b07d420.php 第 65 行.
NOTIC: [8] Undefined index: code D:\phpStudy\WWW\doctors\Apps\Runtime\Cache\Home\a0926d7a5c38f39393a07ea41b07d420.php 第 75 行.
NOTIC: [8] Undefined index: phone D:\phpStudy\WWW\doctors\Apps\Runtime\Cache\Home\a0926d7a5c38f39393a07ea41b07d420.php 第 82 行.
NOTIC: [8] Undefined index: password D:\phpStudy\WWW\doctors\Apps\Runtime\Cache\Home\a0926d7a5c38f39393a07ea41b07d420.php 第 89 行.
NOTIC: [8] Undefined index: cpassword D:\phpStudy\WWW\doctors\Apps\Runtime\Cache\Home\a0926d7a5c38f39393a07ea41b07d420.php 第 96 行.
INFO: Run Behavior\ParseTemplateBehavior [ RunTime:0.007000s ]
INFO: [ view_parse ] --END-- [ RunTime:0.007000s ]
INFO: [ view_filter ] --START--
INFO: Run Behavior\WriteHtmlCacheBehavior [ RunTime:0.000000s ]
INFO: [ view_filter ] --END-- [ RunTime:0.000000s ]
INFO: [ app_end ] --START--
INFO: Run Behavior\ShowPageTraceBehavior [ RunTime:0.001000s ]
INFO: [ app_end ] --END-- [ RunTime:0.001000s ]

[ 2017-05-13T16:14:55+08:00 ] 127.0.0.1 /
INFO: [ app_init ] --START--
INFO: Run Behavior\BuildLiteBehavior [ RunTime:0.000000s ]
INFO: [ app_init ] --END-- [ RunTime:0.000000s ]
INFO: [ app_begin ] --START--
INFO: Run Behavior\ReadHtmlCacheBehavior [ RunTime:0.001000s ]
INFO: [ app_begin ] --END-- [ RunTime:0.001000s ]
INFO: [ view_parse ] --START--
INFO: [ template_filter ] --START--
INFO: Run Behavior\ContentReplaceBehavior [ RunTime:0.000000s ]
INFO: [ template_filter ] --END-- [ RunTime:0.000000s ]
NOTIC: [8] Undefined index: phone D:\phpStudy\WWW\doctors\Apps\Runtime\Cache\Home\a0926d7a5c38f39393a07ea41b07d420.php 第 65 行.
NOTIC: [8] Undefined index: code D:\phpStudy\WWW\doctors\Apps\Runtime\Cache\Home\a0926d7a5c38f39393a07ea41b07d420.php 第 75 行.
NOTIC: [8] Undefined index: phone D:\phpStudy\WWW\doctors\Apps\Runtime\Cache\Home\a0926d7a5c38f39393a07ea41b07d420.php 第 82 行.
NOTIC: [8] Undefined index: password D:\phpStudy\WWW\doctors\Apps\Runtime\Cache\Home\a0926d7a5c38f39393a07ea41b07d420.php 第 89 行.
NOTIC: [8] Undefined index: cpassword D:\phpStudy\WWW\doctors\Apps\Runtime\Cache\Home\a0926d7a5c38f39393a07ea41b07d420.php 第 96 行.
INFO: Run Behavior\ParseTemplateBehavior [ RunTime:0.006001s ]
INFO: [ view_parse ] --END-- [ RunTime:0.006001s ]
INFO: [ view_filter ] --START--
INFO: Run Behavior\WriteHtmlCacheBehavior [ RunTime:0.000000s ]
INFO: [ view_filter ] --END-- [ RunTime:0.000000s ]
INFO: [ app_end ] --START--
INFO: Run Behavior\ShowPageTraceBehavior [ RunTime:0.000000s ]
INFO: [ app_end ] --END-- [ RunTime:0.000000s ]

[ 2017-05-13T16:19:01+08:00 ] 127.0.0.1 /doctors/
INFO: [ app_init ] --START--
INFO: Run Behavior\BuildLiteBehavior [ RunTime:0.001000s ]
INFO: [ app_init ] --END-- [ RunTime:0.001000s ]
INFO: [ app_begin ] --START--
INFO: Run Behavior\ReadHtmlCacheBehavior [ RunTime:0.001000s ]
INFO: [ app_begin ] --END-- [ RunTime:0.001000s ]
INFO: [ view_parse ] --START--
INFO: [ template_filter ] --START--
INFO: Run Behavior\ContentReplaceBehavior [ RunTime:0.000000s ]
INFO: [ template_filter ] --END-- [ RunTime:0.000000s ]
NOTIC: [8] Undefined index: phone D:\phpStudy\WWW\doctors\Apps\Runtime\Cache\Home\a0926d7a5c38f39393a07ea41b07d420.php 第 65 行.
NOTIC: [8] Undefined index: code D:\phpStudy\WWW\doctors\Apps\Runtime\Cache\Home\a0926d7a5c38f39393a07ea41b07d420.php 第 75 行.
NOTIC: [8] Undefined index: phone D:\phpStudy\WWW\doctors\Apps\Runtime\Cache\Home\a0926d7a5c38f39393a07ea41b07d420.php 第 82 行.
NOTIC: [8] Undefined index: password D:\phpStudy\WWW\doctors\Apps\Runtime\Cache\Home\a0926d7a5c38f39393a07ea41b07d420.php 第 89 行.
NOTIC: [8] Undefined index: cpassword D:\phpStudy\WWW\doctors\Apps\Runtime\Cache\Home\a0926d7a5c38f39393a07ea41b07d420.php 第 96 行.
INFO: Run Behavior\ParseTemplateBehavior [ RunTime:0.005000s ]
INFO: [ view_parse ] --END-- [ RunTime:0.005000s ]
INFO: [ view_filter ] --START--
INFO: Run Behavior\WriteHtmlCacheBehavior [ RunTime:0.000000s ]
INFO: [ view_filter ] --END-- [ RunTime:0.000000s ]
INFO: [ app_end ] --START--
INFO: Run Behavior\ShowPageTraceBehavior [ RunTime:0.001000s ]
INFO: [ app_end ] --END-- [ RunTime:0.001000s ]

