[ 2017-01-20T10:41:23+08:00 ] 127.0.0.1 /?&ssi=1680996634&spty=485-index&spi=null&sun=null&sui=null&spt=%E9%83%91%E5%B7%9E%E8%B5%9E%E7%A6%BE&sfv=22&sbi=chrome&platform=win&browser=50&ssc=1920x1080&scd=24-bit&sja=0
INFO: [ app_init ] --START--
INFO: Run Behavior\BuildLiteBehavior [ RunTime:0.000000s ]
INFO: [ app_init ] --END-- [ RunTime:0.004000s ]
INFO: [ app_begin ] --START--
INFO: Run Behavior\ReadHtmlCacheBehavior [ RunTime:0.000000s ]
INFO: [ app_begin ] --END-- [ RunTime:0.000000s ]
INFO: [ view_parse ] --START--
INFO: Run Behavior\ParseTemplateBehavior [ RunTime:0.001000s ]
INFO: [ view_parse ] --END-- [ RunTime:0.001000s ]
INFO: [ view_filter ] --START--
INFO: Run Behavior\WriteHtmlCacheBehavior [ RunTime:0.000000s ]
INFO: [ view_filter ] --END-- [ RunTime:0.000000s ]
INFO: [ app_end ] --START--
INFO: Run Behavior\ShowPageTraceBehavior [ RunTime:0.001000s ]
INFO: [ app_end ] --END-- [ RunTime:0.001000s ]

[ 2017-01-20T10:41:25+08:00 ] 127.0.0.1 /?&ssi=1680996634&spty=gallery_grid&spi=&sun=null&sui=null&spt=I7%20CPU%20&gt;&gt;%20%E9%85%B7%E7%9D%BFi7%E5%9B%9B%E4%BB%A3,%E9%85%B7%E7%9D%BFi7%E4%B8%89%E4%BB%A3,%E9%85%B7%E7%9D%BFi7%E4%BA%8C%E4%BB%A3,%E9%85%B7%E7%9D%BFi7,%E9%85%B7%E7%9D%BFi7%E5%85%AD%E4%BB%A3,%E9%85%B7%E7%9D%BFi7%E4%BA%94%E4%BB%A3&sfv=22&sbi=chrome&platform=win&browser=50&ssc=1920x1080&scd=24-bit&sja=0
INFO: [ app_init ] --START--
INFO: Run Behavior\BuildLiteBehavior [ RunTime:0.000000s ]
INFO: [ app_init ] --END-- [ RunTime:0.000000s ]
INFO: [ app_begin ] --START--
INFO: Run Behavior\ReadHtmlCacheBehavior [ RunTime:0.000000s ]
INFO: [ app_begin ] --END-- [ RunTime:0.000000s ]
INFO: [ view_parse ] --START--
INFO: Run Behavior\ParseTemplateBehavior [ RunTime:0.000000s ]
INFO: [ view_parse ] --END-- [ RunTime:0.000000s ]
INFO: [ view_filter ] --START--
INFO: Run Behavior\WriteHtmlCacheBehavior [ RunTime:0.000000s ]
INFO: [ view_filter ] --END-- [ RunTime:0.000000s ]
INFO: [ app_end ] --START--
INFO: Run Behavior\ShowPageTraceBehavior [ RunTime:0.000000s ]
INFO: [ app_end ] --END-- [ RunTime:0.000000s ]

[ 2017-01-20T11:10:04+08:00 ] 127.0.0.1 /?&ssi=1680996634&spty=485-index&spi=null&sun=null&sui=null&spt=%E9%83%91%E5%B7%9E%E8%B5%9E%E7%A6%BE&sfv=22&sbi=chrome&platform=win&browser=50&ssc=1920x1080&scd=24-bit&sja=0
INFO: [ app_init ] --START--
INFO: Run Behavior\BuildLiteBehavior [ RunTime:0.000000s ]
INFO: [ app_init ] --END-- [ RunTime:0.001000s ]
INFO: [ app_begin ] --START--
INFO: Run Behavior\ReadHtmlCacheBehavior [ RunTime:0.001000s ]
INFO: [ app_begin ] --END-- [ RunTime:0.001000s ]
INFO: [ view_parse ] --START--
INFO: Run Behavior\ParseTemplateBehavior [ RunTime:0.000000s ]
INFO: [ view_parse ] --END-- [ RunTime:0.000000s ]
INFO: [ view_filter ] --START--
INFO: Run Behavior\WriteHtmlCacheBehavior [ RunTime:0.000000s ]
INFO: [ view_filter ] --END-- [ RunTime:0.000000s ]
INFO: [ app_end ] --START--
INFO: Run Behavior\ShowPageTraceBehavior [ RunTime:0.000000s ]
INFO: [ app_end ] --END-- [ RunTime:0.000000s ]

[ 2017-01-20T11:10:14+08:00 ] 127.0.0.1 /?&ssi=1680996634&spty=gallery_grid&spi=&sun=null&sui=null&spt=8GB%E5%86%85%E5%AD%98%20&gt;&gt;%20%E5%8D%95%E6%9D%A18GB,%E5%A5%97%E8%A3%852x4GB&sfv=22&sbi=chrome&platform=win&browser=50&ssc=1920x1080&scd=24-bit&sja=0
INFO: [ app_init ] --START--
INFO: Run Behavior\BuildLiteBehavior [ RunTime:0.000000s ]
INFO: [ app_init ] --END-- [ RunTime:0.000000s ]
INFO: [ app_begin ] --START--
INFO: Run Behavior\ReadHtmlCacheBehavior [ RunTime:0.000000s ]
INFO: [ app_begin ] --END-- [ RunTime:0.000000s ]
INFO: [ view_parse ] --START--
INFO: Run Behavior\ParseTemplateBehavior [ RunTime:0.000000s ]
INFO: [ view_parse ] --END-- [ RunTime:0.000000s ]
INFO: [ view_filter ] --START--
INFO: Run Behavior\WriteHtmlCacheBehavior [ RunTime:0.000000s ]
INFO: [ view_filter ] --END-- [ RunTime:0.000000s ]
INFO: [ app_end ] --START--
INFO: Run Behavior\ShowPageTraceBehavior [ RunTime:0.000000s ]
INFO: [ app_end ] --END-- [ RunTime:0.000000s ]

[ 2017-01-20T11:10:24+08:00 ] 127.0.0.1 /?qzjgo=2%7C3%7C%E9%87%91%E5%A3%AB%E9%A1%BF(Kingston)%E5%8F%B0%E5%BC%8F%E6%9C%BA%E5%86%85%E5%AD%98%20%20%E9%AA%87%E5%AE%A2%E7%A5%9E%E6%9D%A1Fury%E7%B3%BB%E5%88%97%20%20DDR4%20%202400%20%20%20%208G%7C515%7C435%7Chttp%3A%2F%2Fwww.hnzhkj.com%2Fimages%2Fgoods%2F20160928%2F2e4ae1c91e4214cc.jpg&ssi=1680996634&spty=485-goodsdetail&spi=515&sun=null&sui=null&spt=%E9%87%91%E5%A3%AB%E9%A1%BF(Kingston)%E5%8F%B0%E5%BC%8F%E6%9C%BA%E5%86%85%E5%AD%98%20%E9%AA%87%E5%AE%A2%E7%A5%9E%E6%9D%A1Fury%E7%B3%BB%E5%88%97%20DDR4%202400%208G%20-%20%E5%86%85%E5%AD%98%20%E9%83%91%E5%B7%9E%E8%B5%9E%E7%A6%BE&sfv=22&sbi=chrome&platform=win&browser=50&ssc=1920x1080&scd=24-bit&sja=0
INFO: [ app_init ] --START--
INFO: Run Behavior\BuildLiteBehavior [ RunTime:0.000000s ]
INFO: [ app_init ] --END-- [ RunTime:0.001000s ]
INFO: [ app_begin ] --START--
INFO: Run Behavior\ReadHtmlCacheBehavior [ RunTime:0.000000s ]
INFO: [ app_begin ] --END-- [ RunTime:0.000000s ]
INFO: [ view_parse ] --START--
INFO: Run Behavior\ParseTemplateBehavior [ RunTime:0.000000s ]
INFO: [ view_parse ] --END-- [ RunTime:0.000000s ]
INFO: [ view_filter ] --START--
INFO: Run Behavior\WriteHtmlCacheBehavior [ RunTime:0.000000s ]
INFO: [ view_filter ] --END-- [ RunTime:0.000000s ]
INFO: [ app_end ] --START--
INFO: Run Behavior\ShowPageTraceBehavior [ RunTime:0.001000s ]
INFO: [ app_end ] --END-- [ RunTime:0.001000s ]

[ 2017-01-20T11:10:25+08:00 ] 127.0.0.1 /?&ssi=1680996634&spty=485-goodsdetail&spi=515&sun=null&sui=null&spt=%E9%87%91%E5%A3%AB%E9%A1%BF(Kingston)%E5%8F%B0%E5%BC%8F%E6%9C%BA%E5%86%85%E5%AD%98%20%E9%AA%87%E5%AE%A2%E7%A5%9E%E6%9D%A1Fury%E7%B3%BB%E5%88%97%20DDR4%202400%208G%20-%20%E5%86%85%E5%AD%98%20%E9%83%91%E5%B7%9E%E8%B5%9E%E7%A6%BE&sfv=22&sbi=chrome&platform=win&browser=50&ssc=1920x1080&scd=24-bit&sja=0
INFO: [ app_init ] --START--
INFO: Run Behavior\BuildLiteBehavior [ RunTime:0.000000s ]
INFO: [ app_init ] --END-- [ RunTime:0.000000s ]
INFO: [ app_begin ] --START--
INFO: Run Behavior\ReadHtmlCacheBehavior [ RunTime:0.000000s ]
INFO: [ app_begin ] --END-- [ RunTime:0.000000s ]
INFO: [ view_parse ] --START--
INFO: Run Behavior\ParseTemplateBehavior [ RunTime:0.000000s ]
INFO: [ view_parse ] --END-- [ RunTime:0.000000s ]
INFO: [ view_filter ] --START--
INFO: Run Behavior\WriteHtmlCacheBehavior [ RunTime:0.000000s ]
INFO: [ view_filter ] --END-- [ RunTime:0.000000s ]
INFO: [ app_end ] --START--
INFO: Run Behavior\ShowPageTraceBehavior [ RunTime:0.000000s ]
INFO: [ app_end ] --END-- [ RunTime:0.000000s ]

[ 2017-01-20T11:10:40+08:00 ] 127.0.0.1 /?&ssi=1680996634&spty=485-index&spi=null&sun=null&sui=null&spt=%E9%83%91%E5%B7%9E%E8%B5%9E%E7%A6%BE&sfv=22&sbi=chrome&platform=win&browser=50&ssc=1920x1080&scd=24-bit&sja=0
INFO: [ app_init ] --START--
INFO: Run Behavior\BuildLiteBehavior [ RunTime:0.000000s ]
INFO: [ app_init ] --END-- [ RunTime:0.000000s ]
INFO: [ app_begin ] --START--
INFO: Run Behavior\ReadHtmlCacheBehavior [ RunTime:0.001000s ]
INFO: [ app_begin ] --END-- [ RunTime:0.001000s ]
INFO: [ view_parse ] --START--
INFO: Run Behavior\ParseTemplateBehavior [ RunTime:0.000000s ]
INFO: [ view_parse ] --END-- [ RunTime:0.000000s ]
INFO: [ view_filter ] --START--
INFO: Run Behavior\WriteHtmlCacheBehavior [ RunTime:0.000000s ]
INFO: [ view_filter ] --END-- [ RunTime:0.000000s ]
INFO: [ app_end ] --START--
INFO: Run Behavior\ShowPageTraceBehavior [ RunTime:0.001000s ]
INFO: [ app_end ] --END-- [ RunTime:0.001000s ]

[ 2017-01-20T11:10:43+08:00 ] 127.0.0.1 /?&ssi=1680996634&spty=gallery_grid&spi=&sun=null&sui=null&spt=%E5%9B%BA%E6%80%81%E7%A1%AC%E7%9B%98&sfv=22&sbi=chrome&platform=win&browser=50&ssc=1920x1080&scd=24-bit&sja=0
INFO: [ app_init ] --START--
INFO: Run Behavior\BuildLiteBehavior [ RunTime:0.000000s ]
INFO: [ app_init ] --END-- [ RunTime:0.000000s ]
INFO: [ app_begin ] --START--
INFO: Run Behavior\ReadHtmlCacheBehavior [ RunTime:0.000000s ]
INFO: [ app_begin ] --END-- [ RunTime:0.000000s ]
INFO: [ view_parse ] --START--
INFO: Run Behavior\ParseTemplateBehavior [ RunTime:0.000000s ]
INFO: [ view_parse ] --END-- [ RunTime:0.000000s ]
INFO: [ view_filter ] --START--
INFO: Run Behavior\WriteHtmlCacheBehavior [ RunTime:0.000000s ]
INFO: [ view_filter ] --END-- [ RunTime:0.000000s ]
INFO: [ app_end ] --START--
INFO: Run Behavior\ShowPageTraceBehavior [ RunTime:0.000000s ]
INFO: [ app_end ] --END-- [ RunTime:0.000000s ]

[ 2017-01-20T11:10:51+08:00 ] 127.0.0.1 /?&ssi=1680996634&spty=485-goodsdetail&spi=520&sun=null&sui=null&spt=%E9%97%AA%E8%BF%AA%EF%BC%88SanDisk%EF%BC%89Z400s%E7%B3%BB%E5%88%97%20%E5%9B%BA%E6%80%81%E7%A1%AC%E7%9B%98%20M.2%202280%E6%8E%A5%E5%8F%A3%20128G%20-%20%E5%9B%BA%E6%80%81%E7%A1%AC%E7%9B%98%20%E9%83%91%E5%B7%9E%E8%B5%9E%E7%A6%BE&sfv=22&sbi=chrome&platform=win&browser=50&ssc=1920x1080&scd=24-bit&sja=0
INFO: [ app_init ] --START--
INFO: Run Behavior\BuildLiteBehavior [ RunTime:0.000000s ]
INFO: [ app_init ] --END-- [ RunTime:0.001000s ]
INFO: [ app_begin ] --START--
INFO: Run Behavior\ReadHtmlCacheBehavior [ RunTime:0.001000s ]
INFO: [ app_begin ] --END-- [ RunTime:0.001000s ]
INFO: [ view_parse ] --START--
INFO: Run Behavior\ParseTemplateBehavior [ RunTime:0.001000s ]
INFO: [ view_parse ] --END-- [ RunTime:0.001000s ]
INFO: [ view_filter ] --START--
INFO: Run Behavior\WriteHtmlCacheBehavior [ RunTime:0.000000s ]
INFO: [ view_filter ] --END-- [ RunTime:0.000000s ]
INFO: [ app_end ] --START--
INFO: Run Behavior\ShowPageTraceBehavior [ RunTime:0.000000s ]
INFO: [ app_end ] --END-- [ RunTime:0.000000s ]

[ 2017-01-20T11:10:52+08:00 ] 127.0.0.1 /?qzjgo=7%7C2%7C%E9%97%AA%E8%BF%AA%EF%BC%88SanDisk%EF%BC%89Z400s%E7%B3%BB%E5%88%97%20%E5%9B%BA%E6%80%81%E7%A1%AC%E7%9B%98%20%20M.2%202280%E6%8E%A5%E5%8F%A3%20%20128G%7C520%7C379%7Chttp%3A%2F%2Fwww.hnzhkj.com%2Fimages%2Fgoods%2F20161007%2Ffc888e19b267204f.jpg&ssi=1680996634&spty=485-goodsdetail&spi=520&sun=null&sui=null&spt=%E9%97%AA%E8%BF%AA%EF%BC%88SanDisk%EF%BC%89Z400s%E7%B3%BB%E5%88%97%20%E5%9B%BA%E6%80%81%E7%A1%AC%E7%9B%98%20M.2%202280%E6%8E%A5%E5%8F%A3%20128G%20-%20%E5%9B%BA%E6%80%81%E7%A1%AC%E7%9B%98%20%E9%83%91%E5%B7%9E%E8%B5%9E%E7%A6%BE&sfv=22&sbi=chrome&platform=win&browser=50&ssc=1920x1080&scd=24-bit&sja=0
INFO: [ app_init ] --START--
INFO: Run Behavior\BuildLiteBehavior [ RunTime:0.000000s ]
INFO: [ app_init ] --END-- [ RunTime:0.000000s ]
INFO: [ app_begin ] --START--
INFO: Run Behavior\ReadHtmlCacheBehavior [ RunTime:0.000000s ]
INFO: [ app_begin ] --END-- [ RunTime:0.000000s ]
INFO: [ view_parse ] --START--
INFO: Run Behavior\ParseTemplateBehavior [ RunTime:0.000000s ]
INFO: [ view_parse ] --END-- [ RunTime:0.000000s ]
INFO: [ view_filter ] --START--
INFO: Run Behavior\WriteHtmlCacheBehavior [ RunTime:0.000000s ]
INFO: [ view_filter ] --END-- [ RunTime:0.000000s ]
INFO: [ app_end ] --START--
INFO: Run Behavior\ShowPageTraceBehavior [ RunTime:0.001000s ]
INFO: [ app_end ] --END-- [ RunTime:0.001000s ]

[ 2017-01-20T11:20:00+08:00 ] 127.0.0.1 /?&ssi=1680996634&spty=485-index&spi=null&sun=null&sui=null&spt=%E9%83%91%E5%B7%9E%E8%B5%9E%E7%A6%BE&sfv=22&sbi=chrome&platform=win&browser=50&ssc=1920x1080&scd=24-bit&sja=0
INFO: [ app_init ] --START--
INFO: Run Behavior\BuildLiteBehavior [ RunTime:0.000000s ]
INFO: [ app_init ] --END-- [ RunTime:0.000000s ]
INFO: [ app_begin ] --START--
INFO: Run Behavior\ReadHtmlCacheBehavior [ RunTime:0.000000s ]
INFO: [ app_begin ] --END-- [ RunTime:0.000000s ]
INFO: [ view_parse ] --START--
INFO: Run Behavior\ParseTemplateBehavior [ RunTime:0.000000s ]
INFO: [ view_parse ] --END-- [ RunTime:0.001000s ]
INFO: [ view_filter ] --START--
INFO: Run Behavior\WriteHtmlCacheBehavior [ RunTime:0.000000s ]
INFO: [ view_filter ] --END-- [ RunTime:0.000000s ]
INFO: [ app_end ] --START--
INFO: Run Behavior\ShowPageTraceBehavior [ RunTime:0.000000s ]
INFO: [ app_end ] --END-- [ RunTime:0.000000s ]

[ 2017-01-20T11:20:35+08:00 ] 127.0.0.1 /?&ssi=1680996634&spty=gallery_grid&spi=&sun=null&sui=null&spt=%E9%83%91%E5%B7%9E%E8%B5%9E%E7%A6%BE%20&gt;&gt;%20%E6%95%A3%E7%89%87CPU&sfv=22&sbi=chrome&platform=win&browser=50&ssc=1920x1080&scd=24-bit&sja=0
INFO: [ app_init ] --START--
INFO: Run Behavior\BuildLiteBehavior [ RunTime:0.000000s ]
INFO: [ app_init ] --END-- [ RunTime:0.000000s ]
INFO: [ app_begin ] --START--
INFO: Run Behavior\ReadHtmlCacheBehavior [ RunTime:0.000000s ]
INFO: [ app_begin ] --END-- [ RunTime:0.000000s ]
INFO: [ view_parse ] --START--
INFO: Run Behavior\ParseTemplateBehavior [ RunTime:0.001000s ]
INFO: [ view_parse ] --END-- [ RunTime:0.001000s ]
INFO: [ view_filter ] --START--
INFO: Run Behavior\WriteHtmlCacheBehavior [ RunTime:0.000000s ]
INFO: [ view_filter ] --END-- [ RunTime:0.000000s ]
INFO: [ app_end ] --START--
INFO: Run Behavior\ShowPageTraceBehavior [ RunTime:0.000000s ]
INFO: [ app_end ] --END-- [ RunTime:0.000000s ]

[ 2017-01-20T11:20:40+08:00 ] 127.0.0.1 /?&ssi=1680996634&spty=gallery_grid&spi=&sun=null&sui=null&spt=%E9%83%91%E5%B7%9E%E8%B5%9E%E7%A6%BE%20&gt;&gt;%20%E5%8E%9F%E5%B0%81CPU&sfv=22&sbi=chrome&platform=win&browser=50&ssc=1920x1080&scd=24-bit&sja=0
INFO: [ app_init ] --START--
INFO: Run Behavior\BuildLiteBehavior [ RunTime:0.000000s ]
INFO: [ app_init ] --END-- [ RunTime:0.000000s ]
INFO: [ app_begin ] --START--
INFO: Run Behavior\ReadHtmlCacheBehavior [ RunTime:0.000000s ]
INFO: [ app_begin ] --END-- [ RunTime:0.000000s ]
INFO: [ view_parse ] --START--
INFO: Run Behavior\ParseTemplateBehavior [ RunTime:0.001000s ]
INFO: [ view_parse ] --END-- [ RunTime:0.001000s ]
INFO: [ view_filter ] --START--
INFO: Run Behavior\WriteHtmlCacheBehavior [ RunTime:0.000000s ]
INFO: [ view_filter ] --END-- [ RunTime:0.000000s ]
INFO: [ app_end ] --START--
INFO: Run Behavior\ShowPageTraceBehavior [ RunTime:0.000000s ]
INFO: [ app_end ] --END-- [ RunTime:0.000000s ]

[ 2017-01-20T11:20:58+08:00 ] 127.0.0.1 /?&ssi=1680996634&spty=485-goodsdetail&spi=400&sun=null&sui=null&spt=%E8%8B%B1%E7%89%B9%E5%B0%94%EF%BC%88Intel)%E5%8E%9F%E5%B0%81%E7%9B%92%E8%A3%85%E9%85%B7%E7%9D%BF%E5%9B%9B%E6%A0%B8%20%E5%8F%B0%E5%BC%8F%E6%9C%BACPU%201151%E9%92%88%20I7-6700%20-%20%E5%8E%9F%E5%B0%81CPU%20%E9%83%91%E5%B7%9E%E8%B5%9E%E7%A6%BE&sfv=22&sbi=chrome&platform=win&browser=50&ssc=1920x1080&scd=24-bit&sja=0
INFO: [ app_init ] --START--
INFO: Run Behavior\BuildLiteBehavior [ RunTime:0.000000s ]
INFO: [ app_init ] --END-- [ RunTime:0.000000s ]
INFO: [ app_begin ] --START--
INFO: Run Behavior\ReadHtmlCacheBehavior [ RunTime:0.000000s ]
INFO: [ app_begin ] --END-- [ RunTime:0.000000s ]
INFO: [ view_parse ] --START--
INFO: Run Behavior\ParseTemplateBehavior [ RunTime:0.000000s ]
INFO: [ view_parse ] --END-- [ RunTime:0.000000s ]
INFO: [ view_filter ] --START--
INFO: Run Behavior\WriteHtmlCacheBehavior [ RunTime:0.000000s ]
INFO: [ view_filter ] --END-- [ RunTime:0.000000s ]
INFO: [ app_end ] --START--
INFO: Run Behavior\ShowPageTraceBehavior [ RunTime:0.001000s ]
INFO: [ app_end ] --END-- [ RunTime:0.001000s ]

[ 2017-01-20T11:20:59+08:00 ] 127.0.0.1 /?qzjgo=19%7C1%7C%E8%8B%B1%E7%89%B9%E5%B0%94%EF%BC%88Intel)%E5%8E%9F%E5%B0%81%E7%9B%92%E8%A3%85%E9%85%B7%E7%9D%BF%E5%9B%9B%E6%A0%B8%20%E5%8F%B0%E5%BC%8F%E6%9C%BACPU%201151%E9%92%88%20I7-6700%7C400%7C2699%7Chttp%3A%2F%2Fwww.hnzhkj.com%2Fimages%2Fgoods%2F20150831%2F095aabdd264cdbc2.jpg&ssi=1680996634&spty=485-goodsdetail&spi=400&sun=null&sui=null&spt=%E8%8B%B1%E7%89%B9%E5%B0%94%EF%BC%88Intel)%E5%8E%9F%E5%B0%81%E7%9B%92%E8%A3%85%E9%85%B7%E7%9D%BF%E5%9B%9B%E6%A0%B8%20%E5%8F%B0%E5%BC%8F%E6%9C%BACPU%201151%E9%92%88%20I7-6700%20-%20%E5%8E%9F%E5%B0%81CPU%20%E9%83%91%E5%B7%9E%E8%B5%9E%E7%A6%BE&sfv=22&sbi=chrome&platform=win&browser=50&ssc=1920x1080&scd=24-bit&sja=0
INFO: [ app_init ] --START--
INFO: Run Behavior\BuildLiteBehavior [ RunTime:0.000000s ]
INFO: [ app_init ] --END-- [ RunTime:0.000000s ]
INFO: [ app_begin ] --START--
INFO: Run Behavior\ReadHtmlCacheBehavior [ RunTime:0.000000s ]
INFO: [ app_begin ] --END-- [ RunTime:0.000000s ]
INFO: [ view_parse ] --START--
INFO: Run Behavior\ParseTemplateBehavior [ RunTime:0.001000s ]
INFO: [ view_parse ] --END-- [ RunTime:0.001000s ]
INFO: [ view_filter ] --START--
INFO: Run Behavior\WriteHtmlCacheBehavior [ RunTime:0.000000s ]
INFO: [ view_filter ] --END-- [ RunTime:0.000000s ]
INFO: [ app_end ] --START--
INFO: Run Behavior\ShowPageTraceBehavior [ RunTime:0.000000s ]
INFO: [ app_end ] --END-- [ RunTime:0.000000s ]

[ 2017-01-20T11:23:10+08:00 ] 127.0.0.1 /?&ssi=1680996634&spty=485-index&spi=null&sun=null&sui=null&spt=%E9%83%91%E5%B7%9E%E8%B5%9E%E7%A6%BE&sfv=22&sbi=chrome&platform=win&browser=50&ssc=1920x1080&scd=24-bit&sja=0
INFO: [ app_init ] --START--
INFO: Run Behavior\BuildLiteBehavior [ RunTime:0.000000s ]
INFO: [ app_init ] --END-- [ RunTime:0.000000s ]
INFO: [ app_begin ] --START--
INFO: Run Behavior\ReadHtmlCacheBehavior [ RunTime:0.001000s ]
INFO: [ app_begin ] --END-- [ RunTime:0.001000s ]
INFO: [ view_parse ] --START--
INFO: Run Behavior\ParseTemplateBehavior [ RunTime:0.000000s ]
INFO: [ view_parse ] --END-- [ RunTime:0.000000s ]
INFO: [ view_filter ] --START--
INFO: Run Behavior\WriteHtmlCacheBehavior [ RunTime:0.000000s ]
INFO: [ view_filter ] --END-- [ RunTime:0.000000s ]
INFO: [ app_end ] --START--
INFO: Run Behavior\ShowPageTraceBehavior [ RunTime:0.000000s ]
INFO: [ app_end ] --END-- [ RunTime:0.000000s ]

[ 2017-01-20T11:23:24+08:00 ] 127.0.0.1 /?&ssi=1680996634&spty=gallery_grid&spi=&sun=null&sui=null&spt=I7%20CPU%20&gt;&gt;%20%E9%85%B7%E7%9D%BFi7%E5%9B%9B%E4%BB%A3,%E9%85%B7%E7%9D%BFi7%E4%B8%89%E4%BB%A3,%E9%85%B7%E7%9D%BFi7%E4%BA%8C%E4%BB%A3,%E9%85%B7%E7%9D%BFi7,%E9%85%B7%E7%9D%BFi7%E5%85%AD%E4%BB%A3,%E9%85%B7%E7%9D%BFi7%E4%BA%94%E4%BB%A3&sfv=22&sbi=chrome&platform=win&browser=50&ssc=1920x1080&scd=24-bit&sja=0
INFO: [ app_init ] --START--
INFO: Run Behavior\BuildLiteBehavior [ RunTime:0.000000s ]
INFO: [ app_init ] --END-- [ RunTime:0.000000s ]
INFO: [ app_begin ] --START--
INFO: Run Behavior\ReadHtmlCacheBehavior [ RunTime:0.000000s ]
INFO: [ app_begin ] --END-- [ RunTime:0.000000s ]
INFO: [ view_parse ] --START--
INFO: Run Behavior\ParseTemplateBehavior [ RunTime:0.000000s ]
INFO: [ view_parse ] --END-- [ RunTime:0.000000s ]
INFO: [ view_filter ] --START--
INFO: Run Behavior\WriteHtmlCacheBehavior [ RunTime:0.000000s ]
INFO: [ view_filter ] --END-- [ RunTime:0.000000s ]
INFO: [ app_end ] --START--
INFO: Run Behavior\ShowPageTraceBehavior [ RunTime:0.000000s ]
INFO: [ app_end ] --END-- [ RunTime:0.000000s ]

[ 2017-01-20T11:23:26+08:00 ] 127.0.0.1 /?&ssi=1680996634&spty=485-goodsdetail&spi=500&sun=null&sui=null&spt=%E8%8B%B1%E7%89%B9%E5%B0%94%EF%BC%88Intel)%E6%95%A3%E7%89%87%20%E9%85%B7%E7%9D%BF%E5%9B%9B%E6%A0%B8%20%E5%8F%B0%E5%BC%8F%E6%9C%BACPU%201151%E9%92%88%20I7-6700%20-%20CPU%20%E9%83%91%E5%B7%9E%E8%B5%9E%E7%A6%BE&sfv=22&sbi=chrome&platform=win&browser=50&ssc=1920x1080&scd=24-bit&sja=0
INFO: [ app_init ] --START--
INFO: Run Behavior\BuildLiteBehavior [ RunTime:0.000000s ]
INFO: [ app_init ] --END-- [ RunTime:0.000000s ]
INFO: [ app_begin ] --START--
INFO: Run Behavior\ReadHtmlCacheBehavior [ RunTime:0.000000s ]
INFO: [ app_begin ] --END-- [ RunTime:0.000000s ]
INFO: [ view_parse ] --START--
INFO: Run Behavior\ParseTemplateBehavior [ RunTime:0.000000s ]
INFO: [ view_parse ] --END-- [ RunTime:0.000000s ]
INFO: [ view_filter ] --START--
INFO: Run Behavior\WriteHtmlCacheBehavior [ RunTime:0.000000s ]
INFO: [ view_filter ] --END-- [ RunTime:0.000000s ]
INFO: [ app_end ] --START--
INFO: Run Behavior\ShowPageTraceBehavior [ RunTime:0.000000s ]
INFO: [ app_end ] --END-- [ RunTime:0.000000s ]

[ 2017-01-20T11:23:27+08:00 ] 127.0.0.1 /?qzjgo=20%7C1%7C%E8%8B%B1%E7%89%B9%E5%B0%94%EF%BC%88Intel)%E6%95%A3%E7%89%87%20%20%20%E9%85%B7%E7%9D%BF%E5%9B%9B%E6%A0%B8%20%E5%8F%B0%E5%BC%8F%E6%9C%BACPU%201151%E9%92%88%20I7-6700%7C500%7C2215%7Chttp%3A%2F%2Fwww.hnzhkj.com%2Fimages%2Fgoods%2F20160919%2Fe943caba5dc1db78.jpg&ssi=1680996634&spty=485-goodsdetail&spi=500&sun=null&sui=null&spt=%E8%8B%B1%E7%89%B9%E5%B0%94%EF%BC%88Intel)%E6%95%A3%E7%89%87%20%E9%85%B7%E7%9D%BF%E5%9B%9B%E6%A0%B8%20%E5%8F%B0%E5%BC%8F%E6%9C%BACPU%201151%E9%92%88%20I7-6700%20-%20CPU%20%E9%83%91%E5%B7%9E%E8%B5%9E%E7%A6%BE&sfv=22&sbi=chrome&platform=win&browser=50&ssc=1920x1080&scd=24-bit&sja=0
INFO: [ app_init ] --START--
INFO: Run Behavior\BuildLiteBehavior [ RunTime:0.000000s ]
INFO: [ app_init ] --END-- [ RunTime:0.000000s ]
INFO: [ app_begin ] --START--
INFO: Run Behavior\ReadHtmlCacheBehavior [ RunTime:0.000000s ]
INFO: [ app_begin ] --END-- [ RunTime:0.001000s ]
INFO: [ view_parse ] --START--
INFO: Run Behavior\ParseTemplateBehavior [ RunTime:0.000000s ]
INFO: [ view_parse ] --END-- [ RunTime:0.000000s ]
INFO: [ view_filter ] --START--
INFO: Run Behavior\WriteHtmlCacheBehavior [ RunTime:0.000000s ]
INFO: [ view_filter ] --END-- [ RunTime:0.000000s ]
INFO: [ app_end ] --START--
INFO: Run Behavior\ShowPageTraceBehavior [ RunTime:0.001000s ]
INFO: [ app_end ] --END-- [ RunTime:0.001000s ]

[ 2017-01-20T11:23:28+08:00 ] 127.0.0.1 /?&ssi=1680996634&spty=cart_loginBuy&spi=&sun=null&sui=null&spt=%E7%94%A8%E6%88%B7%E7%99%BB%E9%99%86%E6%88%96%E6%B3%A8%E5%86%8C&sfv=22&sbi=chrome&platform=win&browser=50&ssc=1920x1080&scd=24-bit&sja=0
INFO: [ app_init ] --START--
INFO: Run Behavior\BuildLiteBehavior [ RunTime:0.000000s ]
INFO: [ app_init ] --END-- [ RunTime:0.000000s ]
INFO: [ app_begin ] --START--
INFO: Run Behavior\ReadHtmlCacheBehavior [ RunTime:0.001000s ]
INFO: [ app_begin ] --END-- [ RunTime:0.001000s ]
INFO: [ view_parse ] --START--
INFO: Run Behavior\ParseTemplateBehavior [ RunTime:0.000000s ]
INFO: [ view_parse ] --END-- [ RunTime:0.000000s ]
INFO: [ view_filter ] --START--
INFO: Run Behavior\WriteHtmlCacheBehavior [ RunTime:0.000000s ]
INFO: [ view_filter ] --END-- [ RunTime:0.000000s ]
INFO: [ app_end ] --START--
INFO: Run Behavior\ShowPageTraceBehavior [ RunTime:0.001001s ]
INFO: [ app_end ] --END-- [ RunTime:0.001001s ]

[ 2017-01-20T11:23:33+08:00 ] 127.0.0.1 /?&ssi=1680996634&spty=485-checkout&spi=null&sun=null&sui=null&spt=%E5%A1%AB%E5%86%99%E8%B4%AD%E7%89%A9%E4%BF%A1%E6%81%AF&sfv=22&sbi=chrome&platform=win&browser=50&ssc=1920x1080&scd=24-bit&sja=0
INFO: [ app_init ] --START--
INFO: Run Behavior\BuildLiteBehavior [ RunTime:0.000000s ]
INFO: [ app_init ] --END-- [ RunTime:0.000000s ]
INFO: [ app_begin ] --START--
INFO: Run Behavior\ReadHtmlCacheBehavior [ RunTime:0.001000s ]
INFO: [ app_begin ] --END-- [ RunTime:0.001000s ]
INFO: [ view_parse ] --START--
INFO: Run Behavior\ParseTemplateBehavior [ RunTime:0.000000s ]
INFO: [ view_parse ] --END-- [ RunTime:0.000000s ]
INFO: [ view_filter ] --START--
INFO: Run Behavior\WriteHtmlCacheBehavior [ RunTime:0.000000s ]
INFO: [ view_filter ] --END-- [ RunTime:0.000000s ]
INFO: [ app_end ] --START--
INFO: Run Behavior\ShowPageTraceBehavior [ RunTime:0.001000s ]
INFO: [ app_end ] --END-- [ RunTime:0.001000s ]

[ 2017-01-20T11:23:34+08:00 ] 127.0.0.1 /?qzjcag=500%7C%E8%8B%B1%E7%89%B9%E5%B0%94%EF%BC%88Intel)%E6%95%A3%E7%89%87%20%20%20%E9%85%B7%E7%9D%BF%E5%9B%9B%E6%A0%B8%20%E5%8F%B0%E5%BC%8F%E6%9C%BACPU%201151%E9%92%88%20I7-6700%7C2215.0%7C1&ssi=1680996634&spty=485-checkout&spi=null&sun=null&sui=null&spt=%E5%A1%AB%E5%86%99%E8%B4%AD%E7%89%A9%E4%BF%A1%E6%81%AF&sfv=22&sbi=chrome&platform=win&browser=50&ssc=1920x1080&scd=24-bit&sja=0
INFO: [ app_init ] --START--
INFO: Run Behavior\BuildLiteBehavior [ RunTime:0.000000s ]
INFO: [ app_init ] --END-- [ RunTime:0.000000s ]
INFO: [ app_begin ] --START--
INFO: Run Behavior\ReadHtmlCacheBehavior [ RunTime:0.000000s ]
INFO: [ app_begin ] --END-- [ RunTime:0.000000s ]
INFO: [ view_parse ] --START--
INFO: Run Behavior\ParseTemplateBehavior [ RunTime:0.000000s ]
INFO: [ view_parse ] --END-- [ RunTime:0.000000s ]
INFO: [ view_filter ] --START--
INFO: Run Behavior\WriteHtmlCacheBehavior [ RunTime:0.000000s ]
INFO: [ view_filter ] --END-- [ RunTime:0.000000s ]
INFO: [ app_end ] --START--
INFO: Run Behavior\ShowPageTraceBehavior [ RunTime:0.000000s ]
INFO: [ app_end ] --END-- [ RunTime:0.000000s ]

[ 2017-01-20T11:23:45+08:00 ] 127.0.0.1 /?&ssi=1680996634&spty=cart_shipping&spi=&sun=null&sui=null&spt=%E5%A1%AB%E5%86%99%E8%B4%AD%E7%89%A9%E4%BF%A1%E6%81%AF&sfv=22&sbi=chrome&platform=win&browser=50&ssc=1920x1080&scd=24-bit&sja=0
INFO: [ app_init ] --START--
INFO: Run Behavior\BuildLiteBehavior [ RunTime:0.000000s ]
INFO: [ app_init ] --END-- [ RunTime:0.000000s ]
INFO: [ app_begin ] --START--
INFO: Run Behavior\ReadHtmlCacheBehavior [ RunTime:0.000000s ]
INFO: [ app_begin ] --END-- [ RunTime:0.000000s ]
INFO: [ view_parse ] --START--
INFO: Run Behavior\ParseTemplateBehavior [ RunTime:0.000000s ]
INFO: [ view_parse ] --END-- [ RunTime:0.000000s ]
INFO: [ view_filter ] --START--
INFO: Run Behavior\WriteHtmlCacheBehavior [ RunTime:0.001000s ]
INFO: [ view_filter ] --END-- [ RunTime:0.001000s ]
INFO: [ app_end ] --START--
INFO: Run Behavior\ShowPageTraceBehavior [ RunTime:0.000000s ]
INFO: [ app_end ] --END-- [ RunTime:0.000000s ]

[ 2017-01-20T11:24:01+08:00 ] 127.0.0.1 /?&ssi=1680996634&spty=cart_shipping&spi=&sun=null&sui=null&spt=%E5%A1%AB%E5%86%99%E8%B4%AD%E7%89%A9%E4%BF%A1%E6%81%AF&sfv=22&sbi=chrome&platform=win&browser=50&ssc=1920x1080&scd=24-bit&sja=0
INFO: [ app_init ] --START--
INFO: Run Behavior\BuildLiteBehavior [ RunTime:0.000000s ]
INFO: [ app_init ] --END-- [ RunTime:0.000000s ]
INFO: [ app_begin ] --START--
INFO: Run Behavior\ReadHtmlCacheBehavior [ RunTime:0.000000s ]
INFO: [ app_begin ] --END-- [ RunTime:0.000000s ]
INFO: [ view_parse ] --START--
INFO: Run Behavior\ParseTemplateBehavior [ RunTime:0.000000s ]
INFO: [ view_parse ] --END-- [ RunTime:0.001000s ]
INFO: [ view_filter ] --START--
INFO: Run Behavior\WriteHtmlCacheBehavior [ RunTime:0.000000s ]
INFO: [ view_filter ] --END-- [ RunTime:0.000000s ]
INFO: [ app_end ] --START--
INFO: Run Behavior\ShowPageTraceBehavior [ RunTime:0.000000s ]
INFO: [ app_end ] --END-- [ RunTime:0.000000s ]

[ 2017-01-20T11:25:31+08:00 ] 127.0.0.1 /?&ssi=1680996634&spty=gallery_grid&spi=&sun=null&sui=null&spt=I7%20CPU%20&gt;&gt;%20%E9%85%B7%E7%9D%BFi7%E5%85%AD%E4%BB%A3&sfv=22&sbi=chrome&platform=win&browser=50&ssc=1920x1080&scd=24-bit&sja=0
INFO: [ app_init ] --START--
INFO: Run Behavior\BuildLiteBehavior [ RunTime:0.000000s ]
INFO: [ app_init ] --END-- [ RunTime:0.000000s ]
INFO: [ app_begin ] --START--
INFO: Run Behavior\ReadHtmlCacheBehavior [ RunTime:0.001000s ]
INFO: [ app_begin ] --END-- [ RunTime:0.001000s ]
INFO: [ view_parse ] --START--
INFO: Run Behavior\ParseTemplateBehavior [ RunTime:0.000000s ]
INFO: [ view_parse ] --END-- [ RunTime:0.000000s ]
INFO: [ view_filter ] --START--
INFO: Run Behavior\WriteHtmlCacheBehavior [ RunTime:0.000000s ]
INFO: [ view_filter ] --END-- [ RunTime:0.001001s ]
INFO: [ app_end ] --START--
INFO: Run Behavior\ShowPageTraceBehavior [ RunTime:0.000000s ]
INFO: [ app_end ] --END-- [ RunTime:0.000000s ]

[ 2017-01-20T11:25:42+08:00 ] 127.0.0.1 /?&ssi=1680996634&spty=485-goodsdetail&spi=500&sun=null&sui=null&spt=%E8%8B%B1%E7%89%B9%E5%B0%94%EF%BC%88Intel)%E6%95%A3%E7%89%87%20%E9%85%B7%E7%9D%BF%E5%9B%9B%E6%A0%B8%20%E5%8F%B0%E5%BC%8F%E6%9C%BACPU%201151%E9%92%88%20I7-6700%20-%20CPU%20%E9%83%91%E5%B7%9E%E8%B5%9E%E7%A6%BE&sfv=22&sbi=chrome&platform=win&browser=50&ssc=1920x1080&scd=24-bit&sja=0
INFO: [ app_init ] --START--
INFO: Run Behavior\BuildLiteBehavior [ RunTime:0.000000s ]
INFO: [ app_init ] --END-- [ RunTime:0.000000s ]
INFO: [ app_begin ] --START--
INFO: Run Behavior\ReadHtmlCacheBehavior [ RunTime:0.000000s ]
INFO: [ app_begin ] --END-- [ RunTime:0.000000s ]
INFO: [ view_parse ] --START--
INFO: Run Behavior\ParseTemplateBehavior [ RunTime:0.000000s ]
INFO: [ view_parse ] --END-- [ RunTime:0.000000s ]
INFO: [ view_filter ] --START--
INFO: Run Behavior\WriteHtmlCacheBehavior [ RunTime:0.000000s ]
INFO: [ view_filter ] --END-- [ RunTime:0.000000s ]
INFO: [ app_end ] --START--
INFO: Run Behavior\ShowPageTraceBehavior [ RunTime:0.000000s ]
INFO: [ app_end ] --END-- [ RunTime:0.000000s ]

[ 2017-01-20T11:25:43+08:00 ] 127.0.0.1 /?qzjgo=20%7C1%7C%E8%8B%B1%E7%89%B9%E5%B0%94%EF%BC%88Intel)%E6%95%A3%E7%89%87%20%20%20%E9%85%B7%E7%9D%BF%E5%9B%9B%E6%A0%B8%20%E5%8F%B0%E5%BC%8F%E6%9C%BACPU%201151%E9%92%88%20I7-6700%7C500%7C2215%7Chttp%3A%2F%2Fwww.hnzhkj.com%2Fimages%2Fgoods%2F20160919%2Fe943caba5dc1db78.jpg&ssi=1680996634&spty=485-goodsdetail&spi=500&sun=null&sui=null&spt=%E8%8B%B1%E7%89%B9%E5%B0%94%EF%BC%88Intel)%E6%95%A3%E7%89%87%20%E9%85%B7%E7%9D%BF%E5%9B%9B%E6%A0%B8%20%E5%8F%B0%E5%BC%8F%E6%9C%BACPU%201151%E9%92%88%20I7-6700%20-%20CPU%20%E9%83%91%E5%B7%9E%E8%B5%9E%E7%A6%BE&sfv=22&sbi=chrome&platform=win&browser=50&ssc=1920x1080&scd=24-bit&sja=0
INFO: [ app_init ] --START--
INFO: Run Behavior\BuildLiteBehavior [ RunTime:0.000000s ]
INFO: [ app_init ] --END-- [ RunTime:0.000000s ]
INFO: [ app_begin ] --START--
INFO: Run Behavior\ReadHtmlCacheBehavior [ RunTime:0.001000s ]
INFO: [ app_begin ] --END-- [ RunTime:0.001000s ]
INFO: [ view_parse ] --START--
INFO: Run Behavior\ParseTemplateBehavior [ RunTime:0.000000s ]
INFO: [ view_parse ] --END-- [ RunTime:0.000000s ]
INFO: [ view_filter ] --START--
INFO: Run Behavior\WriteHtmlCacheBehavior [ RunTime:0.000000s ]
INFO: [ view_filter ] --END-- [ RunTime:0.000000s ]
INFO: [ app_end ] --START--
INFO: Run Behavior\ShowPageTraceBehavior [ RunTime:0.001000s ]
INFO: [ app_end ] --END-- [ RunTime:0.001000s ]

[ 2017-01-20T11:25:56+08:00 ] 127.0.0.1 /?&ssi=1680996634&spty=gallery_grid&spi=&sun=null&sui=null&spt=I7%20CPU%20&gt;&gt;%20%E9%85%B7%E7%9D%BFi7%E5%9B%9B%E4%BB%A3,%E9%85%B7%E7%9D%BFi7%E4%B8%89%E4%BB%A3,%E9%85%B7%E7%9D%BFi7%E4%BA%8C%E4%BB%A3,%E9%85%B7%E7%9D%BFi7,%E9%85%B7%E7%9D%BFi7%E5%85%AD%E4%BB%A3,%E9%85%B7%E7%9D%BFi7%E4%BA%94%E4%BB%A3&sfv=22&sbi=chrome&platform=win&browser=50&ssc=1920x1080&scd=24-bit&sja=0
INFO: [ app_init ] --START--
INFO: Run Behavior\BuildLiteBehavior [ RunTime:0.000000s ]
INFO: [ app_init ] --END-- [ RunTime:0.001000s ]
INFO: [ app_begin ] --START--
INFO: Run Behavior\ReadHtmlCacheBehavior [ RunTime:0.000000s ]
INFO: [ app_begin ] --END-- [ RunTime:0.000000s ]
INFO: [ view_parse ] --START--
INFO: Run Behavior\ParseTemplateBehavior [ RunTime:0.001000s ]
INFO: [ view_parse ] --END-- [ RunTime:0.001000s ]
INFO: [ view_filter ] --START--
INFO: Run Behavior\WriteHtmlCacheBehavior [ RunTime:0.000000s ]
INFO: [ view_filter ] --END-- [ RunTime:0.000000s ]
INFO: [ app_end ] --START--
INFO: Run Behavior\ShowPageTraceBehavior [ RunTime:0.000000s ]
INFO: [ app_end ] --END-- [ RunTime:0.000000s ]

[ 2017-01-20T11:25:57+08:00 ] 127.0.0.1 /?&ssi=1680996634&spty=gallery_grid&spi=&sun=null&sui=null&spt=I7%20CPU%20&gt;&gt;%20%E9%85%B7%E7%9D%BFi7%E5%85%AD%E4%BB%A3&sfv=22&sbi=chrome&platform=win&browser=50&ssc=1920x1080&scd=24-bit&sja=0
INFO: [ app_init ] --START--
INFO: Run Behavior\BuildLiteBehavior [ RunTime:0.000000s ]
INFO: [ app_init ] --END-- [ RunTime:0.000000s ]
INFO: [ app_begin ] --START--
INFO: Run Behavior\ReadHtmlCacheBehavior [ RunTime:0.000000s ]
INFO: [ app_begin ] --END-- [ RunTime:0.000000s ]
INFO: [ view_parse ] --START--
INFO: Run Behavior\ParseTemplateBehavior [ RunTime:0.000000s ]
INFO: [ view_parse ] --END-- [ RunTime:0.000000s ]
INFO: [ view_filter ] --START--
INFO: Run Behavior\WriteHtmlCacheBehavior [ RunTime:0.001000s ]
INFO: [ view_filter ] --END-- [ RunTime:0.001000s ]
INFO: [ app_end ] --START--
INFO: Run Behavior\ShowPageTraceBehavior [ RunTime:0.000000s ]
INFO: [ app_end ] --END-- [ RunTime:0.000000s ]

[ 2017-01-20T11:26:00+08:00 ] 127.0.0.1 /?&ssi=1680996634&spty=gallery_grid&spi=&sun=null&sui=null&spt=I7%20CPU%20&gt;&gt;%20%E9%85%B7%E7%9D%BFi7%E4%B8%89%E4%BB%A3&sfv=22&sbi=chrome&platform=win&browser=50&ssc=1920x1080&scd=24-bit&sja=0
INFO: [ app_init ] --START--
INFO: Run Behavior\BuildLiteBehavior [ RunTime:0.000000s ]
INFO: [ app_init ] --END-- [ RunTime:0.001000s ]
INFO: [ app_begin ] --START--
INFO: Run Behavior\ReadHtmlCacheBehavior [ RunTime:0.000000s ]
INFO: [ app_begin ] --END-- [ RunTime:0.000000s ]
INFO: [ view_parse ] --START--
INFO: Run Behavior\ParseTemplateBehavior [ RunTime:0.000000s ]
INFO: [ view_parse ] --END-- [ RunTime:0.000000s ]
INFO: [ view_filter ] --START--
INFO: Run Behavior\WriteHtmlCacheBehavior [ RunTime:0.000000s ]
INFO: [ view_filter ] --END-- [ RunTime:0.000000s ]
INFO: [ app_end ] --START--
INFO: Run Behavior\ShowPageTraceBehavior [ RunTime:0.001000s ]
INFO: [ app_end ] --END-- [ RunTime:0.001000s ]

[ 2017-01-20T11:26:03+08:00 ] 127.0.0.1 /?&ssi=1680996634&spty=gallery_grid&spi=&sun=null&sui=null&spt=I7%20CPU%20&gt;&gt;%20%E9%85%B7%E7%9D%BFi7%E5%9B%9B%E4%BB%A3&sfv=22&sbi=chrome&platform=win&browser=50&ssc=1920x1080&scd=24-bit&sja=0
INFO: [ app_init ] --START--
INFO: Run Behavior\BuildLiteBehavior [ RunTime:0.000000s ]
INFO: [ app_init ] --END-- [ RunTime:0.000000s ]
INFO: [ app_begin ] --START--
INFO: Run Behavior\ReadHtmlCacheBehavior [ RunTime:0.000000s ]
INFO: [ app_begin ] --END-- [ RunTime:0.000000s ]
INFO: [ view_parse ] --START--
INFO: Run Behavior\ParseTemplateBehavior [ RunTime:0.000000s ]
INFO: [ view_parse ] --END-- [ RunTime:0.001000s ]
INFO: [ view_filter ] --START--
INFO: Run Behavior\WriteHtmlCacheBehavior [ RunTime:0.000000s ]
INFO: [ view_filter ] --END-- [ RunTime:0.000000s ]
INFO: [ app_end ] --START--
INFO: Run Behavior\ShowPageTraceBehavior [ RunTime:0.000000s ]
INFO: [ app_end ] --END-- [ RunTime:0.000000s ]

[ 2017-01-20T11:26:07+08:00 ] 127.0.0.1 /?&ssi=1680996634&spty=gallery_grid&spi=&sun=null&sui=null&spt=I7%20CPU%20&gt;&gt;%20%E9%85%B7%E7%9D%BFi7%E5%85%AD%E4%BB%A3&sfv=22&sbi=chrome&platform=win&browser=50&ssc=1920x1080&scd=24-bit&sja=0
INFO: [ app_init ] --START--
INFO: Run Behavior\BuildLiteBehavior [ RunTime:0.000000s ]
INFO: [ app_init ] --END-- [ RunTime:0.001001s ]
INFO: [ app_begin ] --START--
INFO: Run Behavior\ReadHtmlCacheBehavior [ RunTime:0.000000s ]
INFO: [ app_begin ] --END-- [ RunTime:0.000000s ]
INFO: [ view_parse ] --START--
INFO: Run Behavior\ParseTemplateBehavior [ RunTime:0.000000s ]
INFO: [ view_parse ] --END-- [ RunTime:0.000000s ]
INFO: [ view_filter ] --START--
INFO: Run Behavior\WriteHtmlCacheBehavior [ RunTime:0.000000s ]
INFO: [ view_filter ] --END-- [ RunTime:0.000000s ]
INFO: [ app_end ] --START--
INFO: Run Behavior\ShowPageTraceBehavior [ RunTime:0.000000s ]
INFO: [ app_end ] --END-- [ RunTime:0.000000s ]

[ 2017-01-20T11:26:24+08:00 ] 127.0.0.1 /?&ssi=1680996634&spty=485-giftlist&spi=null&sun=null&sui=null&spt=%E8%B5%A0%E5%93%81&sfv=22&sbi=chrome&platform=win&browser=50&ssc=1920x1080&scd=24-bit&sja=0
INFO: [ app_init ] --START--
INFO: Run Behavior\BuildLiteBehavior [ RunTime:0.000000s ]
INFO: [ app_init ] --END-- [ RunTime:0.000000s ]
INFO: [ app_begin ] --START--
INFO: Run Behavior\ReadHtmlCacheBehavior [ RunTime:0.000000s ]
INFO: [ app_begin ] --END-- [ RunTime:0.000000s ]
INFO: [ view_parse ] --START--
INFO: Run Behavior\ParseTemplateBehavior [ RunTime:0.001000s ]
INFO: [ view_parse ] --END-- [ RunTime:0.001000s ]
INFO: [ view_filter ] --START--
INFO: Run Behavior\WriteHtmlCacheBehavior [ RunTime:0.000000s ]
INFO: [ view_filter ] --END-- [ RunTime:0.000000s ]
INFO: [ app_end ] --START--
INFO: Run Behavior\ShowPageTraceBehavior [ RunTime:0.000000s ]
INFO: [ app_end ] --END-- [ RunTime:0.000000s ]

[ 2017-01-20T11:26:26+08:00 ] 127.0.0.1 /?&ssi=1680996634&spty=485-register&spi=null&sun=null&sui=null&spt=%E7%94%A8%E6%88%B7%E6%B3%A8%E5%86%8C&sfv=22&sbi=chrome&platform=win&browser=50&ssc=1920x1080&scd=24-bit&sja=0
INFO: [ app_init ] --START--
INFO: Run Behavior\BuildLiteBehavior [ RunTime:0.000000s ]
INFO: [ app_init ] --END-- [ RunTime:0.000000s ]
INFO: [ app_begin ] --START--
INFO: Run Behavior\ReadHtmlCacheBehavior [ RunTime:0.001000s ]
INFO: [ app_begin ] --END-- [ RunTime:0.001000s ]
INFO: [ view_parse ] --START--
INFO: Run Behavior\ParseTemplateBehavior [ RunTime:0.000000s ]
INFO: [ view_parse ] --END-- [ RunTime:0.000000s ]
INFO: [ view_filter ] --START--
INFO: Run Behavior\WriteHtmlCacheBehavior [ RunTime:0.000000s ]
INFO: [ view_filter ] --END-- [ RunTime:0.000000s ]
INFO: [ app_end ] --START--
INFO: Run Behavior\ShowPageTraceBehavior [ RunTime:0.001000s ]
INFO: [ app_end ] --END-- [ RunTime:0.001000s ]

[ 2017-01-20T11:26:38+08:00 ] 127.0.0.1 /?&ssi=1680996634&spty=485-index&spi=null&sun=null&sui=null&spt=%E9%83%91%E5%B7%9E%E8%B5%9E%E7%A6%BE&sfv=22&sbi=chrome&platform=win&browser=50&ssc=1920x1080&scd=24-bit&sja=0
INFO: [ app_init ] --START--
INFO: Run Behavior\BuildLiteBehavior [ RunTime:0.000000s ]
INFO: [ app_init ] --END-- [ RunTime:0.000000s ]
INFO: [ app_begin ] --START--
INFO: Run Behavior\ReadHtmlCacheBehavior [ RunTime:0.000000s ]
INFO: [ app_begin ] --END-- [ RunTime:0.000000s ]
INFO: [ view_parse ] --START--
INFO: Run Behavior\ParseTemplateBehavior [ RunTime:0.001000s ]
INFO: [ view_parse ] --END-- [ RunTime:0.001000s ]
INFO: [ view_filter ] --START--
INFO: Run Behavior\WriteHtmlCacheBehavior [ RunTime:0.000000s ]
INFO: [ view_filter ] --END-- [ RunTime:0.000000s ]
INFO: [ app_end ] --START--
INFO: Run Behavior\ShowPageTraceBehavior [ RunTime:0.000000s ]
INFO: [ app_end ] --END-- [ RunTime:0.000000s ]

[ 2017-01-20T11:26:46+08:00 ] 127.0.0.1 /?&ssi=1680996634&spty=gallery_grid&spi=&sun=null&sui=null&spt=1TB%E6%9C%BA%E6%A2%B0%E7%A1%AC%E7%9B%98&sfv=22&sbi=chrome&platform=win&browser=50&ssc=1920x1080&scd=24-bit&sja=0
INFO: [ app_init ] --START--
INFO: Run Behavior\BuildLiteBehavior [ RunTime:0.000000s ]
INFO: [ app_init ] --END-- [ RunTime:0.000000s ]
INFO: [ app_begin ] --START--
INFO: Run Behavior\ReadHtmlCacheBehavior [ RunTime:0.000000s ]
INFO: [ app_begin ] --END-- [ RunTime:0.000000s ]
INFO: [ view_parse ] --START--
INFO: Run Behavior\ParseTemplateBehavior [ RunTime:0.000000s ]
INFO: [ view_parse ] --END-- [ RunTime:0.000000s ]
INFO: [ view_filter ] --START--
INFO: Run Behavior\WriteHtmlCacheBehavior [ RunTime:0.000000s ]
INFO: [ view_filter ] --END-- [ RunTime:0.000000s ]
INFO: [ app_end ] --START--
INFO: Run Behavior\ShowPageTraceBehavior [ RunTime:0.000000s ]
INFO: [ app_end ] --END-- [ RunTime:0.000000s ]

[ 2017-01-20T11:26:50+08:00 ] 127.0.0.1 /?&ssi=1680996634&spty=485-index&spi=null&sun=null&sui=null&spt=%E9%83%91%E5%B7%9E%E8%B5%9E%E7%A6%BE&sfv=22&sbi=chrome&platform=win&browser=50&ssc=1920x1080&scd=24-bit&sja=0
INFO: [ app_init ] --START--
INFO: Run Behavior\BuildLiteBehavior [ RunTime:0.000000s ]
INFO: [ app_init ] --END-- [ RunTime:0.001000s ]
INFO: [ app_begin ] --START--
INFO: Run Behavior\ReadHtmlCacheBehavior [ RunTime:0.000000s ]
INFO: [ app_begin ] --END-- [ RunTime:0.000000s ]
INFO: [ view_parse ] --START--
INFO: Run Behavior\ParseTemplateBehavior [ RunTime:0.000000s ]
INFO: [ view_parse ] --END-- [ RunTime:0.000000s ]
INFO: [ view_filter ] --START--
INFO: Run Behavior\WriteHtmlCacheBehavior [ RunTime:0.000000s ]
INFO: [ view_filter ] --END-- [ RunTime:0.000000s ]
INFO: [ app_end ] --START--
INFO: Run Behavior\ShowPageTraceBehavior [ RunTime:0.000000s ]
INFO: [ app_end ] --END-- [ RunTime:0.000000s ]

[ 2017-01-20T11:26:53+08:00 ] 127.0.0.1 /?&ssi=1680996634&spty=gallery_grid&spi=&sun=null&sui=null&spt=%E6%9C%BA%E6%A2%B0%E7%A1%AC%E7%9B%98&sfv=22&sbi=chrome&platform=win&browser=50&ssc=1920x1080&scd=24-bit&sja=0
INFO: [ app_init ] --START--
INFO: Run Behavior\BuildLiteBehavior [ RunTime:0.000000s ]
INFO: [ app_init ] --END-- [ RunTime:0.001000s ]
INFO: [ app_begin ] --START--
INFO: Run Behavior\ReadHtmlCacheBehavior [ RunTime:0.000000s ]
INFO: [ app_begin ] --END-- [ RunTime:0.000000s ]
INFO: [ view_parse ] --START--
INFO: Run Behavior\ParseTemplateBehavior [ RunTime:0.000000s ]
INFO: [ view_parse ] --END-- [ RunTime:0.000000s ]
INFO: [ view_filter ] --START--
INFO: Run Behavior\WriteHtmlCacheBehavior [ RunTime:0.000000s ]
INFO: [ view_filter ] --END-- [ RunTime:0.000000s ]
INFO: [ app_end ] --START--
INFO: Run Behavior\ShowPageTraceBehavior [ RunTime:0.000000s ]
INFO: [ app_end ] --END-- [ RunTime:0.000000s ]

[ 2017-01-20T11:26:55+08:00 ] 127.0.0.1 /?&ssi=1680996634&spty=485-index&spi=null&sun=null&sui=null&spt=%E9%83%91%E5%B7%9E%E8%B5%9E%E7%A6%BE&sfv=22&sbi=chrome&platform=win&browser=50&ssc=1920x1080&scd=24-bit&sja=0
INFO: [ app_init ] --START--
INFO: Run Behavior\BuildLiteBehavior [ RunTime:0.000000s ]
INFO: [ app_init ] --END-- [ RunTime:0.000000s ]
INFO: [ app_begin ] --START--
INFO: Run Behavior\ReadHtmlCacheBehavior [ RunTime:0.000000s ]
INFO: [ app_begin ] --END-- [ RunTime:0.000000s ]
INFO: [ view_parse ] --START--
INFO: Run Behavior\ParseTemplateBehavior [ RunTime:0.000000s ]
INFO: [ view_parse ] --END-- [ RunTime:0.000000s ]
INFO: [ view_filter ] --START--
INFO: Run Behavior\WriteHtmlCacheBehavior [ RunTime:0.000000s ]
INFO: [ view_filter ] --END-- [ RunTime:0.000000s ]
INFO: [ app_end ] --START--
INFO: Run Behavior\ShowPageTraceBehavior [ RunTime:0.000000s ]
INFO: [ app_end ] --END-- [ RunTime:0.000000s ]

[ 2017-01-20T11:26:57+08:00 ] 127.0.0.1 /?&ssi=1680996634&spty=gallery_grid&spi=&sun=null&sui=null&spt=%E6%95%B0%E7%A0%81%E9%85%8D%E4%BB%B6&sfv=22&sbi=chrome&platform=win&browser=50&ssc=1920x1080&scd=24-bit&sja=0
INFO: [ app_init ] --START--
INFO: Run Behavior\BuildLiteBehavior [ RunTime:0.000000s ]
INFO: [ app_init ] --END-- [ RunTime:0.000000s ]
INFO: [ app_begin ] --START--
INFO: Run Behavior\ReadHtmlCacheBehavior [ RunTime:0.001000s ]
INFO: [ app_begin ] --END-- [ RunTime:0.001000s ]
INFO: [ view_parse ] --START--
INFO: Run Behavior\ParseTemplateBehavior [ RunTime:0.000000s ]
INFO: [ view_parse ] --END-- [ RunTime:0.000000s ]
INFO: [ view_filter ] --START--
INFO: Run Behavior\WriteHtmlCacheBehavior [ RunTime:0.000000s ]
INFO: [ view_filter ] --END-- [ RunTime:0.000000s ]
INFO: [ app_end ] --START--
INFO: Run Behavior\ShowPageTraceBehavior [ RunTime:0.001000s ]
INFO: [ app_end ] --END-- [ RunTime:0.001000s ]

[ 2017-01-20T11:27:44+08:00 ] 127.0.0.1 /?&ssi=1680996634&spty=485-index&spi=null&sun=null&sui=null&spt=%E9%83%91%E5%B7%9E%E8%B5%9E%E7%A6%BE&sfv=22&sbi=chrome&platform=win&browser=50&ssc=1920x1080&scd=24-bit&sja=0
INFO: [ app_init ] --START--
INFO: Run Behavior\BuildLiteBehavior [ RunTime:0.000000s ]
INFO: [ app_init ] --END-- [ RunTime:0.000000s ]
INFO: [ app_begin ] --START--
INFO: Run Behavior\ReadHtmlCacheBehavior [ RunTime:0.000000s ]
INFO: [ app_begin ] --END-- [ RunTime:0.000000s ]
INFO: [ view_parse ] --START--
INFO: Run Behavior\ParseTemplateBehavior [ RunTime:0.000000s ]
INFO: [ view_parse ] --END-- [ RunTime:0.000000s ]
INFO: [ view_filter ] --START--
INFO: Run Behavior\WriteHtmlCacheBehavior [ RunTime:0.000000s ]
INFO: [ view_filter ] --END-- [ RunTime:0.000000s ]
INFO: [ app_end ] --START--
INFO: Run Behavior\ShowPageTraceBehavior [ RunTime:0.001000s ]
INFO: [ app_end ] --END-- [ RunTime:0.001000s ]

[ 2017-01-20T11:27:54+08:00 ] 127.0.0.1 /?&ssi=1680996634&spty=gallery_grid&spi=&sun=null&sui=null&spt=%E6%89%80%E6%9C%89%E5%86%85%E5%AD%98&sfv=22&sbi=chrome&platform=win&browser=50&ssc=1920x1080&scd=24-bit&sja=0
INFO: [ app_init ] --START--
INFO: Run Behavior\BuildLiteBehavior [ RunTime:0.000000s ]
INFO: [ app_init ] --END-- [ RunTime:0.001000s ]
INFO: [ app_begin ] --START--
INFO: Run Behavior\ReadHtmlCacheBehavior [ RunTime:0.000000s ]
INFO: [ app_begin ] --END-- [ RunTime:0.000000s ]
INFO: [ view_parse ] --START--
INFO: Run Behavior\ParseTemplateBehavior [ RunTime:0.000000s ]
INFO: [ view_parse ] --END-- [ RunTime:0.000000s ]
INFO: [ view_filter ] --START--
INFO: Run Behavior\WriteHtmlCacheBehavior [ RunTime:0.000000s ]
INFO: [ view_filter ] --END-- [ RunTime:0.000000s ]
INFO: [ app_end ] --START--
INFO: Run Behavior\ShowPageTraceBehavior [ RunTime:0.000000s ]
INFO: [ app_end ] --END-- [ RunTime:0.000000s ]

[ 2017-01-20T11:27:57+08:00 ] 127.0.0.1 /?&ssi=1680996634&spty=gallery_grid&spi=&sun=null&sui=null&spt=8GB%E5%86%85%E5%AD%98%20&gt;&gt;%20%E5%8D%95%E6%9D%A18GB,%E5%A5%97%E8%A3%852x4GB&sfv=22&sbi=chrome&platform=win&browser=50&ssc=1920x1080&scd=24-bit&sja=0
INFO: [ app_init ] --START--
INFO: Run Behavior\BuildLiteBehavior [ RunTime:0.000000s ]
INFO: [ app_init ] --END-- [ RunTime:0.001000s ]
INFO: [ app_begin ] --START--
INFO: Run Behavior\ReadHtmlCacheBehavior [ RunTime:0.001000s ]
INFO: [ app_begin ] --END-- [ RunTime:0.001000s ]
INFO: [ view_parse ] --START--
INFO: Run Behavior\ParseTemplateBehavior [ RunTime:0.000000s ]
INFO: [ view_parse ] --END-- [ RunTime:0.000000s ]
INFO: [ view_filter ] --START--
INFO: Run Behavior\WriteHtmlCacheBehavior [ RunTime:0.000000s ]
INFO: [ view_filter ] --END-- [ RunTime:0.000000s ]
INFO: [ app_end ] --START--
INFO: Run Behavior\ShowPageTraceBehavior [ RunTime:0.000000s ]
INFO: [ app_end ] --END-- [ RunTime:0.000000s ]

[ 2017-01-20T11:28:19+08:00 ] 127.0.0.1 /?&ssi=1680996634&spty=485-goodsdetail&spi=515&sun=null&sui=null&spt=%E9%87%91%E5%A3%AB%E9%A1%BF(Kingston)%E5%8F%B0%E5%BC%8F%E6%9C%BA%E5%86%85%E5%AD%98%20%E9%AA%87%E5%AE%A2%E7%A5%9E%E6%9D%A1Fury%E7%B3%BB%E5%88%97%20DDR4%202400%208G%20-%20%E5%86%85%E5%AD%98%20%E9%83%91%E5%B7%9E%E8%B5%9E%E7%A6%BE&sfv=22&sbi=chrome&platform=win&browser=50&ssc=1920x1080&scd=24-bit&sja=0
INFO: [ app_init ] --START--
INFO: Run Behavior\BuildLiteBehavior [ RunTime:0.000000s ]
INFO: [ app_init ] --END-- [ RunTime:0.000000s ]
INFO: [ app_begin ] --START--
INFO: Run Behavior\ReadHtmlCacheBehavior [ RunTime:0.001000s ]
INFO: [ app_begin ] --END-- [ RunTime:0.001000s ]
INFO: [ view_parse ] --START--
INFO: Run Behavior\ParseTemplateBehavior [ RunTime:0.000000s ]
INFO: [ view_parse ] --END-- [ RunTime:0.000000s ]
INFO: [ view_filter ] --START--
INFO: Run Behavior\WriteHtmlCacheBehavior [ RunTime:0.000000s ]
INFO: [ view_filter ] --END-- [ RunTime:0.000000s ]
INFO: [ app_end ] --START--
INFO: Run Behavior\ShowPageTraceBehavior [ RunTime:0.000000s ]
INFO: [ app_end ] --END-- [ RunTime:0.000000s ]

[ 2017-01-20T11:28:20+08:00 ] 127.0.0.1 /?qzjgo=2%7C3%7C%E9%87%91%E5%A3%AB%E9%A1%BF(Kingston)%E5%8F%B0%E5%BC%8F%E6%9C%BA%E5%86%85%E5%AD%98%20%20%E9%AA%87%E5%AE%A2%E7%A5%9E%E6%9D%A1Fury%E7%B3%BB%E5%88%97%20%20DDR4%20%202400%20%20%20%208G%7C515%7C435%7Chttp%3A%2F%2Fwww.hnzhkj.com%2Fimages%2Fgoods%2F20160928%2F2e4ae1c91e4214cc.jpg&ssi=1680996634&spty=485-goodsdetail&spi=515&sun=null&sui=null&spt=%E9%87%91%E5%A3%AB%E9%A1%BF(Kingston)%E5%8F%B0%E5%BC%8F%E6%9C%BA%E5%86%85%E5%AD%98%20%E9%AA%87%E5%AE%A2%E7%A5%9E%E6%9D%A1Fury%E7%B3%BB%E5%88%97%20DDR4%202400%208G%20-%20%E5%86%85%E5%AD%98%20%E9%83%91%E5%B7%9E%E8%B5%9E%E7%A6%BE&sfv=22&sbi=chrome&platform=win&browser=50&ssc=1920x1080&scd=24-bit&sja=0
INFO: [ app_init ] --START--
INFO: Run Behavior\BuildLiteBehavior [ RunTime:0.000000s ]
INFO: [ app_init ] --END-- [ RunTime:0.000000s ]
INFO: [ app_begin ] --START--
INFO: Run Behavior\ReadHtmlCacheBehavior [ RunTime:0.000000s ]
INFO: [ app_begin ] --END-- [ RunTime:0.000000s ]
INFO: [ view_parse ] --START--
INFO: Run Behavior\ParseTemplateBehavior [ RunTime:0.000000s ]
INFO: [ view_parse ] --END-- [ RunTime:0.000000s ]
INFO: [ view_filter ] --START--
INFO: Run Behavior\WriteHtmlCacheBehavior [ RunTime:0.000000s ]
INFO: [ view_filter ] --END-- [ RunTime:0.000000s ]
INFO: [ app_end ] --START--
INFO: Run Behavior\ShowPageTraceBehavior [ RunTime:0.000000s ]
INFO: [ app_end ] --END-- [ RunTime:0.000000s ]

[ 2017-01-20T11:28:54+08:00 ] 127.0.0.1 /?&ssi=1680996634&spty=page_shipping&spi=&sun=null&sui=null&spt=%E9%85%8D%E9%80%81%E6%96%B9%E5%BC%8F%20%E6%94%AF%E4%BB%98/%E9%85%8D%E9%80%81%E6%96%B9%E5%BC%8F%20%E5%B8%AE%E5%8A%A9%E4%B8%AD%E5%BF%83%20%E9%83%91%E5%B7%9E%E8%B5%9E%E7%A6%BE&sfv=22&sbi=chrome&platform=win&browser=50&ssc=1920x1080&scd=24-bit&sja=0
INFO: [ app_init ] --START--
INFO: Run Behavior\BuildLiteBehavior [ RunTime:0.000000s ]
INFO: [ app_init ] --END-- [ RunTime:0.000000s ]
INFO: [ app_begin ] --START--
INFO: Run Behavior\ReadHtmlCacheBehavior [ RunTime:0.001000s ]
INFO: [ app_begin ] --END-- [ RunTime:0.001000s ]
INFO: [ view_parse ] --START--
INFO: Run Behavior\ParseTemplateBehavior [ RunTime:0.000000s ]
INFO: [ view_parse ] --END-- [ RunTime:0.000000s ]
INFO: [ view_filter ] --START--
INFO: Run Behavior\WriteHtmlCacheBehavior [ RunTime:0.000000s ]
INFO: [ view_filter ] --END-- [ RunTime:0.000000s ]
INFO: [ app_end ] --START--
INFO: Run Behavior\ShowPageTraceBehavior [ RunTime:0.001000s ]
INFO: [ app_end ] --END-- [ RunTime:0.001000s ]

[ 2017-01-20T14:32:42+08:00 ] ::1 /
INFO: [ app_init ] --START--
INFO: Run Behavior\BuildLiteBehavior [ RunTime:0.000000s ]
INFO: [ app_init ] --END-- [ RunTime:0.001000s ]
INFO: [ app_begin ] --START--
INFO: Run Behavior\ReadHtmlCacheBehavior [ RunTime:0.001000s ]
INFO: [ app_begin ] --END-- [ RunTime:0.001000s ]
INFO: [ view_parse ] --START--
INFO: Run Behavior\ParseTemplateBehavior [ RunTime:0.000000s ]
INFO: [ view_parse ] --END-- [ RunTime:0.000000s ]
INFO: [ view_filter ] --START--
INFO: Run Behavior\WriteHtmlCacheBehavior [ RunTime:0.001000s ]
INFO: [ view_filter ] --END-- [ RunTime:0.001000s ]
INFO: [ app_end ] --START--
INFO: Run Behavior\ShowPageTraceBehavior [ RunTime:0.000000s ]
INFO: [ app_end ] --END-- [ RunTime:0.000000s ]

