[ 2017-05-05T15:02:29+08:00 ] 127.0.0.1 /Pay.php
INFO: [ app_init ] --START--
INFO: Run Behavior\BuildLiteBehavior [ RunTime:0.000000s ]
INFO: [ app_init ] --END-- [ RunTime:0.001000s ]
INFO: [ app_begin ] --START--
INFO: Run Behavior\ReadHtmlCacheBehavior [ RunTime:0.001000s ]
INFO: [ app_begin ] --END-- [ RunTime:0.001000s ]
INFO: [ view_parse ] --START--
INFO: [ template_filter ] --START--
INFO: Run Behavior\ContentReplaceBehavior [ RunTime:0.000000s ]
INFO: [ template_filter ] --END-- [ RunTime:0.000000s ]
INFO: Run Behavior\ParseTemplateBehavior [ RunTime:0.006000s ]
INFO: [ view_parse ] --END-- [ RunTime:0.006000s ]
INFO: [ view_filter ] --START--
INFO: Run Behavior\WriteHtmlCacheBehavior [ RunTime:0.000000s ]
INFO: [ view_filter ] --END-- [ RunTime:0.000000s ]
INFO: [ app_end ] --START--
INFO: Run Behavior\ShowPageTraceBehavior [ RunTime:0.001001s ]
INFO: [ app_end ] --END-- [ RunTime:0.001001s ]

[ 2017-05-05T15:03:15+08:00 ] 127.0.0.1 /Pay.php
INFO: [ app_init ] --START--
INFO: Run Behavior\BuildLiteBehavior [ RunTime:0.000000s ]
INFO: [ app_init ] --END-- [ RunTime:0.000000s ]
INFO: [ app_begin ] --START--
INFO: Run Behavior\ReadHtmlCacheBehavior [ RunTime:0.000000s ]
INFO: [ app_begin ] --END-- [ RunTime:0.000000s ]
ERR: 无法加载控制器:Index

[ 2017-05-05T17:41:29+08:00 ] 127.0.0.1 /Pay/WeiXinPay/notify
INFO: [ app_init ] --START--
INFO: Run Behavior\BuildLiteBehavior [ RunTime:0.001000s ]
INFO: [ app_init ] --END-- [ RunTime:0.001000s ]
INFO: [ app_begin ] --START--
INFO: Run Behavior\ReadHtmlCacheBehavior [ RunTime:0.000000s ]
INFO: [ app_begin ] --END-- [ RunTime:0.000000s ]
NOTIC: [8] Undefined index: HTTP_RAW_POST_DATA E:\workspace\Eclipse\doctors\Apps\Pay\Controller\WeiXinPayController.class.php 第 11 行.
NOTIC: [2] DOMDocument::loadXML(): Empty string supplied as input E:\workspace\Eclipse\doctors\ThinkPHP\Library\Org\Util\WeixinPay.class.php 第 64 行.
NOTIC: [8] Trying to get property of non-object E:\workspace\Eclipse\doctors\ThinkPHP\Library\Org\Util\WeixinPay.class.php 第 69 行.
NOTIC: [8] Undefined index: total_fee E:\workspace\Eclipse\doctors\Apps\Pay\Controller\WeiXinPayController.class.php 第 15 行.

[ 2017-05-05T17:42:54+08:00 ] 127.0.0.1 /Pay/WeiXinPay/notify
INFO: [ app_init ] --START--
INFO: Run Behavior\BuildLiteBehavior [ RunTime:0.000000s ]
INFO: [ app_init ] --END-- [ RunTime:0.001000s ]
INFO: [ app_begin ] --START--
INFO: Run Behavior\ReadHtmlCacheBehavior [ RunTime:0.001001s ]
INFO: [ app_begin ] --END-- [ RunTime:0.001001s ]
NOTIC: [8] Undefined index: HTTP_RAW_POST_DATA E:\workspace\Eclipse\doctors\Apps\Pay\Controller\WeiXinPayController.class.php 第 12 行.
NOTIC: [2] DOMDocument::loadXML(): Empty string supplied as input E:\workspace\Eclipse\doctors\ThinkPHP\Library\Org\Util\WeixinPay.class.php 第 64 行.
NOTIC: [8] Trying to get property of non-object E:\workspace\Eclipse\doctors\ThinkPHP\Library\Org\Util\WeixinPay.class.php 第 69 行.
NOTIC: [8] Undefined index: total_fee E:\workspace\Eclipse\doctors\Apps\Pay\Controller\WeiXinPayController.class.php 第 16 行.

[ 2017-05-05T17:43:30+08:00 ] 127.0.0.1 /Pay/WeiXinPay/notify
INFO: [ app_init ] --START--
INFO: Run Behavior\BuildLiteBehavior [ RunTime:0.000000s ]
INFO: [ app_init ] --END-- [ RunTime:0.000000s ]
INFO: [ app_begin ] --START--
INFO: Run Behavior\ReadHtmlCacheBehavior [ RunTime:0.000000s ]
INFO: [ app_begin ] --END-- [ RunTime:0.000000s ]
NOTIC: [8] Undefined index: HTTP_RAW_POST_DATA E:\workspace\Eclipse\doctors\Apps\Pay\Controller\WeiXinPayController.class.php 第 11 行.
NOTIC: [2] DOMDocument::loadXML(): Empty string supplied as input E:\workspace\Eclipse\doctors\ThinkPHP\Library\Org\Util\WeixinPay.class.php 第 64 行.
NOTIC: [8] Trying to get property of non-object E:\workspace\Eclipse\doctors\ThinkPHP\Library\Org\Util\WeixinPay.class.php 第 69 行.
NOTIC: [8] Undefined index: total_fee E:\workspace\Eclipse\doctors\Apps\Pay\Controller\WeiXinPayController.class.php 第 15 行.

