[ 2017-01-13T11:25:37+08:00 ] ::1 /merchant.php
INFO: [ app_init ] --START--
INFO: Run Behavior\BuildLiteBehavior [ RunTime:0.000000s ]
INFO: [ app_init ] --END-- [ RunTime:0.000000s ]
INFO: [ app_begin ] --START--
INFO: Run Behavior\ReadHtmlCacheBehavior [ RunTime:0.001000s ]
INFO: [ app_begin ] --END-- [ RunTime:0.001000s ]

[ 2017-01-13T11:25:59+08:00 ] ::1 /merchant.php
INFO: [ app_init ] --START--
INFO: Run Behavior\BuildLiteBehavior [ RunTime:0.000000s ]
INFO: [ app_init ] --END-- [ RunTime:0.000000s ]
INFO: [ app_begin ] --START--
INFO: Run Behavior\ReadHtmlCacheBehavior [ RunTime:0.001000s ]
INFO: [ app_begin ] --END-- [ RunTime:0.001000s ]

[ 2017-01-13T11:32:14+08:00 ] ::1 /Merchant/Index/index
INFO: [ app_init ] --START--
INFO: Run Behavior\BuildLiteBehavior [ RunTime:0.000000s ]
INFO: [ app_init ] --END-- [ RunTime:0.000000s ]
INFO: [ app_begin ] --START--
INFO: Run Behavior\ReadHtmlCacheBehavior [ RunTime:0.001000s ]
INFO: [ app_begin ] --END-- [ RunTime:0.001000s ]

[ 2017-01-13T11:32:14+08:00 ] ::1 /Merchant/Public/login.html
INFO: [ app_init ] --START--
INFO: Run Behavior\BuildLiteBehavior [ RunTime:0.000000s ]
INFO: [ app_init ] --END-- [ RunTime:0.001000s ]
INFO: [ app_begin ] --START--
INFO: Run Behavior\ReadHtmlCacheBehavior [ RunTime:0.000000s ]
INFO: [ app_begin ] --END-- [ RunTime:0.000000s ]
INFO: [ view_parse ] --START--
INFO: [ template_filter ] --START--
INFO: Run Behavior\ContentReplaceBehavior [ RunTime:0.000000s ]
INFO: [ template_filter ] --END-- [ RunTime:0.000000s ]
INFO: Run Behavior\ParseTemplateBehavior [ RunTime:0.015001s ]
INFO: [ view_parse ] --END-- [ RunTime:0.015001s ]
INFO: [ view_filter ] --START--
INFO: Run Behavior\WriteHtmlCacheBehavior [ RunTime:0.000000s ]
INFO: [ view_filter ] --END-- [ RunTime:0.000000s ]
INFO: [ app_end ] --START--
INFO: Run Behavior\ShowPageTraceBehavior [ RunTime:0.000000s ]
INFO: [ app_end ] --END-- [ RunTime:0.000000s ]

[ 2017-01-13T11:32:14+08:00 ] ::1 /Merchant/Public/verifyimg.html
INFO: [ app_init ] --START--
INFO: Run Behavior\BuildLiteBehavior [ RunTime:0.000000s ]
INFO: [ app_init ] --END-- [ RunTime:0.000000s ]
INFO: [ app_begin ] --START--
INFO: Run Behavior\ReadHtmlCacheBehavior [ RunTime:0.000000s ]
INFO: [ app_begin ] --END-- [ RunTime:0.000000s ]
INFO: [ app_end ] --START--
INFO: Run Behavior\ShowPageTraceBehavior [ RunTime:0.000000s ]
INFO: [ app_end ] --END-- [ RunTime:0.000000s ]

[ 2017-01-13T11:32:28+08:00 ] ::1 /Merchant/Public/do_login.html
INFO: [ app_init ] --START--
INFO: Run Behavior\BuildLiteBehavior [ RunTime:0.000000s ]
INFO: [ app_init ] --END-- [ RunTime:0.000000s ]
INFO: [ app_begin ] --START--
INFO: Run Behavior\ReadHtmlCacheBehavior [ RunTime:0.000000s ]
INFO: [ app_begin ] --END-- [ RunTime:0.000000s ]
SQL: SHOW COLUMNS FROM `ymkj_meaccount` [ RunTime:0.0050s ]
SQL: SELECT * FROM `ymkj_meaccount` WHERE `account` = 'shop1' LIMIT 1   [ RunTime:0.0030s ]
SQL: SHOW COLUMNS FROM `ymkj_mechlog` [ RunTime:0.0050s ]
SQL: INSERT INTO `ymkj_mechlog` (`tablename`,`type`,`act_id`,`act_account`,`description`,`times`) VALUES ('meaccount','0','1','shop1','管理员[shop1]登录成功！登录IP：0.0.0.0','1484278348') [ RunTime:0.0050s ]

[ 2017-01-13T11:32:28+08:00 ] ::1 /Merchant/Index/index.html
INFO: [ app_init ] --START--
INFO: Run Behavior\BuildLiteBehavior [ RunTime:0.000000s ]
INFO: [ app_init ] --END-- [ RunTime:0.000000s ]
INFO: [ app_begin ] --START--
INFO: Run Behavior\ReadHtmlCacheBehavior [ RunTime:0.001000s ]
INFO: [ app_begin ] --END-- [ RunTime:0.001000s ]
SQL: SHOW COLUMNS FROM `ymkj_merchant` [ RunTime:0.0110s ]
SQL: SELECT * FROM `ymkj_merchant` WHERE `id` = 59 LIMIT 1   [ RunTime:0.0080s ]
INFO: [ view_parse ] --START--
INFO: [ template_filter ] --START--
INFO: Run Behavior\ContentReplaceBehavior [ RunTime:0.000000s ]
INFO: [ template_filter ] --END-- [ RunTime:0.000000s ]
NOTIC: [8] Undefined variable: groupname E:\workspace\Eclipse\doctors\Apps\Runtime\Cache\Merchant\7292b97f6504dad935c11a3be72fb808.php 第 36 行.
INFO: Run Behavior\ParseTemplateBehavior [ RunTime:0.012001s ]
INFO: [ view_parse ] --END-- [ RunTime:0.013001s ]
INFO: [ view_filter ] --START--
INFO: Run Behavior\WriteHtmlCacheBehavior [ RunTime:0.000000s ]
INFO: [ view_filter ] --END-- [ RunTime:0.000000s ]
INFO: [ app_end ] --START--
INFO: Run Behavior\ShowPageTraceBehavior [ RunTime:0.000000s ]
INFO: [ app_end ] --END-- [ RunTime:0.001000s ]

[ 2017-01-13T11:32:28+08:00 ] ::1 /Merchant/Index/main.html
INFO: [ app_init ] --START--
INFO: Run Behavior\BuildLiteBehavior [ RunTime:0.000000s ]
INFO: [ app_init ] --END-- [ RunTime:0.000000s ]
INFO: [ app_begin ] --START--
INFO: Run Behavior\ReadHtmlCacheBehavior [ RunTime:0.000000s ]
INFO: [ app_begin ] --END-- [ RunTime:0.000000s ]
INFO: [ view_parse ] --START--
INFO: [ template_filter ] --START--
INFO: Run Behavior\ContentReplaceBehavior [ RunTime:0.000000s ]
INFO: [ template_filter ] --END-- [ RunTime:0.000000s ]
INFO: Run Behavior\ParseTemplateBehavior [ RunTime:0.011001s ]
INFO: [ view_parse ] --END-- [ RunTime:0.011001s ]
INFO: [ view_filter ] --START--
INFO: Run Behavior\WriteHtmlCacheBehavior [ RunTime:0.000000s ]
INFO: [ view_filter ] --END-- [ RunTime:0.000000s ]
INFO: [ app_end ] --START--
INFO: Run Behavior\ShowPageTraceBehavior [ RunTime:0.001000s ]
INFO: [ app_end ] --END-- [ RunTime:0.001000s ]

[ 2017-01-13T11:32:34+08:00 ] ::1 /Merchant/Index/setting.html
INFO: [ app_init ] --START--
INFO: Run Behavior\BuildLiteBehavior [ RunTime:0.000000s ]
INFO: [ app_init ] --END-- [ RunTime:0.000000s ]
INFO: [ app_begin ] --START--
INFO: Run Behavior\ReadHtmlCacheBehavior [ RunTime:0.000000s ]
INFO: [ app_begin ] --END-- [ RunTime:0.000000s ]
SQL: SHOW COLUMNS FROM `ymkj_mepicture` [ RunTime:0.0230s ]
SQL: SELECT * FROM `ymkj_mepicture` WHERE `meid` = 59  [ RunTime:0.0070s ]
SQL: SHOW COLUMNS FROM `ymkj_meaccount` [ RunTime:0.0050s ]
SQL: SELECT mea.*,mea.phone aphone,mea.status astatus,met.* FROM ymkj_meaccount mea INNER JOIN  ymkj_merchant met on mea.meid = met.id   LIMIT 1   [ RunTime:0.0060s ]
SQL: SHOW COLUMNS FROM `ymkj_area` [ RunTime:0.0040s ]
SQL: SELECT * FROM `ymkj_area` WHERE `id` = 130428 LIMIT 1   [ RunTime:0.0050s ]
SQL: SELECT * FROM `ymkj_area` WHERE `id` = 130400 LIMIT 1   [ RunTime:0.0030s ]
SQL: SELECT * FROM `ymkj_area` WHERE `id` = 130000 LIMIT 1   [ RunTime:0.0050s ]
SQL: SELECT `id`,`areaname` FROM `ymkj_area` WHERE `status` = 1 AND `parentid` = 0 ORDER BY sort asc  [ RunTime:0.0240s ]
SQL: SELECT `id`,`areaname` FROM `ymkj_area` WHERE `status` = 1 AND `parentid` = 130000 ORDER BY sort asc  [ RunTime:0.0230s ]
SQL: SELECT `id`,`areaname` FROM `ymkj_area` WHERE `status` = 1 AND `parentid` = 130400 ORDER BY sort asc  [ RunTime:0.0170s ]
INFO: [ view_parse ] --START--
INFO: [ template_filter ] --START--
INFO: Run Behavior\ContentReplaceBehavior [ RunTime:0.000000s ]
INFO: [ template_filter ] --END-- [ RunTime:0.000000s ]
NOTIC: [8] Undefined variable: alert E:\workspace\Eclipse\doctors\Apps\Runtime\Cache\Merchant\c97621e34815ed01dfb6b52e41e9e1a4.php 第 65 行.
INFO: Run Behavior\ParseTemplateBehavior [ RunTime:0.018001s ]
INFO: [ view_parse ] --END-- [ RunTime:0.018001s ]
INFO: [ view_filter ] --START--
INFO: Run Behavior\WriteHtmlCacheBehavior [ RunTime:0.000000s ]
INFO: [ view_filter ] --END-- [ RunTime:0.000000s ]
INFO: [ app_end ] --START--
INFO: Run Behavior\ShowPageTraceBehavior [ RunTime:0.000000s ]
INFO: [ app_end ] --END-- [ RunTime:0.000000s ]

[ 2017-01-13T11:32:50+08:00 ] ::1 /Merchant/Index/setting.html
INFO: [ app_init ] --START--
INFO: Run Behavior\BuildLiteBehavior [ RunTime:0.000000s ]
INFO: [ app_init ] --END-- [ RunTime:0.000000s ]
INFO: [ app_begin ] --START--
INFO: Run Behavior\ReadHtmlCacheBehavior [ RunTime:0.000000s ]
INFO: [ app_begin ] --END-- [ RunTime:0.000000s ]
SQL: SHOW COLUMNS FROM `ymkj_mepicture` [ RunTime:0.0220s ]
SQL: SELECT * FROM `ymkj_mepicture` WHERE `meid` = 59  [ RunTime:0.0240s ]
SQL: SHOW COLUMNS FROM `ymkj_meaccount` [ RunTime:0.1150s ]
SQL: SELECT mea.*,mea.phone aphone,mea.status astatus,met.* FROM ymkj_meaccount mea INNER JOIN  ymkj_merchant met on mea.meid = met.id   LIMIT 1   [ RunTime:0.0620s ]
SQL: SHOW COLUMNS FROM `ymkj_area` [ RunTime:0.2000s ]
SQL: SELECT * FROM `ymkj_area` WHERE `id` = 130428 LIMIT 1   [ RunTime:0.0180s ]
SQL: SELECT * FROM `ymkj_area` WHERE `id` = 130400 LIMIT 1   [ RunTime:0.0130s ]
SQL: SELECT * FROM `ymkj_area` WHERE `id` = 130000 LIMIT 1   [ RunTime:0.0300s ]
SQL: SELECT `id`,`areaname` FROM `ymkj_area` WHERE `status` = 1 AND `parentid` = 0 ORDER BY sort asc  [ RunTime:0.0560s ]
SQL: SELECT `id`,`areaname` FROM `ymkj_area` WHERE `status` = 1 AND `parentid` = 130000 ORDER BY sort asc  [ RunTime:0.0230s ]
SQL: SELECT `id`,`areaname` FROM `ymkj_area` WHERE `status` = 1 AND `parentid` = 130400 ORDER BY sort asc  [ RunTime:0.0250s ]
INFO: [ view_parse ] --START--
INFO: [ template_filter ] --START--
INFO: Run Behavior\ContentReplaceBehavior [ RunTime:0.000000s ]
INFO: [ template_filter ] --END-- [ RunTime:0.000000s ]
NOTIC: [8] Undefined variable: alert E:\workspace\Eclipse\doctors\Apps\Runtime\Cache\Merchant\c97621e34815ed01dfb6b52e41e9e1a4.php 第 65 行.
INFO: Run Behavior\ParseTemplateBehavior [ RunTime:0.009001s ]
INFO: [ view_parse ] --END-- [ RunTime:0.009001s ]
INFO: [ view_filter ] --START--
INFO: Run Behavior\WriteHtmlCacheBehavior [ RunTime:0.000000s ]
INFO: [ view_filter ] --END-- [ RunTime:0.000000s ]
INFO: [ app_end ] --START--
INFO: Run Behavior\ShowPageTraceBehavior [ RunTime:0.000000s ]
INFO: [ app_end ] --END-- [ RunTime:0.001000s ]

[ 2017-01-13T11:33:45+08:00 ] ::1 /Merchant/Index/setting.html
INFO: [ app_init ] --START--
INFO: Run Behavior\BuildLiteBehavior [ RunTime:0.000000s ]
INFO: [ app_init ] --END-- [ RunTime:0.000000s ]
INFO: [ app_begin ] --START--
INFO: Run Behavior\ReadHtmlCacheBehavior [ RunTime:0.001000s ]
INFO: [ app_begin ] --END-- [ RunTime:0.001000s ]
SQL: SHOW COLUMNS FROM `ymkj_mepicture` [ RunTime:0.0190s ]
SQL: SELECT * FROM `ymkj_mepicture` WHERE `meid` = 59  [ RunTime:0.0050s ]
SQL: SHOW COLUMNS FROM `ymkj_meaccount` [ RunTime:0.0080s ]
SQL: SELECT mea.*,mea.phone aphone,mea.status astatus,met.* FROM ymkj_meaccount mea INNER JOIN  ymkj_merchant met on mea.meid = met.id   LIMIT 1   [ RunTime:0.0170s ]
SQL: SHOW COLUMNS FROM `ymkj_area` [ RunTime:0.0060s ]
SQL: SELECT * FROM `ymkj_area` WHERE `id` = 130428 LIMIT 1   [ RunTime:0.0120s ]
SQL: SELECT * FROM `ymkj_area` WHERE `id` = 130400 LIMIT 1   [ RunTime:0.0030s ]
SQL: SELECT * FROM `ymkj_area` WHERE `id` = 130000 LIMIT 1   [ RunTime:0.0100s ]
SQL: SELECT `id`,`areaname` FROM `ymkj_area` WHERE `status` = 1 AND `parentid` = 0 ORDER BY sort asc  [ RunTime:0.0170s ]
SQL: SELECT `id`,`areaname` FROM `ymkj_area` WHERE `status` = 1 AND `parentid` = 130000 ORDER BY sort asc  [ RunTime:0.0180s ]
SQL: SELECT `id`,`areaname` FROM `ymkj_area` WHERE `status` = 1 AND `parentid` = 130400 ORDER BY sort asc  [ RunTime:0.0210s ]
INFO: [ view_parse ] --START--
INFO: [ template_filter ] --START--
INFO: Run Behavior\ContentReplaceBehavior [ RunTime:0.000000s ]
INFO: [ template_filter ] --END-- [ RunTime:0.000000s ]
NOTIC: [8] Undefined variable: alert E:\workspace\Eclipse\doctors\Apps\Runtime\Cache\Merchant\c97621e34815ed01dfb6b52e41e9e1a4.php 第 65 行.
INFO: Run Behavior\ParseTemplateBehavior [ RunTime:0.008000s ]
INFO: [ view_parse ] --END-- [ RunTime:0.008000s ]
INFO: [ view_filter ] --START--
INFO: Run Behavior\WriteHtmlCacheBehavior [ RunTime:0.000000s ]
INFO: [ view_filter ] --END-- [ RunTime:0.000000s ]
INFO: [ app_end ] --START--
INFO: Run Behavior\ShowPageTraceBehavior [ RunTime:0.001000s ]
INFO: [ app_end ] --END-- [ RunTime:0.001000s ]

[ 2017-01-13T11:33:48+08:00 ] ::1 /Merchant/index/delphoto.html?id=9
INFO: [ app_init ] --START--
INFO: Run Behavior\BuildLiteBehavior [ RunTime:0.000000s ]
INFO: [ app_init ] --END-- [ RunTime:0.000000s ]
INFO: [ app_begin ] --START--
INFO: Run Behavior\ReadHtmlCacheBehavior [ RunTime:0.001000s ]
INFO: [ app_begin ] --END-- [ RunTime:0.001000s ]
SQL: SHOW COLUMNS FROM `ymkj_mepicture` [ RunTime:0.0070s ]
SQL: DELETE FROM `ymkj_mepicture` WHERE `id` = 9 [ RunTime:0.0080s ]
INFO: [ app_end ] --START--
INFO: Run Behavior\ShowPageTraceBehavior [ RunTime:0.001000s ]
INFO: [ app_end ] --END-- [ RunTime:0.001000s ]

[ 2017-01-13T11:33:50+08:00 ] ::1 /Merchant/index/delphoto.html?id=10
INFO: [ app_init ] --START--
INFO: Run Behavior\BuildLiteBehavior [ RunTime:0.000000s ]
INFO: [ app_init ] --END-- [ RunTime:0.001000s ]
INFO: [ app_begin ] --START--
INFO: Run Behavior\ReadHtmlCacheBehavior [ RunTime:0.000000s ]
INFO: [ app_begin ] --END-- [ RunTime:0.000000s ]
SQL: SHOW COLUMNS FROM `ymkj_mepicture` [ RunTime:0.0070s ]
SQL: DELETE FROM `ymkj_mepicture` WHERE `id` = 10 [ RunTime:0.3080s ]
INFO: [ app_end ] --START--
INFO: Run Behavior\ShowPageTraceBehavior [ RunTime:0.000000s ]
INFO: [ app_end ] --END-- [ RunTime:0.000000s ]

[ 2017-01-13T11:34:23+08:00 ] ::1 /Merchant/Index/do_uploadlogo.html
INFO: [ app_init ] --START--
INFO: Run Behavior\BuildLiteBehavior [ RunTime:0.000000s ]
INFO: [ app_init ] --END-- [ RunTime:0.001000s ]
INFO: [ app_begin ] --START--
INFO: Run Behavior\ReadHtmlCacheBehavior [ RunTime:0.000000s ]
INFO: [ app_begin ] --END-- [ RunTime:0.000000s ]

[ 2017-01-13T11:34:27+08:00 ] ::1 /Merchant/Index/setting.html
INFO: [ app_init ] --START--
INFO: Run Behavior\BuildLiteBehavior [ RunTime:0.000000s ]
INFO: [ app_init ] --END-- [ RunTime:0.000000s ]
INFO: [ app_begin ] --START--
INFO: Run Behavior\ReadHtmlCacheBehavior [ RunTime:0.000000s ]
INFO: [ app_begin ] --END-- [ RunTime:0.000000s ]
SQL: SHOW COLUMNS FROM `ymkj_meaccount` [ RunTime:0.0050s ]
SQL: SELECT * FROM `ymkj_meaccount` WHERE ( id=1 ) LIMIT 1   [ RunTime:0.0070s ]
SQL: UPDATE `ymkj_meaccount` SET `nickname`='大汗22' WHERE ( id=1 ) [ RunTime:0.0030s ]
SQL: SHOW COLUMNS FROM `ymkj_merchant` [ RunTime:0.0050s ]
SQL: UPDATE `ymkj_merchant` SET `mename`='我的测试数据',`contacts`='222',`phone`='111111',`mephone`='dfasdfasd',`area`='130428',`address`='asdfwer23423423',`certified`='3',`logo`='Uploads/Merchant/2017/01/4307d20321f8e3cadbd535034d9c1526.jpg' WHERE ( id=59 ) [ RunTime:0.0030s ]
SQL: SHOW COLUMNS FROM `ymkj_mepicture` [ RunTime:0.0060s ]
SQL: SELECT * FROM `ymkj_mepicture` WHERE `meid` = 59  [ RunTime:0.0020s ]
SQL: SELECT mea.*,mea.phone aphone,mea.status astatus,met.* FROM ymkj_meaccount mea INNER JOIN  ymkj_merchant met on mea.meid = met.id   LIMIT 1   [ RunTime:0.0050s ]
SQL: SHOW COLUMNS FROM `ymkj_area` [ RunTime:0.0060s ]
SQL: SELECT * FROM `ymkj_area` WHERE `id` = 130428 LIMIT 1   [ RunTime:0.0030s ]
SQL: SELECT * FROM `ymkj_area` WHERE `id` = 130400 LIMIT 1   [ RunTime:0.0050s ]
SQL: SELECT * FROM `ymkj_area` WHERE `id` = 130000 LIMIT 1   [ RunTime:0.0030s ]
SQL: SELECT `id`,`areaname` FROM `ymkj_area` WHERE `status` = 1 AND `parentid` = 0 ORDER BY sort asc  [ RunTime:0.0230s ]
SQL: SELECT `id`,`areaname` FROM `ymkj_area` WHERE `status` = 1 AND `parentid` = 130000 ORDER BY sort asc  [ RunTime:0.0200s ]
SQL: SELECT `id`,`areaname` FROM `ymkj_area` WHERE `status` = 1 AND `parentid` = 130400 ORDER BY sort asc  [ RunTime:0.0160s ]
INFO: [ view_parse ] --START--
INFO: [ template_filter ] --START--
INFO: Run Behavior\ContentReplaceBehavior [ RunTime:0.000000s ]
INFO: [ template_filter ] --END-- [ RunTime:0.000000s ]
INFO: [ view_parse ] --START--
INFO: [ template_filter ] --START--
INFO: Run Behavior\ContentReplaceBehavior [ RunTime:0.000000s ]
INFO: [ template_filter ] --END-- [ RunTime:-0.003001s ]
INFO: Run Behavior\ParseTemplateBehavior [ RunTime:0.001001s ]
INFO: [ view_parse ] --END-- [ RunTime:0.001001s ]
INFO: [ view_filter ] --START--
INFO: Run Behavior\WriteHtmlCacheBehavior [ RunTime:0.000000s ]
INFO: [ view_filter ] --END-- [ RunTime:0.000000s ]
INFO: Run Behavior\ParseTemplateBehavior [ RunTime:0.002001s ]
INFO: [ view_parse ] --END-- [ RunTime:0.001001s ]
INFO: [ view_filter ] --START--
INFO: Run Behavior\WriteHtmlCacheBehavior [ RunTime:0.000000s ]
INFO: [ view_filter ] --END-- [ RunTime:-0.001000s ]
INFO: [ app_end ] --START--
INFO: Run Behavior\ShowPageTraceBehavior [ RunTime:0.000000s ]
INFO: [ app_end ] --END-- [ RunTime:0.000000s ]

[ 2017-01-13T11:34:50+08:00 ] ::1 /Merchant/Doctors/index.html
INFO: [ app_init ] --START--
INFO: Run Behavior\BuildLiteBehavior [ RunTime:0.000000s ]
INFO: [ app_init ] --END-- [ RunTime:0.000000s ]
INFO: [ app_begin ] --START--
INFO: Run Behavior\ReadHtmlCacheBehavior [ RunTime:0.000000s ]
INFO: [ app_begin ] --END-- [ RunTime:0.000000s ]
SQL: SHOW COLUMNS FROM `ymkj_doctors` [ RunTime:0.0080s ]
SQL: SELECT COUNT(*) AS tp_count FROM ymkj_doctors d WHERE d.meid = '59' LIMIT 1   [ RunTime:0.0030s ]
NOTIC: [2] Invalid argument supplied for foreach() E:\workspace\Eclipse\doctors\Apps\Common\Common\function.php 第 179 行.
SQL: SELECT d.id,d.realname,d.position,d.summary,d.adept,d.subscribecount,d.casuscount,d.consultcount,d.starlevel,d.isshow,d.meid,d.certified,d.status,d.addtime,m.mename FROM ymkj_doctors d LEFT JOIN ymkj_Merchant as m on m.id=d.meid  WHERE d.meid = '59' ORDER BY d.addtime desc,d.starlevel desc LIMIT 0,20   [ RunTime:0.0290s ]
INFO: [ view_parse ] --START--
INFO: [ template_filter ] --START--
INFO: Run Behavior\ContentReplaceBehavior [ RunTime:0.000000s ]
INFO: [ template_filter ] --END-- [ RunTime:0.000000s ]
INFO: Run Behavior\ParseTemplateBehavior [ RunTime:0.015001s ]
INFO: [ view_parse ] --END-- [ RunTime:0.015001s ]
INFO: [ view_filter ] --START--
INFO: Run Behavior\WriteHtmlCacheBehavior [ RunTime:0.001000s ]
INFO: [ view_filter ] --END-- [ RunTime:0.001000s ]
INFO: [ app_end ] --START--
INFO: Run Behavior\ShowPageTraceBehavior [ RunTime:0.000000s ]
INFO: [ app_end ] --END-- [ RunTime:0.000000s ]

[ 2017-01-13T11:34:50+08:00 ] ::1 /Merchant/Index/setting.html
INFO: [ app_init ] --START--
INFO: Run Behavior\BuildLiteBehavior [ RunTime:0.000000s ]
INFO: [ app_init ] --END-- [ RunTime:0.000000s ]
INFO: [ app_begin ] --START--
INFO: Run Behavior\ReadHtmlCacheBehavior [ RunTime:0.000000s ]
INFO: [ app_begin ] --END-- [ RunTime:0.001000s ]
SQL: SHOW COLUMNS FROM `ymkj_mepicture` [ RunTime:0.0050s ]
SQL: SELECT * FROM `ymkj_mepicture` WHERE `meid` = 59  [ RunTime:0.0070s ]
SQL: SHOW COLUMNS FROM `ymkj_meaccount` [ RunTime:0.0070s ]
SQL: SELECT mea.*,mea.phone aphone,mea.status astatus,met.* FROM ymkj_meaccount mea INNER JOIN  ymkj_merchant met on mea.meid = met.id   LIMIT 1   [ RunTime:0.0060s ]
SQL: SHOW COLUMNS FROM `ymkj_area` [ RunTime:0.0040s ]
SQL: SELECT * FROM `ymkj_area` WHERE `id` = 130428 LIMIT 1   [ RunTime:0.0040s ]
SQL: SELECT * FROM `ymkj_area` WHERE `id` = 130400 LIMIT 1   [ RunTime:0.0030s ]
SQL: SELECT * FROM `ymkj_area` WHERE `id` = 130000 LIMIT 1   [ RunTime:0.0030s ]
SQL: SELECT `id`,`areaname` FROM `ymkj_area` WHERE `status` = 1 AND `parentid` = 0 ORDER BY sort asc  [ RunTime:0.0180s ]
SQL: SELECT `id`,`areaname` FROM `ymkj_area` WHERE `status` = 1 AND `parentid` = 130000 ORDER BY sort asc  [ RunTime:0.0290s ]
SQL: SELECT `id`,`areaname` FROM `ymkj_area` WHERE `status` = 1 AND `parentid` = 130400 ORDER BY sort asc  [ RunTime:0.0170s ]
INFO: [ view_parse ] --START--
INFO: [ template_filter ] --START--
INFO: Run Behavior\ContentReplaceBehavior [ RunTime:0.000000s ]
INFO: [ template_filter ] --END-- [ RunTime:0.000000s ]
NOTIC: [8] Undefined variable: alert E:\workspace\Eclipse\doctors\Apps\Runtime\Cache\Merchant\c97621e34815ed01dfb6b52e41e9e1a4.php 第 65 行.
INFO: Run Behavior\ParseTemplateBehavior [ RunTime:0.009000s ]
INFO: [ view_parse ] --END-- [ RunTime:0.009000s ]
INFO: [ view_filter ] --START--
INFO: Run Behavior\WriteHtmlCacheBehavior [ RunTime:0.000000s ]
INFO: [ view_filter ] --END-- [ RunTime:0.000000s ]
INFO: [ app_end ] --START--
INFO: Run Behavior\ShowPageTraceBehavior [ RunTime:0.000000s ]
INFO: [ app_end ] --END-- [ RunTime:0.000000s ]

[ 2017-01-13T11:34:59+08:00 ] ::1 /Merchant/Index/setting.html
INFO: [ app_init ] --START--
INFO: Run Behavior\BuildLiteBehavior [ RunTime:0.000000s ]
INFO: [ app_init ] --END-- [ RunTime:0.000000s ]
INFO: [ app_begin ] --START--
INFO: Run Behavior\ReadHtmlCacheBehavior [ RunTime:0.000000s ]
INFO: [ app_begin ] --END-- [ RunTime:0.000000s ]
SQL: SHOW COLUMNS FROM `ymkj_meaccount` [ RunTime:0.0040s ]
SQL: SELECT * FROM `ymkj_meaccount` WHERE ( id=1 ) LIMIT 1   [ RunTime:0.0040s ]
SQL: UPDATE `ymkj_meaccount` SET `nickname`='大汗22' WHERE ( id=1 ) [ RunTime:0.0040s ]
SQL: SHOW COLUMNS FROM `ymkj_merchant` [ RunTime:0.0050s ]
SQL: UPDATE `ymkj_merchant` SET `mename`='我的测试数据',`contacts`='222',`phone`='111111',`mephone`='dfasdfasd',`area`='130428',`address`='asdfwer23423423',`certified`='3',`logo`='Uploads/Merchant/2017/01/4307d20321f8e3cadbd535034d9c1526.jpg' WHERE ( id=59 ) [ RunTime:0.0040s ]
SQL: SHOW COLUMNS FROM `ymkj_mepicture` [ RunTime:0.0060s ]
SQL: INSERT INTO `ymkj_mepicture` (`meid`,`filepath`,`addtime`) VALUES ('59','/Uploads/Merchant/setting/2017/01/20170113113459_479.jpg','1484278499') [ RunTime:0.0040s ]
SQL: SHOW COLUMNS FROM `ymkj_mepicture` [ RunTime:0.0040s ]
SQL: SELECT * FROM `ymkj_mepicture` WHERE `meid` = 59  [ RunTime:0.0040s ]
SQL: SELECT mea.*,mea.phone aphone,mea.status astatus,met.* FROM ymkj_meaccount mea INNER JOIN  ymkj_merchant met on mea.meid = met.id   LIMIT 1   [ RunTime:0.0050s ]
SQL: SHOW COLUMNS FROM `ymkj_area` [ RunTime:0.0040s ]
SQL: SELECT * FROM `ymkj_area` WHERE `id` = 130428 LIMIT 1   [ RunTime:0.0030s ]
SQL: SELECT * FROM `ymkj_area` WHERE `id` = 130400 LIMIT 1   [ RunTime:0.0030s ]
SQL: SELECT * FROM `ymkj_area` WHERE `id` = 130000 LIMIT 1   [ RunTime:0.0040s ]
SQL: SELECT `id`,`areaname` FROM `ymkj_area` WHERE `status` = 1 AND `parentid` = 0 ORDER BY sort asc  [ RunTime:0.0180s ]
SQL: SELECT `id`,`areaname` FROM `ymkj_area` WHERE `status` = 1 AND `parentid` = 130000 ORDER BY sort asc  [ RunTime:0.0160s ]
SQL: SELECT `id`,`areaname` FROM `ymkj_area` WHERE `status` = 1 AND `parentid` = 130400 ORDER BY sort asc  [ RunTime:0.0160s ]
INFO: [ view_parse ] --START--
INFO: [ template_filter ] --START--
INFO: Run Behavior\ContentReplaceBehavior [ RunTime:0.000000s ]
INFO: [ template_filter ] --END-- [ RunTime:0.000000s ]
INFO: [ view_parse ] --START--
INFO: [ template_filter ] --START--
INFO: Run Behavior\ContentReplaceBehavior [ RunTime:0.000000s ]
INFO: [ template_filter ] --END-- [ RunTime:-0.002000s ]
INFO: Run Behavior\ParseTemplateBehavior [ RunTime:0.000000s ]
INFO: [ view_parse ] --END-- [ RunTime:0.000000s ]
INFO: [ view_filter ] --START--
INFO: Run Behavior\WriteHtmlCacheBehavior [ RunTime:0.000000s ]
INFO: [ view_filter ] --END-- [ RunTime:0.000000s ]
INFO: Run Behavior\ParseTemplateBehavior [ RunTime:0.001000s ]
INFO: [ view_parse ] --END-- [ RunTime:0.000000s ]
INFO: [ view_filter ] --START--
INFO: Run Behavior\WriteHtmlCacheBehavior [ RunTime:0.000000s ]
INFO: [ view_filter ] --END-- [ RunTime:0.000000s ]
INFO: [ app_end ] --START--
INFO: Run Behavior\ShowPageTraceBehavior [ RunTime:0.000000s ]
INFO: [ app_end ] --END-- [ RunTime:0.000000s ]

[ 2017-01-13T11:35:15+08:00 ] ::1 /Merchant/Index/setting.html
INFO: [ app_init ] --START--
INFO: Run Behavior\BuildLiteBehavior [ RunTime:0.000000s ]
INFO: [ app_init ] --END-- [ RunTime:0.000000s ]
INFO: [ app_begin ] --START--
INFO: Run Behavior\ReadHtmlCacheBehavior [ RunTime:0.000000s ]
INFO: [ app_begin ] --END-- [ RunTime:0.001000s ]
SQL: SHOW COLUMNS FROM `ymkj_mepicture` [ RunTime:0.0050s ]
SQL: SELECT * FROM `ymkj_mepicture` WHERE `meid` = 59  [ RunTime:0.0050s ]
SQL: SHOW COLUMNS FROM `ymkj_meaccount` [ RunTime:0.0050s ]
SQL: SELECT mea.*,mea.phone aphone,mea.status astatus,met.* FROM ymkj_meaccount mea INNER JOIN  ymkj_merchant met on mea.meid = met.id   LIMIT 1   [ RunTime:0.0060s ]
SQL: SHOW COLUMNS FROM `ymkj_area` [ RunTime:0.0060s ]
SQL: SELECT * FROM `ymkj_area` WHERE `id` = 130428 LIMIT 1   [ RunTime:0.0030s ]
SQL: SELECT * FROM `ymkj_area` WHERE `id` = 130400 LIMIT 1   [ RunTime:0.0030s ]
SQL: SELECT * FROM `ymkj_area` WHERE `id` = 130000 LIMIT 1   [ RunTime:0.0040s ]
SQL: SELECT `id`,`areaname` FROM `ymkj_area` WHERE `status` = 1 AND `parentid` = 0 ORDER BY sort asc  [ RunTime:0.0180s ]
SQL: SELECT `id`,`areaname` FROM `ymkj_area` WHERE `status` = 1 AND `parentid` = 130000 ORDER BY sort asc  [ RunTime:0.0160s ]
SQL: SELECT `id`,`areaname` FROM `ymkj_area` WHERE `status` = 1 AND `parentid` = 130400 ORDER BY sort asc  [ RunTime:0.0190s ]
INFO: [ view_parse ] --START--
INFO: [ template_filter ] --START--
INFO: Run Behavior\ContentReplaceBehavior [ RunTime:0.000000s ]
INFO: [ template_filter ] --END-- [ RunTime:0.000000s ]
NOTIC: [8] Undefined variable: alert E:\workspace\Eclipse\doctors\Apps\Runtime\Cache\Merchant\c97621e34815ed01dfb6b52e41e9e1a4.php 第 65 行.
INFO: Run Behavior\ParseTemplateBehavior [ RunTime:0.008000s ]
INFO: [ view_parse ] --END-- [ RunTime:0.008000s ]
INFO: [ view_filter ] --START--
INFO: Run Behavior\WriteHtmlCacheBehavior [ RunTime:0.000000s ]
INFO: [ view_filter ] --END-- [ RunTime:0.001000s ]
INFO: [ app_end ] --START--
INFO: Run Behavior\ShowPageTraceBehavior [ RunTime:0.000000s ]
INFO: [ app_end ] --END-- [ RunTime:0.000000s ]

[ 2017-01-13T11:35:42+08:00 ] ::1 /Merchant/Index/setting.html
INFO: [ app_init ] --START--
INFO: Run Behavior\BuildLiteBehavior [ RunTime:0.000000s ]
INFO: [ app_init ] --END-- [ RunTime:0.000000s ]
INFO: [ app_begin ] --START--
INFO: Run Behavior\ReadHtmlCacheBehavior [ RunTime:0.000000s ]
INFO: [ app_begin ] --END-- [ RunTime:0.000000s ]
SQL: SHOW COLUMNS FROM `ymkj_meaccount` [ RunTime:0.0070s ]
SQL: SELECT * FROM `ymkj_meaccount` WHERE ( id=1 ) LIMIT 1   [ RunTime:0.0040s ]
SQL: UPDATE `ymkj_meaccount` SET `nickname`='大汗22' WHERE ( id=1 ) [ RunTime:0.0030s ]
SQL: SHOW COLUMNS FROM `ymkj_merchant` [ RunTime:0.0050s ]
SQL: UPDATE `ymkj_merchant` SET `mename`='我的测试数据',`contacts`='222',`phone`='111111',`mephone`='dfasdfasd',`area`='130428',`address`='asdfwer23423423',`certified`='3',`logo`='Uploads/Merchant/2017/01/4307d20321f8e3cadbd535034d9c1526.jpg' WHERE ( id=59 ) [ RunTime:0.0040s ]
SQL: SHOW COLUMNS FROM `ymkj_mepicture` [ RunTime:0.0050s ]
SQL: INSERT INTO `ymkj_mepicture` (`meid`,`filepath`,`addtime`) VALUES ('59','/Uploads/Merchant/setting/2017/01/20170113113542_558.jpg','1484278542'),('59','/Uploads/Merchant/setting/2017/01/20170113113542_109.jpg','1484278542') [ RunTime:0.0030s ]
SQL: SHOW COLUMNS FROM `ymkj_mepicture` [ RunTime:0.0040s ]
SQL: SELECT * FROM `ymkj_mepicture` WHERE `meid` = 59  [ RunTime:0.0030s ]
SQL: SELECT mea.*,mea.phone aphone,mea.status astatus,met.* FROM ymkj_meaccount mea INNER JOIN  ymkj_merchant met on mea.meid = met.id   LIMIT 1   [ RunTime:0.0060s ]
SQL: SHOW COLUMNS FROM `ymkj_area` [ RunTime:0.0040s ]
SQL: SELECT * FROM `ymkj_area` WHERE `id` = 130428 LIMIT 1   [ RunTime:0.0030s ]
SQL: SELECT * FROM `ymkj_area` WHERE `id` = 130400 LIMIT 1   [ RunTime:0.0030s ]
SQL: SELECT * FROM `ymkj_area` WHERE `id` = 130000 LIMIT 1   [ RunTime:0.0040s ]
SQL: SELECT `id`,`areaname` FROM `ymkj_area` WHERE `status` = 1 AND `parentid` = 0 ORDER BY sort asc  [ RunTime:0.0190s ]
SQL: SELECT `id`,`areaname` FROM `ymkj_area` WHERE `status` = 1 AND `parentid` = 130000 ORDER BY sort asc  [ RunTime:0.0180s ]
SQL: SELECT `id`,`areaname` FROM `ymkj_area` WHERE `status` = 1 AND `parentid` = 130400 ORDER BY sort asc  [ RunTime:0.0170s ]
INFO: [ view_parse ] --START--
INFO: [ template_filter ] --START--
INFO: Run Behavior\ContentReplaceBehavior [ RunTime:0.000000s ]
INFO: [ template_filter ] --END-- [ RunTime:0.000000s ]
INFO: [ view_parse ] --START--
INFO: [ template_filter ] --START--
INFO: Run Behavior\ContentReplaceBehavior [ RunTime:0.000000s ]
INFO: [ template_filter ] --END-- [ RunTime:-0.004000s ]
INFO: Run Behavior\ParseTemplateBehavior [ RunTime:0.002000s ]
INFO: [ view_parse ] --END-- [ RunTime:0.002000s ]
INFO: [ view_filter ] --START--
INFO: Run Behavior\WriteHtmlCacheBehavior [ RunTime:0.000000s ]
INFO: [ view_filter ] --END-- [ RunTime:0.000000s ]
INFO: Run Behavior\ParseTemplateBehavior [ RunTime:0.002000s ]
INFO: [ view_parse ] --END-- [ RunTime:0.002000s ]
INFO: [ view_filter ] --START--
INFO: Run Behavior\WriteHtmlCacheBehavior [ RunTime:0.000000s ]
INFO: [ view_filter ] --END-- [ RunTime:0.000000s ]
INFO: [ app_end ] --START--
INFO: Run Behavior\ShowPageTraceBehavior [ RunTime:0.000000s ]
INFO: [ app_end ] --END-- [ RunTime:0.000000s ]

[ 2017-01-13T11:36:41+08:00 ] ::1 /Merchant/Doctors/index.html
INFO: [ app_init ] --START--
INFO: Run Behavior\BuildLiteBehavior [ RunTime:0.000000s ]
INFO: [ app_init ] --END-- [ RunTime:0.001000s ]
INFO: [ app_begin ] --START--
INFO: Run Behavior\ReadHtmlCacheBehavior [ RunTime:0.001000s ]
INFO: [ app_begin ] --END-- [ RunTime:0.001000s ]
SQL: SHOW COLUMNS FROM `ymkj_doctors` [ RunTime:0.0050s ]
SQL: SELECT COUNT(*) AS tp_count FROM ymkj_doctors d WHERE d.meid = '59' LIMIT 1   [ RunTime:0.0070s ]
NOTIC: [2] Invalid argument supplied for foreach() E:\workspace\Eclipse\doctors\Apps\Common\Common\function.php 第 179 行.
SQL: SELECT d.id,d.realname,d.position,d.summary,d.adept,d.subscribecount,d.casuscount,d.consultcount,d.starlevel,d.isshow,d.meid,d.certified,d.status,d.addtime,m.mename FROM ymkj_doctors d LEFT JOIN ymkj_Merchant as m on m.id=d.meid  WHERE d.meid = '59' ORDER BY d.addtime desc,d.starlevel desc LIMIT 0,20   [ RunTime:0.0070s ]
INFO: [ view_parse ] --START--
INFO: [ template_filter ] --START--
INFO: Run Behavior\ContentReplaceBehavior [ RunTime:0.000000s ]
INFO: [ template_filter ] --END-- [ RunTime:0.000000s ]
INFO: Run Behavior\ParseTemplateBehavior [ RunTime:0.008000s ]
INFO: [ view_parse ] --END-- [ RunTime:0.008000s ]
INFO: [ view_filter ] --START--
INFO: Run Behavior\WriteHtmlCacheBehavior [ RunTime:0.001000s ]
INFO: [ view_filter ] --END-- [ RunTime:0.001000s ]
INFO: [ app_end ] --START--
INFO: Run Behavior\ShowPageTraceBehavior [ RunTime:0.000000s ]
INFO: [ app_end ] --END-- [ RunTime:0.000000s ]

[ 2017-01-13T11:37:07+08:00 ] ::1 /Merchant/Index/setting.html
INFO: [ app_init ] --START--
INFO: Run Behavior\BuildLiteBehavior [ RunTime:0.000000s ]
INFO: [ app_init ] --END-- [ RunTime:0.000000s ]
INFO: [ app_begin ] --START--
INFO: Run Behavior\ReadHtmlCacheBehavior [ RunTime:0.001000s ]
INFO: [ app_begin ] --END-- [ RunTime:0.001000s ]
SQL: SHOW COLUMNS FROM `ymkj_mepicture` [ RunTime:0.0040s ]
SQL: SELECT * FROM `ymkj_mepicture` WHERE `meid` = 59  [ RunTime:0.0040s ]
SQL: SHOW COLUMNS FROM `ymkj_meaccount` [ RunTime:0.0040s ]
SQL: SELECT mea.*,mea.phone aphone,mea.status astatus,met.* FROM ymkj_meaccount mea INNER JOIN  ymkj_merchant met on mea.meid = met.id   LIMIT 1   [ RunTime:0.0130s ]
SQL: SHOW COLUMNS FROM `ymkj_area` [ RunTime:0.0050s ]
SQL: SELECT * FROM `ymkj_area` WHERE `id` = 130428 LIMIT 1   [ RunTime:0.0040s ]
SQL: SELECT * FROM `ymkj_area` WHERE `id` = 130400 LIMIT 1   [ RunTime:0.0030s ]
SQL: SELECT * FROM `ymkj_area` WHERE `id` = 130000 LIMIT 1   [ RunTime:0.0030s ]
SQL: SELECT `id`,`areaname` FROM `ymkj_area` WHERE `status` = 1 AND `parentid` = 0 ORDER BY sort asc  [ RunTime:0.0170s ]
SQL: SELECT `id`,`areaname` FROM `ymkj_area` WHERE `status` = 1 AND `parentid` = 130000 ORDER BY sort asc  [ RunTime:0.0160s ]
SQL: SELECT `id`,`areaname` FROM `ymkj_area` WHERE `status` = 1 AND `parentid` = 130400 ORDER BY sort asc  [ RunTime:0.0180s ]
INFO: [ view_parse ] --START--
INFO: [ template_filter ] --START--
INFO: Run Behavior\ContentReplaceBehavior [ RunTime:0.000000s ]
INFO: [ template_filter ] --END-- [ RunTime:0.000000s ]
NOTIC: [8] Undefined variable: alert E:\workspace\Eclipse\doctors\Apps\Runtime\Cache\Merchant\c97621e34815ed01dfb6b52e41e9e1a4.php 第 65 行.
INFO: Run Behavior\ParseTemplateBehavior [ RunTime:0.011001s ]
INFO: [ view_parse ] --END-- [ RunTime:0.011001s ]
INFO: [ view_filter ] --START--
INFO: Run Behavior\WriteHtmlCacheBehavior [ RunTime:0.001000s ]
INFO: [ view_filter ] --END-- [ RunTime:0.001000s ]
INFO: [ app_end ] --START--
INFO: Run Behavior\ShowPageTraceBehavior [ RunTime:0.000000s ]
INFO: [ app_end ] --END-- [ RunTime:0.000000s ]

[ 2017-01-13T11:37:11+08:00 ] ::1 /Merchant/Index/setting.html
INFO: [ app_init ] --START--
INFO: Run Behavior\BuildLiteBehavior [ RunTime:0.000000s ]
INFO: [ app_init ] --END-- [ RunTime:0.000000s ]
INFO: [ app_begin ] --START--
INFO: Run Behavior\ReadHtmlCacheBehavior [ RunTime:0.001000s ]
INFO: [ app_begin ] --END-- [ RunTime:0.001000s ]
SQL: SHOW COLUMNS FROM `ymkj_mepicture` [ RunTime:0.0060s ]
SQL: SELECT * FROM `ymkj_mepicture` WHERE `meid` = 59  [ RunTime:0.0030s ]
SQL: SHOW COLUMNS FROM `ymkj_meaccount` [ RunTime:0.0040s ]
SQL: SELECT mea.*,mea.phone aphone,mea.status astatus,met.* FROM ymkj_meaccount mea INNER JOIN  ymkj_merchant met on mea.meid = met.id   LIMIT 1   [ RunTime:0.0050s ]
SQL: SHOW COLUMNS FROM `ymkj_area` [ RunTime:0.0040s ]
SQL: SELECT * FROM `ymkj_area` WHERE `id` = 130428 LIMIT 1   [ RunTime:0.0040s ]
SQL: SELECT * FROM `ymkj_area` WHERE `id` = 130400 LIMIT 1   [ RunTime:0.0030s ]
SQL: SELECT * FROM `ymkj_area` WHERE `id` = 130000 LIMIT 1   [ RunTime:0.0030s ]
SQL: SELECT `id`,`areaname` FROM `ymkj_area` WHERE `status` = 1 AND `parentid` = 0 ORDER BY sort asc  [ RunTime:0.0170s ]
SQL: SELECT `id`,`areaname` FROM `ymkj_area` WHERE `status` = 1 AND `parentid` = 130000 ORDER BY sort asc  [ RunTime:0.0170s ]
SQL: SELECT `id`,`areaname` FROM `ymkj_area` WHERE `status` = 1 AND `parentid` = 130400 ORDER BY sort asc  [ RunTime:0.0170s ]
INFO: [ view_parse ] --START--
INFO: [ template_filter ] --START--
INFO: Run Behavior\ContentReplaceBehavior [ RunTime:0.000000s ]
INFO: [ template_filter ] --END-- [ RunTime:0.000000s ]
NOTIC: [8] Undefined variable: alert E:\workspace\Eclipse\doctors\Apps\Runtime\Cache\Merchant\c97621e34815ed01dfb6b52e41e9e1a4.php 第 65 行.
INFO: Run Behavior\ParseTemplateBehavior [ RunTime:0.010000s ]
INFO: [ view_parse ] --END-- [ RunTime:0.010000s ]
INFO: [ view_filter ] --START--
INFO: Run Behavior\WriteHtmlCacheBehavior [ RunTime:0.001000s ]
INFO: [ view_filter ] --END-- [ RunTime:0.001000s ]
INFO: [ app_end ] --START--
INFO: Run Behavior\ShowPageTraceBehavior [ RunTime:0.000000s ]
INFO: [ app_end ] --END-- [ RunTime:0.000000s ]

[ 2017-01-13T11:37:14+08:00 ] ::1 /Merchant/Service/index.html
INFO: [ app_init ] --START--
INFO: Run Behavior\BuildLiteBehavior [ RunTime:0.000000s ]
INFO: [ app_init ] --END-- [ RunTime:0.001000s ]
INFO: [ app_begin ] --START--
INFO: Run Behavior\ReadHtmlCacheBehavior [ RunTime:0.000000s ]
INFO: [ app_begin ] --END-- [ RunTime:0.001000s ]
SQL: SHOW COLUMNS FROM `ymkj_service` [ RunTime:0.0090s ]
SQL: SELECT COUNT(*) AS tp_count FROM ymkj_service s WHERE s.meid = '59' LIMIT 1   [ RunTime:0.0080s ]
NOTIC: [2] Invalid argument supplied for foreach() E:\workspace\Eclipse\doctors\Apps\Common\Common\function.php 第 179 行.
SQL: SELECT s.id,s.title,s.marketprice,s.terraceprice,s.discount,s.appointmentprice,s.surplusmoney,s.meid,s.buycount,s.thum,s.putaway,s.certified,s.status,s.starleve,s.cid,s.iscoupon,s.servtype,s.addtime,m.mename FROM ymkj_service s LEFT JOIN ymkj_Merchant as m on s.meid=m.id  WHERE s.meid = '59' ORDER BY s.addtime desc,s.id desc LIMIT 0,20   [ RunTime:0.0110s ]
INFO: [ view_parse ] --START--
INFO: [ template_filter ] --START--
INFO: Run Behavior\ContentReplaceBehavior [ RunTime:0.000000s ]
INFO: [ template_filter ] --END-- [ RunTime:0.000000s ]
INFO: Run Behavior\ParseTemplateBehavior [ RunTime:0.015001s ]
INFO: [ view_parse ] --END-- [ RunTime:0.015001s ]
INFO: [ view_filter ] --START--
INFO: Run Behavior\WriteHtmlCacheBehavior [ RunTime:0.000000s ]
INFO: [ view_filter ] --END-- [ RunTime:0.000000s ]
INFO: [ app_end ] --START--
INFO: Run Behavior\ShowPageTraceBehavior [ RunTime:0.000000s ]
INFO: [ app_end ] --END-- [ RunTime:0.000000s ]

[ 2017-01-13T11:37:15+08:00 ] ::1 /Merchant/Service/add.html
INFO: [ app_init ] --START--
INFO: Run Behavior\BuildLiteBehavior [ RunTime:0.000000s ]
INFO: [ app_init ] --END-- [ RunTime:0.000000s ]
INFO: [ app_begin ] --START--
INFO: Run Behavior\ReadHtmlCacheBehavior [ RunTime:0.000000s ]
INFO: [ app_begin ] --END-- [ RunTime:0.000000s ]
SQL: SHOW COLUMNS FROM `ymkj_service` [ RunTime:0.0050s ]
INFO: [ view_parse ] --START--
INFO: [ template_filter ] --START--
INFO: Run Behavior\ContentReplaceBehavior [ RunTime:0.000000s ]
INFO: [ template_filter ] --END-- [ RunTime:0.000000s ]
INFO: Run Behavior\ParseTemplateBehavior [ RunTime:0.012000s ]
INFO: [ view_parse ] --END-- [ RunTime:0.012000s ]
INFO: [ view_filter ] --START--
INFO: Run Behavior\WriteHtmlCacheBehavior [ RunTime:0.001000s ]
INFO: [ view_filter ] --END-- [ RunTime:0.001000s ]
INFO: [ app_end ] --START--
INFO: Run Behavior\ShowPageTraceBehavior [ RunTime:0.000000s ]
INFO: [ app_end ] --END-- [ RunTime:0.000000s ]

[ 2017-01-13T11:37:15+08:00 ] ::1 /Merchant/Doctors/getdoctors.html
INFO: [ app_init ] --START--
INFO: Run Behavior\BuildLiteBehavior [ RunTime:0.000000s ]
INFO: [ app_init ] --END-- [ RunTime:0.000000s ]
INFO: [ app_begin ] --START--
INFO: Run Behavior\ReadHtmlCacheBehavior [ RunTime:0.000000s ]
INFO: [ app_begin ] --END-- [ RunTime:0.000000s ]
SQL: SHOW COLUMNS FROM `ymkj_doctors` [ RunTime:0.0070s ]
SQL: SELECT `id`,`headimg`,`realname`,`position`,`summary`,`adept`,`subscribecount`,`casuscount`,`consultcount`,`starlevel`,`isshow`,`certified`,`status` FROM `ymkj_doctors` WHERE `status` = 1 AND `meid` = 59  [ RunTime:0.0070s ]

[ 2017-01-13T11:37:16+08:00 ] ::1 /Merchant/Service/index.html
INFO: [ app_init ] --START--
INFO: Run Behavior\BuildLiteBehavior [ RunTime:0.000000s ]
INFO: [ app_init ] --END-- [ RunTime:0.000000s ]
INFO: [ app_begin ] --START--
INFO: Run Behavior\ReadHtmlCacheBehavior [ RunTime:0.000000s ]
INFO: [ app_begin ] --END-- [ RunTime:0.000000s ]
SQL: SHOW COLUMNS FROM `ymkj_service` [ RunTime:0.0050s ]
SQL: SELECT COUNT(*) AS tp_count FROM ymkj_service s WHERE s.meid = '59' LIMIT 1   [ RunTime:0.0040s ]
NOTIC: [2] Invalid argument supplied for foreach() E:\workspace\Eclipse\doctors\Apps\Common\Common\function.php 第 179 行.
SQL: SELECT s.id,s.title,s.marketprice,s.terraceprice,s.discount,s.appointmentprice,s.surplusmoney,s.meid,s.buycount,s.thum,s.putaway,s.certified,s.status,s.starleve,s.cid,s.iscoupon,s.servtype,s.addtime,m.mename FROM ymkj_service s LEFT JOIN ymkj_Merchant as m on s.meid=m.id  WHERE s.meid = '59' ORDER BY s.addtime desc,s.id desc LIMIT 0,20   [ RunTime:0.0050s ]
INFO: [ view_parse ] --START--
INFO: [ template_filter ] --START--
INFO: Run Behavior\ContentReplaceBehavior [ RunTime:0.000000s ]
INFO: [ template_filter ] --END-- [ RunTime:0.000000s ]
INFO: Run Behavior\ParseTemplateBehavior [ RunTime:0.008000s ]
INFO: [ view_parse ] --END-- [ RunTime:0.008000s ]
INFO: [ view_filter ] --START--
INFO: Run Behavior\WriteHtmlCacheBehavior [ RunTime:0.000000s ]
INFO: [ view_filter ] --END-- [ RunTime:0.000000s ]
INFO: [ app_end ] --START--
INFO: Run Behavior\ShowPageTraceBehavior [ RunTime:0.000000s ]
INFO: [ app_end ] --END-- [ RunTime:0.000000s ]

[ 2017-01-13T11:37:19+08:00 ] ::1 /Merchant/Meclass/getchildclass.html?fid=0
INFO: [ app_init ] --START--
INFO: Run Behavior\BuildLiteBehavior [ RunTime:0.000000s ]
INFO: [ app_init ] --END-- [ RunTime:0.000000s ]
INFO: [ app_begin ] --START--
INFO: Run Behavior\ReadHtmlCacheBehavior [ RunTime:0.001000s ]
INFO: [ app_begin ] --END-- [ RunTime:0.001000s ]
SQL: SHOW COLUMNS FROM `ymkj_meclass` [ RunTime:0.0060s ]
SQL: SELECT `id`,`classname` FROM `ymkj_meclass` WHERE `fid` = 0 AND `isshow` = 1 ORDER BY listorder asc,id asc  [ RunTime:0.0030s ]

[ 2017-01-13T11:37:19+08:00 ] ::1 /Merchant/Meclass/getchildclass.html?fid=1
INFO: [ app_init ] --START--
INFO: Run Behavior\BuildLiteBehavior [ RunTime:0.000000s ]
INFO: [ app_init ] --END-- [ RunTime:0.000000s ]
INFO: [ app_begin ] --START--
INFO: Run Behavior\ReadHtmlCacheBehavior [ RunTime:0.000000s ]
INFO: [ app_begin ] --END-- [ RunTime:0.000000s ]
SQL: SHOW COLUMNS FROM `ymkj_meclass` [ RunTime:0.0090s ]
SQL: SELECT `id`,`classname` FROM `ymkj_meclass` WHERE `fid` = 1 AND `isshow` = 1 ORDER BY listorder asc,id asc  [ RunTime:0.0060s ]

[ 2017-01-13T11:37:19+08:00 ] ::1 /Merchant/Service/do_puaway.html
INFO: [ app_init ] --START--
INFO: Run Behavior\BuildLiteBehavior [ RunTime:0.000000s ]
INFO: [ app_init ] --END-- [ RunTime:0.000000s ]
INFO: [ app_begin ] --START--
INFO: Run Behavior\ReadHtmlCacheBehavior [ RunTime:0.001000s ]
INFO: [ app_begin ] --END-- [ RunTime:0.001000s ]
SQL: SHOW COLUMNS FROM `ymkj_service` [ RunTime:0.0050s ]
SQL: SELECT `certified` FROM `ymkj_service` WHERE `id` = 19 LIMIT 1   [ RunTime:0.0030s ]

[ 2017-01-13T11:37:20+08:00 ] ::1 /Merchant/Meclass/getchildclass.html?fid=18
INFO: [ app_init ] --START--
INFO: Run Behavior\BuildLiteBehavior [ RunTime:0.000000s ]
INFO: [ app_init ] --END-- [ RunTime:0.000000s ]
INFO: [ app_begin ] --START--
INFO: Run Behavior\ReadHtmlCacheBehavior [ RunTime:0.001000s ]
INFO: [ app_begin ] --END-- [ RunTime:0.001000s ]
SQL: SHOW COLUMNS FROM `ymkj_meclass` [ RunTime:0.0060s ]
SQL: SELECT `id`,`classname` FROM `ymkj_meclass` WHERE `fid` = 18 AND `isshow` = 1 ORDER BY listorder asc,id asc  [ RunTime:0.0030s ]

[ 2017-01-13T11:37:29+08:00 ] ::1 /Merchant/Service/do_puaway.html
INFO: [ app_init ] --START--
INFO: Run Behavior\BuildLiteBehavior [ RunTime:0.000000s ]
INFO: [ app_init ] --END-- [ RunTime:0.000000s ]
INFO: [ app_begin ] --START--
INFO: Run Behavior\ReadHtmlCacheBehavior [ RunTime:0.000000s ]
INFO: [ app_begin ] --END-- [ RunTime:0.000000s ]
SQL: SHOW COLUMNS FROM `ymkj_service` [ RunTime:0.0050s ]
SQL: SELECT `certified` FROM `ymkj_service` WHERE `id` = 19 LIMIT 1   [ RunTime:0.0050s ]

[ 2017-01-13T11:37:32+08:00 ] ::1 /Merchant/Service/do_puaway.html
INFO: [ app_init ] --START--
INFO: Run Behavior\BuildLiteBehavior [ RunTime:0.000000s ]
INFO: [ app_init ] --END-- [ RunTime:0.001000s ]
INFO: [ app_begin ] --START--
INFO: Run Behavior\ReadHtmlCacheBehavior [ RunTime:0.000000s ]
INFO: [ app_begin ] --END-- [ RunTime:0.000000s ]
SQL: SHOW COLUMNS FROM `ymkj_service` [ RunTime:0.0040s ]
SQL: UPDATE `ymkj_service` SET `putaway`='0' WHERE `id` = 10 [ RunTime:0.0030s ]

[ 2017-01-13T11:37:34+08:00 ] ::1 /Merchant/Service/do_puaway.html
INFO: [ app_init ] --START--
INFO: Run Behavior\BuildLiteBehavior [ RunTime:0.000000s ]
INFO: [ app_init ] --END-- [ RunTime:0.000000s ]
INFO: [ app_begin ] --START--
INFO: Run Behavior\ReadHtmlCacheBehavior [ RunTime:0.000000s ]
INFO: [ app_begin ] --END-- [ RunTime:0.000000s ]
SQL: SHOW COLUMNS FROM `ymkj_service` [ RunTime:0.0070s ]
SQL: SELECT `certified` FROM `ymkj_service` WHERE `id` = 10 LIMIT 1   [ RunTime:0.0050s ]
SQL: UPDATE `ymkj_service` SET `putaway`='1' WHERE `id` = 10 [ RunTime:0.0030s ]

[ 2017-01-13T11:37:39+08:00 ] ::1 /Merchant/servicecomment/index.html
INFO: [ app_init ] --START--
INFO: Run Behavior\BuildLiteBehavior [ RunTime:0.000000s ]
INFO: [ app_init ] --END-- [ RunTime:0.000000s ]
INFO: [ app_begin ] --START--
INFO: Run Behavior\ReadHtmlCacheBehavior [ RunTime:0.001000s ]
INFO: [ app_begin ] --END-- [ RunTime:0.001000s ]
SQL: SHOW COLUMNS FROM `ymkj_service_comment` [ RunTime:0.0100s ]
SQL: SELECT COUNT(*) AS tp_count FROM ymkj_service_comment so LEFT JOIN ymkj_member m on m.id=so.mid LEFT JOIN ymkj_service s on s.id=so.servid LEFT JOIN ymkj_meclass c on c.id=s.cid  WHERE so.meid = '59' LIMIT 1   [ RunTime:0.0080s ]
SQL: SELECT so.*,m.nickname,m.gender,s.title,c.classname FROM ymkj_service_comment so LEFT JOIN ymkj_member m on m.id=so.mid LEFT JOIN ymkj_service s on s.id=so.servid LEFT JOIN ymkj_meclass c on c.id=s.cid  WHERE so.meid = '59' ORDER BY so.id desc LIMIT 0,10   [ RunTime:0.0120s ]
INFO: [ view_parse ] --START--
INFO: [ template_filter ] --START--
INFO: Run Behavior\ContentReplaceBehavior [ RunTime:0.000000s ]
INFO: [ template_filter ] --END-- [ RunTime:0.000000s ]
NOTIC: [8] Undefined variable: alert E:\workspace\Eclipse\doctors\Apps\Runtime\Cache\Merchant\bc9af83d2955657ee9a7e12e8d41a18f.php 第 40 行.
NOTIC: [8] Use of undefined constant do_time - assumed 'do_time' E:\workspace\Eclipse\doctors\Apps\Runtime\Cache\Merchant\bc9af83d2955657ee9a7e12e8d41a18f.php 第 87 行.
NOTIC: [8] Array to string conversion E:\workspace\Eclipse\doctors\Apps\Runtime\Cache\Merchant\bc9af83d2955657ee9a7e12e8d41a18f.php 第 87 行.
NOTIC: [8] Use of undefined constant do_time - assumed 'do_time' E:\workspace\Eclipse\doctors\Apps\Runtime\Cache\Merchant\bc9af83d2955657ee9a7e12e8d41a18f.php 第 87 行.
NOTIC: [8] Array to string conversion E:\workspace\Eclipse\doctors\Apps\Runtime\Cache\Merchant\bc9af83d2955657ee9a7e12e8d41a18f.php 第 87 行.
INFO: Run Behavior\ParseTemplateBehavior [ RunTime:0.009001s ]
INFO: [ view_parse ] --END-- [ RunTime:0.009001s ]
INFO: [ view_filter ] --START--
INFO: Run Behavior\WriteHtmlCacheBehavior [ RunTime:0.001000s ]
INFO: [ view_filter ] --END-- [ RunTime:0.001000s ]
INFO: [ app_end ] --START--
INFO: Run Behavior\ShowPageTraceBehavior [ RunTime:0.000000s ]
INFO: [ app_end ] --END-- [ RunTime:0.000000s ]

[ 2017-01-13T11:37:39+08:00 ] ::1 /Merchant/Service/add.html
INFO: [ app_init ] --START--
INFO: Run Behavior\BuildLiteBehavior [ RunTime:0.000000s ]
INFO: [ app_init ] --END-- [ RunTime:0.000000s ]
INFO: [ app_begin ] --START--
INFO: Run Behavior\ReadHtmlCacheBehavior [ RunTime:0.000000s ]
INFO: [ app_begin ] --END-- [ RunTime:0.000000s ]
SQL: SHOW COLUMNS FROM `ymkj_service` [ RunTime:0.0080s ]
INFO: [ view_parse ] --START--
INFO: [ template_filter ] --START--
INFO: Run Behavior\ContentReplaceBehavior [ RunTime:0.000000s ]
INFO: [ template_filter ] --END-- [ RunTime:0.000000s ]
INFO: Run Behavior\ParseTemplateBehavior [ RunTime:0.015001s ]
INFO: [ view_parse ] --END-- [ RunTime:0.015001s ]
INFO: [ view_filter ] --START--
INFO: Run Behavior\WriteHtmlCacheBehavior [ RunTime:0.000000s ]
INFO: [ view_filter ] --END-- [ RunTime:0.000000s ]
INFO: [ app_end ] --START--
INFO: Run Behavior\ShowPageTraceBehavior [ RunTime:0.000000s ]
INFO: [ app_end ] --END-- [ RunTime:0.000000s ]

[ 2017-01-13T11:37:39+08:00 ] ::1 /Merchant/Doctors/getdoctors.html
INFO: [ app_init ] --START--
INFO: Run Behavior\BuildLiteBehavior [ RunTime:0.000000s ]
INFO: [ app_init ] --END-- [ RunTime:0.000000s ]
INFO: [ app_begin ] --START--
INFO: Run Behavior\ReadHtmlCacheBehavior [ RunTime:0.000000s ]
INFO: [ app_begin ] --END-- [ RunTime:0.000000s ]
SQL: SHOW COLUMNS FROM `ymkj_doctors` [ RunTime:0.0050s ]
SQL: SELECT `id`,`headimg`,`realname`,`position`,`summary`,`adept`,`subscribecount`,`casuscount`,`consultcount`,`starlevel`,`isshow`,`certified`,`status` FROM `ymkj_doctors` WHERE `status` = 1 AND `meid` = 59  [ RunTime:0.0050s ]

[ 2017-01-13T11:37:39+08:00 ] ::1 /Merchant/Meclass/getchildclass.html?fid=0
INFO: [ app_init ] --START--
INFO: Run Behavior\BuildLiteBehavior [ RunTime:0.000000s ]
INFO: [ app_init ] --END-- [ RunTime:0.001000s ]
INFO: [ app_begin ] --START--
INFO: Run Behavior\ReadHtmlCacheBehavior [ RunTime:0.000000s ]
INFO: [ app_begin ] --END-- [ RunTime:0.000000s ]
SQL: SHOW COLUMNS FROM `ymkj_meclass` [ RunTime:0.0050s ]
SQL: SELECT `id`,`classname` FROM `ymkj_meclass` WHERE `fid` = 0 AND `isshow` = 1 ORDER BY listorder asc,id asc  [ RunTime:0.0210s ]

[ 2017-01-13T11:37:39+08:00 ] ::1 /Merchant/Meclass/getchildclass.html?fid=1
INFO: [ app_init ] --START--
INFO: Run Behavior\BuildLiteBehavior [ RunTime:0.000000s ]
INFO: [ app_init ] --END-- [ RunTime:0.001000s ]
INFO: [ app_begin ] --START--
INFO: Run Behavior\ReadHtmlCacheBehavior [ RunTime:0.000000s ]
INFO: [ app_begin ] --END-- [ RunTime:0.001000s ]
SQL: SHOW COLUMNS FROM `ymkj_meclass` [ RunTime:0.0080s ]
SQL: SELECT `id`,`classname` FROM `ymkj_meclass` WHERE `fid` = 1 AND `isshow` = 1 ORDER BY listorder asc,id asc  [ RunTime:0.0050s ]

[ 2017-01-13T11:37:39+08:00 ] ::1 /Merchant/Meclass/getchildclass.html?fid=18
INFO: [ app_init ] --START--
INFO: Run Behavior\BuildLiteBehavior [ RunTime:0.000000s ]
INFO: [ app_init ] --END-- [ RunTime:0.000000s ]
INFO: [ app_begin ] --START--
INFO: Run Behavior\ReadHtmlCacheBehavior [ RunTime:0.000000s ]
INFO: [ app_begin ] --END-- [ RunTime:0.000000s ]
SQL: SHOW COLUMNS FROM `ymkj_meclass` [ RunTime:0.0040s ]
SQL: SELECT `id`,`classname` FROM `ymkj_meclass` WHERE `fid` = 18 AND `isshow` = 1 ORDER BY listorder asc,id asc  [ RunTime:0.0050s ]

[ 2017-01-13T11:37:43+08:00 ] ::1 /Merchant/servicecomment/index.html
INFO: [ app_init ] --START--
INFO: Run Behavior\BuildLiteBehavior [ RunTime:0.000000s ]
INFO: [ app_init ] --END-- [ RunTime:0.000000s ]
INFO: [ app_begin ] --START--
INFO: Run Behavior\ReadHtmlCacheBehavior [ RunTime:0.001000s ]
INFO: [ app_begin ] --END-- [ RunTime:0.001000s ]
SQL: SHOW COLUMNS FROM `ymkj_service_comment` [ RunTime:0.0040s ]
SQL: SELECT COUNT(*) AS tp_count FROM ymkj_service_comment so LEFT JOIN ymkj_member m on m.id=so.mid LEFT JOIN ymkj_service s on s.id=so.servid LEFT JOIN ymkj_meclass c on c.id=s.cid  WHERE so.meid = '59' LIMIT 1   [ RunTime:0.0030s ]
SQL: SELECT so.*,m.nickname,m.gender,s.title,c.classname FROM ymkj_service_comment so LEFT JOIN ymkj_member m on m.id=so.mid LEFT JOIN ymkj_service s on s.id=so.servid LEFT JOIN ymkj_meclass c on c.id=s.cid  WHERE so.meid = '59' ORDER BY so.id desc LIMIT 0,10   [ RunTime:0.0070s ]
INFO: [ view_parse ] --START--
INFO: [ template_filter ] --START--
INFO: Run Behavior\ContentReplaceBehavior [ RunTime:0.000000s ]
INFO: [ template_filter ] --END-- [ RunTime:0.000000s ]
NOTIC: [8] Undefined variable: alert E:\workspace\Eclipse\doctors\Apps\Runtime\Cache\Merchant\bc9af83d2955657ee9a7e12e8d41a18f.php 第 40 行.
NOTIC: [8] Use of undefined constant do_time - assumed 'do_time' E:\workspace\Eclipse\doctors\Apps\Runtime\Cache\Merchant\bc9af83d2955657ee9a7e12e8d41a18f.php 第 87 行.
NOTIC: [8] Array to string conversion E:\workspace\Eclipse\doctors\Apps\Runtime\Cache\Merchant\bc9af83d2955657ee9a7e12e8d41a18f.php 第 87 行.
NOTIC: [8] Use of undefined constant do_time - assumed 'do_time' E:\workspace\Eclipse\doctors\Apps\Runtime\Cache\Merchant\bc9af83d2955657ee9a7e12e8d41a18f.php 第 87 行.
NOTIC: [8] Array to string conversion E:\workspace\Eclipse\doctors\Apps\Runtime\Cache\Merchant\bc9af83d2955657ee9a7e12e8d41a18f.php 第 87 行.
INFO: Run Behavior\ParseTemplateBehavior [ RunTime:0.009001s ]
INFO: [ view_parse ] --END-- [ RunTime:0.009001s ]
INFO: [ view_filter ] --START--
INFO: Run Behavior\WriteHtmlCacheBehavior [ RunTime:0.000000s ]
INFO: [ view_filter ] --END-- [ RunTime:0.000000s ]
INFO: [ app_end ] --START--
INFO: Run Behavior\ShowPageTraceBehavior [ RunTime:0.001000s ]
INFO: [ app_end ] --END-- [ RunTime:0.001000s ]

[ 2017-01-13T11:37:43+08:00 ] ::1 /Merchant/Service/add.html
INFO: [ app_init ] --START--
INFO: Run Behavior\BuildLiteBehavior [ RunTime:0.000000s ]
INFO: [ app_init ] --END-- [ RunTime:0.001000s ]
INFO: [ app_begin ] --START--
INFO: Run Behavior\ReadHtmlCacheBehavior [ RunTime:0.000000s ]
INFO: [ app_begin ] --END-- [ RunTime:0.000000s ]
SQL: SHOW COLUMNS FROM `ymkj_service` [ RunTime:0.0040s ]
INFO: [ view_parse ] --START--
INFO: [ template_filter ] --START--
INFO: Run Behavior\ContentReplaceBehavior [ RunTime:0.000000s ]
INFO: [ template_filter ] --END-- [ RunTime:0.000000s ]
INFO: Run Behavior\ParseTemplateBehavior [ RunTime:0.007001s ]
INFO: [ view_parse ] --END-- [ RunTime:0.007001s ]
INFO: [ view_filter ] --START--
INFO: Run Behavior\WriteHtmlCacheBehavior [ RunTime:0.000000s ]
INFO: [ view_filter ] --END-- [ RunTime:0.000000s ]
INFO: [ app_end ] --START--
INFO: Run Behavior\ShowPageTraceBehavior [ RunTime:0.001000s ]
INFO: [ app_end ] --END-- [ RunTime:0.001000s ]

[ 2017-01-13T11:37:44+08:00 ] ::1 /Merchant/Doctors/getdoctors.html
INFO: [ app_init ] --START--
INFO: Run Behavior\BuildLiteBehavior [ RunTime:0.000000s ]
INFO: [ app_init ] --END-- [ RunTime:0.001000s ]
INFO: [ app_begin ] --START--
INFO: Run Behavior\ReadHtmlCacheBehavior [ RunTime:0.001000s ]
INFO: [ app_begin ] --END-- [ RunTime:0.001000s ]
SQL: SHOW COLUMNS FROM `ymkj_doctors` [ RunTime:0.0050s ]
SQL: SELECT `id`,`headimg`,`realname`,`position`,`summary`,`adept`,`subscribecount`,`casuscount`,`consultcount`,`starlevel`,`isshow`,`certified`,`status` FROM `ymkj_doctors` WHERE `status` = 1 AND `meid` = 59  [ RunTime:0.0050s ]

[ 2017-01-13T11:37:44+08:00 ] ::1 /Merchant/Meclass/getchildclass.html?fid=0
INFO: [ app_init ] --START--
INFO: Run Behavior\BuildLiteBehavior [ RunTime:0.000000s ]
INFO: [ app_init ] --END-- [ RunTime:0.000000s ]
INFO: [ app_begin ] --START--
INFO: Run Behavior\ReadHtmlCacheBehavior [ RunTime:0.000000s ]
INFO: [ app_begin ] --END-- [ RunTime:0.000000s ]
SQL: SHOW COLUMNS FROM `ymkj_meclass` [ RunTime:0.0200s ]
SQL: SELECT `id`,`classname` FROM `ymkj_meclass` WHERE `fid` = 0 AND `isshow` = 1 ORDER BY listorder asc,id asc  [ RunTime:0.0150s ]

[ 2017-01-13T11:37:44+08:00 ] ::1 /Merchant/Meclass/getchildclass.html?fid=1
INFO: [ app_init ] --START--
INFO: Run Behavior\BuildLiteBehavior [ RunTime:0.000000s ]
INFO: [ app_init ] --END-- [ RunTime:0.000000s ]
INFO: [ app_begin ] --START--
INFO: Run Behavior\ReadHtmlCacheBehavior [ RunTime:0.000000s ]
INFO: [ app_begin ] --END-- [ RunTime:0.000000s ]
SQL: SHOW COLUMNS FROM `ymkj_meclass` [ RunTime:0.0050s ]
SQL: SELECT `id`,`classname` FROM `ymkj_meclass` WHERE `fid` = 1 AND `isshow` = 1 ORDER BY listorder asc,id asc  [ RunTime:0.0040s ]

[ 2017-01-13T11:37:44+08:00 ] ::1 /Merchant/Meclass/getchildclass.html?fid=18
INFO: [ app_init ] --START--
INFO: Run Behavior\BuildLiteBehavior [ RunTime:0.000000s ]
INFO: [ app_init ] --END-- [ RunTime:0.000000s ]
INFO: [ app_begin ] --START--
INFO: Run Behavior\ReadHtmlCacheBehavior [ RunTime:0.000000s ]
INFO: [ app_begin ] --END-- [ RunTime:0.000000s ]
SQL: SHOW COLUMNS FROM `ymkj_meclass` [ RunTime:0.0180s ]
SQL: SELECT `id`,`classname` FROM `ymkj_meclass` WHERE `fid` = 18 AND `isshow` = 1 ORDER BY listorder asc,id asc  [ RunTime:0.0090s ]

[ 2017-01-13T11:37:46+08:00 ] ::1 /Merchant/Service/add.html
INFO: [ app_init ] --START--
INFO: Run Behavior\BuildLiteBehavior [ RunTime:0.000000s ]
INFO: [ app_init ] --END-- [ RunTime:0.001000s ]
INFO: [ app_begin ] --START--
INFO: Run Behavior\ReadHtmlCacheBehavior [ RunTime:0.000000s ]
INFO: [ app_begin ] --END-- [ RunTime:0.000000s ]
SQL: SHOW COLUMNS FROM `ymkj_service` [ RunTime:0.0050s ]
INFO: [ view_parse ] --START--
INFO: [ template_filter ] --START--
INFO: Run Behavior\ContentReplaceBehavior [ RunTime:0.000000s ]
INFO: [ template_filter ] --END-- [ RunTime:0.000000s ]
INFO: Run Behavior\ParseTemplateBehavior [ RunTime:0.007000s ]
INFO: [ view_parse ] --END-- [ RunTime:0.007000s ]
INFO: [ view_filter ] --START--
INFO: Run Behavior\WriteHtmlCacheBehavior [ RunTime:0.000000s ]
INFO: [ view_filter ] --END-- [ RunTime:0.000000s ]
INFO: [ app_end ] --START--
INFO: Run Behavior\ShowPageTraceBehavior [ RunTime:0.001000s ]
INFO: [ app_end ] --END-- [ RunTime:0.001000s ]

[ 2017-01-13T11:37:46+08:00 ] ::1 /Merchant/Meclass/getchildclass.html?fid=0
INFO: [ app_init ] --START--
INFO: Run Behavior\BuildLiteBehavior [ RunTime:0.000000s ]
INFO: [ app_init ] --END-- [ RunTime:0.000000s ]
INFO: [ app_begin ] --START--
INFO: Run Behavior\ReadHtmlCacheBehavior [ RunTime:0.001000s ]
INFO: [ app_begin ] --END-- [ RunTime:0.001000s ]
SQL: SHOW COLUMNS FROM `ymkj_meclass` [ RunTime:0.0060s ]
SQL: SELECT `id`,`classname` FROM `ymkj_meclass` WHERE `fid` = 0 AND `isshow` = 1 ORDER BY listorder asc,id asc  [ RunTime:0.0050s ]

[ 2017-01-13T11:37:46+08:00 ] ::1 /Merchant/Doctors/getdoctors.html
INFO: [ app_init ] --START--
INFO: Run Behavior\BuildLiteBehavior [ RunTime:0.000000s ]
INFO: [ app_init ] --END-- [ RunTime:0.000000s ]
INFO: [ app_begin ] --START--
INFO: Run Behavior\ReadHtmlCacheBehavior [ RunTime:0.000000s ]
INFO: [ app_begin ] --END-- [ RunTime:0.000000s ]
SQL: SHOW COLUMNS FROM `ymkj_doctors` [ RunTime:0.0090s ]
SQL: SELECT `id`,`headimg`,`realname`,`position`,`summary`,`adept`,`subscribecount`,`casuscount`,`consultcount`,`starlevel`,`isshow`,`certified`,`status` FROM `ymkj_doctors` WHERE `status` = 1 AND `meid` = 59  [ RunTime:0.0050s ]

[ 2017-01-13T11:37:46+08:00 ] ::1 /Merchant/Meclass/getchildclass.html?fid=1
INFO: [ app_init ] --START--
INFO: Run Behavior\BuildLiteBehavior [ RunTime:0.000000s ]
INFO: [ app_init ] --END-- [ RunTime:0.000000s ]
INFO: [ app_begin ] --START--
INFO: Run Behavior\ReadHtmlCacheBehavior [ RunTime:0.000000s ]
INFO: [ app_begin ] --END-- [ RunTime:0.000000s ]
SQL: SHOW COLUMNS FROM `ymkj_meclass` [ RunTime:0.0050s ]
SQL: SELECT `id`,`classname` FROM `ymkj_meclass` WHERE `fid` = 1 AND `isshow` = 1 ORDER BY listorder asc,id asc  [ RunTime:0.0050s ]

[ 2017-01-13T11:37:46+08:00 ] ::1 /Merchant/Meclass/getchildclass.html?fid=18
INFO: [ app_init ] --START--
INFO: Run Behavior\BuildLiteBehavior [ RunTime:0.000000s ]
INFO: [ app_init ] --END-- [ RunTime:0.000000s ]
INFO: [ app_begin ] --START--
INFO: Run Behavior\ReadHtmlCacheBehavior [ RunTime:0.000000s ]
INFO: [ app_begin ] --END-- [ RunTime:0.000000s ]
SQL: SHOW COLUMNS FROM `ymkj_meclass` [ RunTime:0.0310s ]
SQL: SELECT `id`,`classname` FROM `ymkj_meclass` WHERE `fid` = 18 AND `isshow` = 1 ORDER BY listorder asc,id asc  [ RunTime:0.2980s ]

[ 2017-01-13T11:37:48+08:00 ] ::1 /Merchant/servicecomment/index.html
INFO: [ app_init ] --START--
INFO: Run Behavior\BuildLiteBehavior [ RunTime:0.000000s ]
INFO: [ app_init ] --END-- [ RunTime:0.000000s ]
INFO: [ app_begin ] --START--
INFO: Run Behavior\ReadHtmlCacheBehavior [ RunTime:0.000000s ]
INFO: [ app_begin ] --END-- [ RunTime:0.000000s ]
SQL: SHOW COLUMNS FROM `ymkj_service_comment` [ RunTime:0.0060s ]
SQL: SELECT COUNT(*) AS tp_count FROM ymkj_service_comment so LEFT JOIN ymkj_member m on m.id=so.mid LEFT JOIN ymkj_service s on s.id=so.servid LEFT JOIN ymkj_meclass c on c.id=s.cid  WHERE so.meid = '59' LIMIT 1   [ RunTime:0.0040s ]
SQL: SELECT so.*,m.nickname,m.gender,s.title,c.classname FROM ymkj_service_comment so LEFT JOIN ymkj_member m on m.id=so.mid LEFT JOIN ymkj_service s on s.id=so.servid LEFT JOIN ymkj_meclass c on c.id=s.cid  WHERE so.meid = '59' ORDER BY so.id desc LIMIT 0,10   [ RunTime:0.5220s ]
INFO: [ view_parse ] --START--
INFO: [ template_filter ] --START--
INFO: Run Behavior\ContentReplaceBehavior [ RunTime:0.000000s ]
INFO: [ template_filter ] --END-- [ RunTime:0.000000s ]
NOTIC: [8] Undefined variable: alert E:\workspace\Eclipse\doctors\Apps\Runtime\Cache\Merchant\bc9af83d2955657ee9a7e12e8d41a18f.php 第 40 行.
NOTIC: [8] Use of undefined constant do_time - assumed 'do_time' E:\workspace\Eclipse\doctors\Apps\Runtime\Cache\Merchant\bc9af83d2955657ee9a7e12e8d41a18f.php 第 87 行.
NOTIC: [8] Array to string conversion E:\workspace\Eclipse\doctors\Apps\Runtime\Cache\Merchant\bc9af83d2955657ee9a7e12e8d41a18f.php 第 87 行.
NOTIC: [8] Use of undefined constant do_time - assumed 'do_time' E:\workspace\Eclipse\doctors\Apps\Runtime\Cache\Merchant\bc9af83d2955657ee9a7e12e8d41a18f.php 第 87 行.
NOTIC: [8] Array to string conversion E:\workspace\Eclipse\doctors\Apps\Runtime\Cache\Merchant\bc9af83d2955657ee9a7e12e8d41a18f.php 第 87 行.
INFO: Run Behavior\ParseTemplateBehavior [ RunTime:0.008000s ]
INFO: [ view_parse ] --END-- [ RunTime:0.008000s ]
INFO: [ view_filter ] --START--
INFO: Run Behavior\WriteHtmlCacheBehavior [ RunTime:0.000000s ]
INFO: [ view_filter ] --END-- [ RunTime:0.000000s ]
INFO: [ app_end ] --START--
INFO: Run Behavior\ShowPageTraceBehavior [ RunTime:0.001000s ]
INFO: [ app_end ] --END-- [ RunTime:0.001000s ]

[ 2017-01-13T11:37:53+08:00 ] ::1 /Merchant/servchildorder/index.html
INFO: [ app_init ] --START--
INFO: Run Behavior\BuildLiteBehavior [ RunTime:0.000000s ]
INFO: [ app_init ] --END-- [ RunTime:0.000000s ]
INFO: [ app_begin ] --START--
INFO: Run Behavior\ReadHtmlCacheBehavior [ RunTime:0.000000s ]
INFO: [ app_begin ] --END-- [ RunTime:0.000000s ]
SQL: SHOW COLUMNS FROM `ymkj_servchildorder` [ RunTime:0.0070s ]
SQL: SELECT COUNT(*) AS tp_count FROM ymkj_servchildorder so LEFT JOIN ymkj_member m on m.id=so.mid LEFT JOIN ymkj_service s on s.id=so.servid LEFT JOIN ymkj_meclass c on c.id=s.cid  WHERE so.meid = '59' LIMIT 1   [ RunTime:0.0040s ]
SQL: SELECT so.*,m.nickname,m.gender,s.title,c.classname FROM ymkj_servchildorder so LEFT JOIN ymkj_member m on m.id=so.mid LEFT JOIN ymkj_service s on s.id=so.servid LEFT JOIN ymkj_meclass c on c.id=s.cid  WHERE so.meid = '59' ORDER BY id desc LIMIT 0,20   [ RunTime:0.0050s ]
INFO: [ view_parse ] --START--
INFO: [ template_filter ] --START--
INFO: Run Behavior\ContentReplaceBehavior [ RunTime:0.000000s ]
INFO: [ template_filter ] --END-- [ RunTime:0.000000s ]
NOTIC: [8] Undefined variable: alert E:\workspace\Eclipse\doctors\Apps\Runtime\Cache\Merchant\7b3316500f2c6a846fba545ff0232ef8.php 第 40 行.
INFO: Run Behavior\ParseTemplateBehavior [ RunTime:0.008001s ]
INFO: [ view_parse ] --END-- [ RunTime:0.008001s ]
INFO: [ view_filter ] --START--
INFO: Run Behavior\WriteHtmlCacheBehavior [ RunTime:0.000000s ]
INFO: [ view_filter ] --END-- [ RunTime:0.001000s ]
INFO: [ app_end ] --START--
INFO: Run Behavior\ShowPageTraceBehavior [ RunTime:0.000000s ]
INFO: [ app_end ] --END-- [ RunTime:0.000000s ]

[ 2017-01-13T11:37:54+08:00 ] ::1 /Merchant/Servicecount/index.html
INFO: [ app_init ] --START--
INFO: Run Behavior\BuildLiteBehavior [ RunTime:0.000000s ]
INFO: [ app_init ] --END-- [ RunTime:0.000000s ]
INFO: [ app_begin ] --START--
INFO: Run Behavior\ReadHtmlCacheBehavior [ RunTime:0.000000s ]
INFO: [ app_begin ] --END-- [ RunTime:0.000000s ]
SQL: SHOW COLUMNS FROM `ymkj_servchildorder` [ RunTime:0.0350s ]
SQL: SELECT so.servid,so.usesstatue,so.appoprice,so.surpmoney,so.scount,so.coupon_price,so.addtime,s.title,c.classname,sum(so.scount) as so_scount,count(so.usesstatue) as so_usesstatue,sum(so.appoprice) as so_appoprice,sum(so.surpmoney) as so_surpmoney,sum(so.coupon_price) as so_coupon_price FROM ymkj_servchildorder so LEFT JOIN ymkj_service s on s.id=so.servid LEFT JOIN ymkj_meclass c on c.id=s.cid  WHERE so.meid = '59' GROUP BY so.servid,so.usesstatue ORDER BY so.servid desc  [ RunTime:0.0340s ]
SQL: SHOW COLUMNS FROM `ymkj_servchildorder` [ RunTime:0.0120s ]
SQL: SELECT `servid`,count(id) as cnum FROM `ymkj_servchildorder` WHERE `coupon_code` <> '' AND `usesstatue` = 1 GROUP BY servid  [ RunTime:0.0070s ]
NOTIC: [8] Undefined offset: 18 E:\workspace\Eclipse\doctors\Apps\Merchant\Controller\ServicecountController.class.php 第 72 行.
NOTIC: [8] Undefined index: c_so_scount E:\workspace\Eclipse\doctors\Apps\Merchant\Controller\ServicecountController.class.php 第 92 行.
NOTIC: [8] Undefined index: c_so_surpmoney E:\workspace\Eclipse\doctors\Apps\Merchant\Controller\ServicecountController.class.php 第 93 行.
NOTIC: [8] Undefined index: so_scount E:\workspace\Eclipse\doctors\Apps\Merchant\Controller\ServicecountController.class.php 第 94 行.
NOTIC: [8] Undefined index: so_surpmoney E:\workspace\Eclipse\doctors\Apps\Merchant\Controller\ServicecountController.class.php 第 95 行.
NOTIC: [8] Undefined index: so_scount_n E:\workspace\Eclipse\doctors\Apps\Merchant\Controller\ServicecountController.class.php 第 96 行.
NOTIC: [8] Undefined index: so_surpmoney_n E:\workspace\Eclipse\doctors\Apps\Merchant\Controller\ServicecountController.class.php 第 97 行.
NOTIC: [8] Undefined index: so_coupon_price E:\workspace\Eclipse\doctors\Apps\Merchant\Controller\ServicecountController.class.php 第 98 行.
NOTIC: [8] Undefined index: so_count_price E:\workspace\Eclipse\doctors\Apps\Merchant\Controller\ServicecountController.class.php 第 99 行.
NOTIC: [8] Undefined index: cnum E:\workspace\Eclipse\doctors\Apps\Merchant\Controller\ServicecountController.class.php 第 100 行.
NOTIC: [8] Undefined offset: 17 E:\workspace\Eclipse\doctors\Apps\Merchant\Controller\ServicecountController.class.php 第 72 行.
NOTIC: [8] Undefined offset: 17 E:\workspace\Eclipse\doctors\Apps\Merchant\Controller\ServicecountController.class.php 第 89 行.
NOTIC: [8] Undefined offset: 7 E:\workspace\Eclipse\doctors\Apps\Merchant\Controller\ServicecountController.class.php 第 72 行.
NOTIC: [8] Undefined offset: 7 E:\workspace\Eclipse\doctors\Apps\Merchant\Controller\ServicecountController.class.php 第 89 行.
INFO: [ view_parse ] --START--
INFO: [ template_filter ] --START--
INFO: Run Behavior\ContentReplaceBehavior [ RunTime:0.000000s ]
INFO: [ template_filter ] --END-- [ RunTime:0.000000s ]
NOTIC: [8] Undefined variable: alert E:\workspace\Eclipse\doctors\Apps\Runtime\Cache\Merchant\3787a327de0515af5b716e34d0a57dc3.php 第 40 行.
NOTIC: [8] Undefined index: start E:\workspace\Eclipse\doctors\Apps\Runtime\Cache\Merchant\3787a327de0515af5b716e34d0a57dc3.php 第 49 行.
NOTIC: [8] Undefined index: end E:\workspace\Eclipse\doctors\Apps\Runtime\Cache\Merchant\3787a327de0515af5b716e34d0a57dc3.php 第 51 行.
INFO: Run Behavior\ParseTemplateBehavior [ RunTime:0.007001s ]
INFO: [ view_parse ] --END-- [ RunTime:0.007001s ]
INFO: [ view_filter ] --START--
INFO: Run Behavior\WriteHtmlCacheBehavior [ RunTime:0.000000s ]
INFO: [ view_filter ] --END-- [ RunTime:0.000000s ]
INFO: [ app_end ] --START--
INFO: Run Behavior\ShowPageTraceBehavior [ RunTime:0.000000s ]
INFO: [ app_end ] --END-- [ RunTime:0.000000s ]

[ 2017-01-13T11:37:56+08:00 ] ::1 /Merchant/servchildorder/index.html
INFO: [ app_init ] --START--
INFO: Run Behavior\BuildLiteBehavior [ RunTime:0.000000s ]
INFO: [ app_init ] --END-- [ RunTime:0.001000s ]
INFO: [ app_begin ] --START--
INFO: Run Behavior\ReadHtmlCacheBehavior [ RunTime:0.000000s ]
INFO: [ app_begin ] --END-- [ RunTime:0.000000s ]
SQL: SHOW COLUMNS FROM `ymkj_servchildorder` [ RunTime:0.0080s ]
SQL: SELECT COUNT(*) AS tp_count FROM ymkj_servchildorder so LEFT JOIN ymkj_member m on m.id=so.mid LEFT JOIN ymkj_service s on s.id=so.servid LEFT JOIN ymkj_meclass c on c.id=s.cid  WHERE so.meid = '59' LIMIT 1   [ RunTime:0.0560s ]
SQL: SELECT so.*,m.nickname,m.gender,s.title,c.classname FROM ymkj_servchildorder so LEFT JOIN ymkj_member m on m.id=so.mid LEFT JOIN ymkj_service s on s.id=so.servid LEFT JOIN ymkj_meclass c on c.id=s.cid  WHERE so.meid = '59' ORDER BY id desc LIMIT 0,20   [ RunTime:0.0040s ]
INFO: [ view_parse ] --START--
INFO: [ template_filter ] --START--
INFO: Run Behavior\ContentReplaceBehavior [ RunTime:0.000000s ]
INFO: [ template_filter ] --END-- [ RunTime:0.001000s ]
NOTIC: [8] Undefined variable: alert E:\workspace\Eclipse\doctors\Apps\Runtime\Cache\Merchant\7b3316500f2c6a846fba545ff0232ef8.php 第 40 行.
INFO: Run Behavior\ParseTemplateBehavior [ RunTime:0.008001s ]
INFO: [ view_parse ] --END-- [ RunTime:0.008001s ]
INFO: [ view_filter ] --START--
INFO: Run Behavior\WriteHtmlCacheBehavior [ RunTime:0.000000s ]
INFO: [ view_filter ] --END-- [ RunTime:0.000000s ]
INFO: [ app_end ] --START--
INFO: Run Behavior\ShowPageTraceBehavior [ RunTime:0.000000s ]
INFO: [ app_end ] --END-- [ RunTime:0.000000s ]

[ 2017-01-13T11:37:57+08:00 ] ::1 /Merchant/Servicecount/index.html
INFO: [ app_init ] --START--
INFO: Run Behavior\BuildLiteBehavior [ RunTime:0.000000s ]
INFO: [ app_init ] --END-- [ RunTime:0.000000s ]
INFO: [ app_begin ] --START--
INFO: Run Behavior\ReadHtmlCacheBehavior [ RunTime:0.000000s ]
INFO: [ app_begin ] --END-- [ RunTime:0.000000s ]
SQL: SHOW COLUMNS FROM `ymkj_servchildorder` [ RunTime:0.0040s ]
SQL: SELECT so.servid,so.usesstatue,so.appoprice,so.surpmoney,so.scount,so.coupon_price,so.addtime,s.title,c.classname,sum(so.scount) as so_scount,count(so.usesstatue) as so_usesstatue,sum(so.appoprice) as so_appoprice,sum(so.surpmoney) as so_surpmoney,sum(so.coupon_price) as so_coupon_price FROM ymkj_servchildorder so LEFT JOIN ymkj_service s on s.id=so.servid LEFT JOIN ymkj_meclass c on c.id=s.cid  WHERE so.meid = '59' GROUP BY so.servid,so.usesstatue ORDER BY so.servid desc  [ RunTime:0.0040s ]
SQL: SHOW COLUMNS FROM `ymkj_servchildorder` [ RunTime:0.0040s ]
SQL: SELECT `servid`,count(id) as cnum FROM `ymkj_servchildorder` WHERE `coupon_code` <> '' AND `usesstatue` = 1 GROUP BY servid  [ RunTime:0.0190s ]
NOTIC: [8] Undefined offset: 18 E:\workspace\Eclipse\doctors\Apps\Merchant\Controller\ServicecountController.class.php 第 72 行.
NOTIC: [8] Undefined index: c_so_scount E:\workspace\Eclipse\doctors\Apps\Merchant\Controller\ServicecountController.class.php 第 92 行.
NOTIC: [8] Undefined index: c_so_surpmoney E:\workspace\Eclipse\doctors\Apps\Merchant\Controller\ServicecountController.class.php 第 93 行.
NOTIC: [8] Undefined index: so_scount E:\workspace\Eclipse\doctors\Apps\Merchant\Controller\ServicecountController.class.php 第 94 行.
NOTIC: [8] Undefined index: so_surpmoney E:\workspace\Eclipse\doctors\Apps\Merchant\Controller\ServicecountController.class.php 第 95 行.
NOTIC: [8] Undefined index: so_scount_n E:\workspace\Eclipse\doctors\Apps\Merchant\Controller\ServicecountController.class.php 第 96 行.
NOTIC: [8] Undefined index: so_surpmoney_n E:\workspace\Eclipse\doctors\Apps\Merchant\Controller\ServicecountController.class.php 第 97 行.
NOTIC: [8] Undefined index: so_coupon_price E:\workspace\Eclipse\doctors\Apps\Merchant\Controller\ServicecountController.class.php 第 98 行.
NOTIC: [8] Undefined index: so_count_price E:\workspace\Eclipse\doctors\Apps\Merchant\Controller\ServicecountController.class.php 第 99 行.
NOTIC: [8] Undefined index: cnum E:\workspace\Eclipse\doctors\Apps\Merchant\Controller\ServicecountController.class.php 第 100 行.
NOTIC: [8] Undefined offset: 17 E:\workspace\Eclipse\doctors\Apps\Merchant\Controller\ServicecountController.class.php 第 72 行.
NOTIC: [8] Undefined offset: 17 E:\workspace\Eclipse\doctors\Apps\Merchant\Controller\ServicecountController.class.php 第 89 行.
NOTIC: [8] Undefined offset: 7 E:\workspace\Eclipse\doctors\Apps\Merchant\Controller\ServicecountController.class.php 第 72 行.
NOTIC: [8] Undefined offset: 7 E:\workspace\Eclipse\doctors\Apps\Merchant\Controller\ServicecountController.class.php 第 89 行.
INFO: [ view_parse ] --START--
INFO: [ template_filter ] --START--
INFO: Run Behavior\ContentReplaceBehavior [ RunTime:0.000000s ]
INFO: [ template_filter ] --END-- [ RunTime:0.000000s ]
NOTIC: [8] Undefined variable: alert E:\workspace\Eclipse\doctors\Apps\Runtime\Cache\Merchant\3787a327de0515af5b716e34d0a57dc3.php 第 40 行.
NOTIC: [8] Undefined index: start E:\workspace\Eclipse\doctors\Apps\Runtime\Cache\Merchant\3787a327de0515af5b716e34d0a57dc3.php 第 49 行.
NOTIC: [8] Undefined index: end E:\workspace\Eclipse\doctors\Apps\Runtime\Cache\Merchant\3787a327de0515af5b716e34d0a57dc3.php 第 51 行.
INFO: Run Behavior\ParseTemplateBehavior [ RunTime:0.007000s ]
INFO: [ view_parse ] --END-- [ RunTime:0.007000s ]
INFO: [ view_filter ] --START--
INFO: Run Behavior\WriteHtmlCacheBehavior [ RunTime:0.000000s ]
INFO: [ view_filter ] --END-- [ RunTime:0.000000s ]
INFO: [ app_end ] --START--
INFO: Run Behavior\ShowPageTraceBehavior [ RunTime:0.000000s ]
INFO: [ app_end ] --END-- [ RunTime:0.000000s ]

[ 2017-01-13T11:37:58+08:00 ] ::1 /Merchant/servchildorder/index.html
INFO: [ app_init ] --START--
INFO: Run Behavior\BuildLiteBehavior [ RunTime:0.000000s ]
INFO: [ app_init ] --END-- [ RunTime:0.001000s ]
INFO: [ app_begin ] --START--
INFO: Run Behavior\ReadHtmlCacheBehavior [ RunTime:0.000000s ]
INFO: [ app_begin ] --END-- [ RunTime:0.000000s ]
SQL: SHOW COLUMNS FROM `ymkj_servchildorder` [ RunTime:0.0390s ]
SQL: SELECT COUNT(*) AS tp_count FROM ymkj_servchildorder so LEFT JOIN ymkj_member m on m.id=so.mid LEFT JOIN ymkj_service s on s.id=so.servid LEFT JOIN ymkj_meclass c on c.id=s.cid  WHERE so.meid = '59' LIMIT 1   [ RunTime:0.0060s ]
SQL: SELECT so.*,m.nickname,m.gender,s.title,c.classname FROM ymkj_servchildorder so LEFT JOIN ymkj_member m on m.id=so.mid LEFT JOIN ymkj_service s on s.id=so.servid LEFT JOIN ymkj_meclass c on c.id=s.cid  WHERE so.meid = '59' ORDER BY id desc LIMIT 0,20   [ RunTime:0.0260s ]
INFO: [ view_parse ] --START--
INFO: [ template_filter ] --START--
INFO: Run Behavior\ContentReplaceBehavior [ RunTime:0.000000s ]
INFO: [ template_filter ] --END-- [ RunTime:0.000000s ]
NOTIC: [8] Undefined variable: alert E:\workspace\Eclipse\doctors\Apps\Runtime\Cache\Merchant\7b3316500f2c6a846fba545ff0232ef8.php 第 40 行.
INFO: Run Behavior\ParseTemplateBehavior [ RunTime:0.008001s ]
INFO: [ view_parse ] --END-- [ RunTime:0.008001s ]
INFO: [ view_filter ] --START--
INFO: Run Behavior\WriteHtmlCacheBehavior [ RunTime:0.001000s ]
INFO: [ view_filter ] --END-- [ RunTime:0.001000s ]
INFO: [ app_end ] --START--
INFO: Run Behavior\ShowPageTraceBehavior [ RunTime:0.000000s ]
INFO: [ app_end ] --END-- [ RunTime:0.000000s ]

[ 2017-01-13T11:46:37+08:00 ] ::1 /Merchant/servchildorder/index.html
INFO: [ app_init ] --START--
INFO: Run Behavior\BuildLiteBehavior [ RunTime:0.000000s ]
INFO: [ app_init ] --END-- [ RunTime:0.000000s ]
INFO: [ app_begin ] --START--
INFO: Run Behavior\ReadHtmlCacheBehavior [ RunTime:0.000000s ]
INFO: [ app_begin ] --END-- [ RunTime:0.000000s ]
SQL: SHOW COLUMNS FROM `ymkj_servchildorder` [ RunTime:0.0170s ]
SQL: SELECT COUNT(*) AS tp_count FROM ymkj_servchildorder so LEFT JOIN ymkj_member m on m.id=so.mid LEFT JOIN ymkj_service s on s.id=so.servid LEFT JOIN ymkj_meclass c on c.id=s.cid  WHERE so.meid = '59' LIMIT 1   [ RunTime:0.0060s ]
SQL: SELECT so.*,m.nickname,m.gender,s.title,c.classname FROM ymkj_servchildorder so LEFT JOIN ymkj_member m on m.id=so.mid LEFT JOIN ymkj_service s on s.id=so.servid LEFT JOIN ymkj_meclass c on c.id=s.cid  WHERE so.meid = '59' ORDER BY id desc LIMIT 0,20   [ RunTime:0.0050s ]
INFO: [ view_parse ] --START--
INFO: [ template_filter ] --START--
INFO: Run Behavior\ContentReplaceBehavior [ RunTime:0.000000s ]
INFO: [ template_filter ] --END-- [ RunTime:0.000000s ]
NOTIC: [8] Undefined variable: alert E:\workspace\Eclipse\doctors\Apps\Runtime\Cache\Merchant\7b3316500f2c6a846fba545ff0232ef8.php 第 40 行.
INFO: Run Behavior\ParseTemplateBehavior [ RunTime:0.015001s ]
INFO: [ view_parse ] --END-- [ RunTime:0.015001s ]
INFO: [ view_filter ] --START--
INFO: Run Behavior\WriteHtmlCacheBehavior [ RunTime:0.000000s ]
INFO: [ view_filter ] --END-- [ RunTime:0.000000s ]
INFO: [ app_end ] --START--
INFO: Run Behavior\ShowPageTraceBehavior [ RunTime:0.000000s ]
INFO: [ app_end ] --END-- [ RunTime:0.000000s ]

[ 2017-01-13T12:05:17+08:00 ] ::1 /Merchant/Service/index.html
INFO: [ app_init ] --START--
INFO: Run Behavior\BuildLiteBehavior [ RunTime:0.000000s ]
INFO: [ app_init ] --END-- [ RunTime:0.000000s ]
INFO: [ app_begin ] --START--
INFO: Run Behavior\ReadHtmlCacheBehavior [ RunTime:0.000000s ]
INFO: [ app_begin ] --END-- [ RunTime:0.000000s ]
SQL: SHOW COLUMNS FROM `ymkj_service` [ RunTime:0.0060s ]
SQL: SELECT COUNT(*) AS tp_count FROM ymkj_service s WHERE s.meid = '59' LIMIT 1   [ RunTime:0.0040s ]
NOTIC: [2] Invalid argument supplied for foreach() E:\workspace\Eclipse\doctors\Apps\Common\Common\function.php 第 179 行.
SQL: SELECT s.id,s.title,s.marketprice,s.terraceprice,s.discount,s.appointmentprice,s.surplusmoney,s.meid,s.buycount,s.thum,s.putaway,s.certified,s.status,s.starleve,s.cid,s.iscoupon,s.servtype,s.addtime,m.mename FROM ymkj_service s LEFT JOIN ymkj_Merchant as m on s.meid=m.id  WHERE s.meid = '59' ORDER BY s.addtime desc,s.id desc LIMIT 0,20   [ RunTime:0.0070s ]
INFO: [ view_parse ] --START--
INFO: [ template_filter ] --START--
INFO: Run Behavior\ContentReplaceBehavior [ RunTime:0.000000s ]
INFO: [ template_filter ] --END-- [ RunTime:0.000000s ]
INFO: Run Behavior\ParseTemplateBehavior [ RunTime:0.016001s ]
INFO: [ view_parse ] --END-- [ RunTime:0.016001s ]
INFO: [ view_filter ] --START--
INFO: Run Behavior\WriteHtmlCacheBehavior [ RunTime:0.000000s ]
INFO: [ view_filter ] --END-- [ RunTime:0.000000s ]
INFO: [ app_end ] --START--
INFO: Run Behavior\ShowPageTraceBehavior [ RunTime:0.000000s ]
INFO: [ app_end ] --END-- [ RunTime:0.000000s ]

[ 2017-01-13T12:05:18+08:00 ] ::1 /Merchant/Sevicepic/lists/sid/19.html
INFO: [ app_init ] --START--
INFO: Run Behavior\BuildLiteBehavior [ RunTime:0.000000s ]
INFO: [ app_init ] --END-- [ RunTime:0.001000s ]
INFO: [ app_begin ] --START--
INFO: Run Behavior\ReadHtmlCacheBehavior [ RunTime:0.000000s ]
INFO: [ app_begin ] --END-- [ RunTime:0.000000s ]
SQL: SHOW COLUMNS FROM `ymkj_sevicepic` [ RunTime:0.0080s ]
SQL: SHOW COLUMNS FROM `ymkj_service` [ RunTime:0.0070s ]
SQL: SELECT `id`,`title` FROM `ymkj_service` WHERE `id` = 19 LIMIT 1   [ RunTime:0.0200s ]
INFO: [ view_parse ] --START--
INFO: [ template_filter ] --START--
INFO: Run Behavior\ContentReplaceBehavior [ RunTime:0.000000s ]
INFO: [ template_filter ] --END-- [ RunTime:0.000000s ]
INFO: Run Behavior\ParseTemplateBehavior [ RunTime:0.005000s ]
INFO: [ view_parse ] --END-- [ RunTime:0.005000s ]
INFO: [ view_filter ] --START--
INFO: Run Behavior\WriteHtmlCacheBehavior [ RunTime:0.001000s ]
INFO: [ view_filter ] --END-- [ RunTime:0.001000s ]
INFO: [ app_end ] --START--
INFO: Run Behavior\ShowPageTraceBehavior [ RunTime:0.000000s ]
INFO: [ app_end ] --END-- [ RunTime:0.000000s ]

[ 2017-01-13T12:05:18+08:00 ] ::1 /Merchant/Sevicepic/getlist.html?sid=19
INFO: [ app_init ] --START--
INFO: Run Behavior\BuildLiteBehavior [ RunTime:0.000000s ]
INFO: [ app_init ] --END-- [ RunTime:0.000000s ]
INFO: [ app_begin ] --START--
INFO: Run Behavior\ReadHtmlCacheBehavior [ RunTime:0.001000s ]
INFO: [ app_begin ] --END-- [ RunTime:0.001000s ]
SQL: SHOW COLUMNS FROM `ymkj_sevicepic` [ RunTime:0.0100s ]
SQL: SELECT `id`,`filepath`,`listorder`,`iscover`,`isshow`,`status`,`addtime` FROM `ymkj_sevicepic` WHERE `sid` = 19 AND `status` = 1 ORDER BY listorder,addtime desc LIMIT 6   [ RunTime:0.0230s ]

[ 2017-01-13T12:05:21+08:00 ] ::1 /Merchant/Service/index.html
INFO: [ app_init ] --START--
INFO: Run Behavior\BuildLiteBehavior [ RunTime:0.000000s ]
INFO: [ app_init ] --END-- [ RunTime:0.000000s ]
INFO: [ app_begin ] --START--
INFO: Run Behavior\ReadHtmlCacheBehavior [ RunTime:0.000000s ]
INFO: [ app_begin ] --END-- [ RunTime:0.000000s ]
SQL: SHOW COLUMNS FROM `ymkj_service` [ RunTime:0.0170s ]
SQL: SELECT COUNT(*) AS tp_count FROM ymkj_service s WHERE s.meid = '59' LIMIT 1   [ RunTime:0.0050s ]
NOTIC: [2] Invalid argument supplied for foreach() E:\workspace\Eclipse\doctors\Apps\Common\Common\function.php 第 179 行.
SQL: SELECT s.id,s.title,s.marketprice,s.terraceprice,s.discount,s.appointmentprice,s.surplusmoney,s.meid,s.buycount,s.thum,s.putaway,s.certified,s.status,s.starleve,s.cid,s.iscoupon,s.servtype,s.addtime,m.mename FROM ymkj_service s LEFT JOIN ymkj_Merchant as m on s.meid=m.id  WHERE s.meid = '59' ORDER BY s.addtime desc,s.id desc LIMIT 0,20   [ RunTime:0.0040s ]
INFO: [ view_parse ] --START--
INFO: [ template_filter ] --START--
INFO: Run Behavior\ContentReplaceBehavior [ RunTime:0.000000s ]
INFO: [ template_filter ] --END-- [ RunTime:0.000000s ]
INFO: Run Behavior\ParseTemplateBehavior [ RunTime:0.007000s ]
INFO: [ view_parse ] --END-- [ RunTime:0.007000s ]
INFO: [ view_filter ] --START--
INFO: Run Behavior\WriteHtmlCacheBehavior [ RunTime:0.001000s ]
INFO: [ view_filter ] --END-- [ RunTime:0.001000s ]
INFO: [ app_end ] --START--
INFO: Run Behavior\ShowPageTraceBehavior [ RunTime:0.000000s ]
INFO: [ app_end ] --END-- [ RunTime:0.000000s ]

[ 2017-01-13T12:05:23+08:00 ] ::1 /Merchant/Service/add.html
INFO: [ app_init ] --START--
INFO: Run Behavior\BuildLiteBehavior [ RunTime:0.000000s ]
INFO: [ app_init ] --END-- [ RunTime:0.000000s ]
INFO: [ app_begin ] --START--
INFO: Run Behavior\ReadHtmlCacheBehavior [ RunTime:0.000000s ]
INFO: [ app_begin ] --END-- [ RunTime:0.000000s ]
SQL: SHOW COLUMNS FROM `ymkj_service` [ RunTime:0.0170s ]
INFO: [ view_parse ] --START--
INFO: [ template_filter ] --START--
INFO: Run Behavior\ContentReplaceBehavior [ RunTime:0.000000s ]
INFO: [ template_filter ] --END-- [ RunTime:0.000000s ]
INFO: Run Behavior\ParseTemplateBehavior [ RunTime:0.008000s ]
INFO: [ view_parse ] --END-- [ RunTime:0.008000s ]
INFO: [ view_filter ] --START--
INFO: Run Behavior\WriteHtmlCacheBehavior [ RunTime:0.000000s ]
INFO: [ view_filter ] --END-- [ RunTime:0.000000s ]
INFO: [ app_end ] --START--
INFO: Run Behavior\ShowPageTraceBehavior [ RunTime:0.000000s ]
INFO: [ app_end ] --END-- [ RunTime:0.000000s ]

[ 2017-01-13T12:05:30+08:00 ] ::1 /Merchant/Doctors/getdoctors.html
INFO: [ app_init ] --START--
INFO: Run Behavior\BuildLiteBehavior [ RunTime:0.000000s ]
INFO: [ app_init ] --END-- [ RunTime:0.000000s ]
INFO: [ app_begin ] --START--
INFO: Run Behavior\ReadHtmlCacheBehavior [ RunTime:0.001000s ]
INFO: [ app_begin ] --END-- [ RunTime:0.001000s ]
SQL: SHOW COLUMNS FROM `ymkj_doctors` [ RunTime:0.3260s ]
SQL: SELECT `id`,`headimg`,`realname`,`position`,`summary`,`adept`,`subscribecount`,`casuscount`,`consultcount`,`starlevel`,`isshow`,`certified`,`status` FROM `ymkj_doctors` WHERE `status` = 1 AND `meid` = 59  [ RunTime:6.3044s ]

[ 2017-01-13T12:05:30+08:00 ] ::1 /Merchant/Meclass/getchildclass.html?fid=0
INFO: [ app_init ] --START--
INFO: Run Behavior\BuildLiteBehavior [ RunTime:0.000000s ]
INFO: [ app_init ] --END-- [ RunTime:0.000000s ]
INFO: [ app_begin ] --START--
INFO: Run Behavior\ReadHtmlCacheBehavior [ RunTime:0.000000s ]
INFO: [ app_begin ] --END-- [ RunTime:0.001001s ]
SQL: SHOW COLUMNS FROM `ymkj_meclass` [ RunTime:0.0060s ]
SQL: SELECT `id`,`classname` FROM `ymkj_meclass` WHERE `fid` = 0 AND `isshow` = 1 ORDER BY listorder asc,id asc  [ RunTime:0.0130s ]

[ 2017-01-13T12:05:31+08:00 ] ::1 /Merchant/servchildorder/index.html
INFO: [ app_init ] --START--
INFO: Run Behavior\BuildLiteBehavior [ RunTime:0.000000s ]
INFO: [ app_init ] --END-- [ RunTime:0.000000s ]
INFO: [ app_begin ] --START--
INFO: Run Behavior\ReadHtmlCacheBehavior [ RunTime:0.000000s ]
INFO: [ app_begin ] --END-- [ RunTime:0.000000s ]
SQL: SHOW COLUMNS FROM `ymkj_servchildorder` [ RunTime:0.0050s ]
SQL: SELECT COUNT(*) AS tp_count FROM ymkj_servchildorder so LEFT JOIN ymkj_member m on m.id=so.mid LEFT JOIN ymkj_service s on s.id=so.servid LEFT JOIN ymkj_meclass c on c.id=s.cid  WHERE so.meid = '59' LIMIT 1   [ RunTime:0.3090s ]
SQL: SELECT so.*,m.nickname,m.gender,s.title,c.classname FROM ymkj_servchildorder so LEFT JOIN ymkj_member m on m.id=so.mid LEFT JOIN ymkj_service s on s.id=so.servid LEFT JOIN ymkj_meclass c on c.id=s.cid  WHERE so.meid = '59' ORDER BY id desc LIMIT 0,20   [ RunTime:0.0070s ]
INFO: [ view_parse ] --START--
INFO: [ template_filter ] --START--
INFO: Run Behavior\ContentReplaceBehavior [ RunTime:0.000000s ]
INFO: [ template_filter ] --END-- [ RunTime:0.000000s ]
NOTIC: [8] Undefined variable: alert E:\workspace\Eclipse\doctors\Apps\Runtime\Cache\Merchant\7b3316500f2c6a846fba545ff0232ef8.php 第 40 行.
INFO: Run Behavior\ParseTemplateBehavior [ RunTime:0.015001s ]
INFO: [ view_parse ] --END-- [ RunTime:0.015001s ]
INFO: [ view_filter ] --START--
INFO: Run Behavior\WriteHtmlCacheBehavior [ RunTime:0.000000s ]
INFO: [ view_filter ] --END-- [ RunTime:0.000000s ]
INFO: [ app_end ] --START--
INFO: Run Behavior\ShowPageTraceBehavior [ RunTime:0.000000s ]
INFO: [ app_end ] --END-- [ RunTime:0.000000s ]

[ 2017-01-13T12:05:31+08:00 ] ::1 /Merchant/Servicecount/index.html
INFO: [ app_init ] --START--
INFO: Run Behavior\BuildLiteBehavior [ RunTime:0.000000s ]
INFO: [ app_init ] --END-- [ RunTime:0.000000s ]
INFO: [ app_begin ] --START--
INFO: Run Behavior\ReadHtmlCacheBehavior [ RunTime:0.000000s ]
INFO: [ app_begin ] --END-- [ RunTime:0.000000s ]
SQL: SHOW COLUMNS FROM `ymkj_servchildorder` [ RunTime:0.0060s ]
SQL: SELECT so.servid,so.usesstatue,so.appoprice,so.surpmoney,so.scount,so.coupon_price,so.addtime,s.title,c.classname,sum(so.scount) as so_scount,count(so.usesstatue) as so_usesstatue,sum(so.appoprice) as so_appoprice,sum(so.surpmoney) as so_surpmoney,sum(so.coupon_price) as so_coupon_price FROM ymkj_servchildorder so LEFT JOIN ymkj_service s on s.id=so.servid LEFT JOIN ymkj_meclass c on c.id=s.cid  WHERE so.meid = '59' GROUP BY so.servid,so.usesstatue ORDER BY so.servid desc  [ RunTime:0.0230s ]
SQL: SHOW COLUMNS FROM `ymkj_servchildorder` [ RunTime:0.0050s ]
SQL: SELECT `servid`,count(id) as cnum FROM `ymkj_servchildorder` WHERE `coupon_code` <> '' AND `usesstatue` = 1 GROUP BY servid  [ RunTime:0.0050s ]
NOTIC: [8] Undefined offset: 18 E:\workspace\Eclipse\doctors\Apps\Merchant\Controller\ServicecountController.class.php 第 72 行.
NOTIC: [8] Undefined index: c_so_scount E:\workspace\Eclipse\doctors\Apps\Merchant\Controller\ServicecountController.class.php 第 92 行.
NOTIC: [8] Undefined index: c_so_surpmoney E:\workspace\Eclipse\doctors\Apps\Merchant\Controller\ServicecountController.class.php 第 93 行.
NOTIC: [8] Undefined index: so_scount E:\workspace\Eclipse\doctors\Apps\Merchant\Controller\ServicecountController.class.php 第 94 行.
NOTIC: [8] Undefined index: so_surpmoney E:\workspace\Eclipse\doctors\Apps\Merchant\Controller\ServicecountController.class.php 第 95 行.
NOTIC: [8] Undefined index: so_scount_n E:\workspace\Eclipse\doctors\Apps\Merchant\Controller\ServicecountController.class.php 第 96 行.
NOTIC: [8] Undefined index: so_surpmoney_n E:\workspace\Eclipse\doctors\Apps\Merchant\Controller\ServicecountController.class.php 第 97 行.
NOTIC: [8] Undefined index: so_coupon_price E:\workspace\Eclipse\doctors\Apps\Merchant\Controller\ServicecountController.class.php 第 98 行.
NOTIC: [8] Undefined index: so_count_price E:\workspace\Eclipse\doctors\Apps\Merchant\Controller\ServicecountController.class.php 第 99 行.
NOTIC: [8] Undefined index: cnum E:\workspace\Eclipse\doctors\Apps\Merchant\Controller\ServicecountController.class.php 第 100 行.
NOTIC: [8] Undefined offset: 17 E:\workspace\Eclipse\doctors\Apps\Merchant\Controller\ServicecountController.class.php 第 72 行.
NOTIC: [8] Undefined offset: 17 E:\workspace\Eclipse\doctors\Apps\Merchant\Controller\ServicecountController.class.php 第 89 行.
NOTIC: [8] Undefined offset: 7 E:\workspace\Eclipse\doctors\Apps\Merchant\Controller\ServicecountController.class.php 第 72 行.
NOTIC: [8] Undefined offset: 7 E:\workspace\Eclipse\doctors\Apps\Merchant\Controller\ServicecountController.class.php 第 89 行.
INFO: [ view_parse ] --START--
INFO: [ template_filter ] --START--
INFO: Run Behavior\ContentReplaceBehavior [ RunTime:0.000000s ]
INFO: [ template_filter ] --END-- [ RunTime:0.000000s ]
NOTIC: [8] Undefined variable: alert E:\workspace\Eclipse\doctors\Apps\Runtime\Cache\Merchant\3787a327de0515af5b716e34d0a57dc3.php 第 40 行.
NOTIC: [8] Undefined index: start E:\workspace\Eclipse\doctors\Apps\Runtime\Cache\Merchant\3787a327de0515af5b716e34d0a57dc3.php 第 49 行.
NOTIC: [8] Undefined index: end E:\workspace\Eclipse\doctors\Apps\Runtime\Cache\Merchant\3787a327de0515af5b716e34d0a57dc3.php 第 51 行.
INFO: Run Behavior\ParseTemplateBehavior [ RunTime:0.013001s ]
INFO: [ view_parse ] --END-- [ RunTime:0.013001s ]
INFO: [ view_filter ] --START--
INFO: Run Behavior\WriteHtmlCacheBehavior [ RunTime:0.000000s ]
INFO: [ view_filter ] --END-- [ RunTime:0.000000s ]
INFO: [ app_end ] --START--
INFO: Run Behavior\ShowPageTraceBehavior [ RunTime:0.000000s ]
INFO: [ app_end ] --END-- [ RunTime:0.000000s ]

[ 2017-01-13T12:05:31+08:00 ] ::1 /Merchant/Meclass/getchildclass.html?fid=1
INFO: [ app_init ] --START--
INFO: Run Behavior\BuildLiteBehavior [ RunTime:0.000000s ]
INFO: [ app_init ] --END-- [ RunTime:0.000000s ]
INFO: [ app_begin ] --START--
INFO: Run Behavior\ReadHtmlCacheBehavior [ RunTime:0.000000s ]
INFO: [ app_begin ] --END-- [ RunTime:0.000000s ]
SQL: SHOW COLUMNS FROM `ymkj_meclass` [ RunTime:0.0180s ]
SQL: SELECT `id`,`classname` FROM `ymkj_meclass` WHERE `fid` = 1 AND `isshow` = 1 ORDER BY listorder asc,id asc  [ RunTime:0.0250s ]

[ 2017-01-13T12:05:31+08:00 ] ::1 /Merchant/servchildorder/index.html
INFO: [ app_init ] --START--
INFO: Run Behavior\BuildLiteBehavior [ RunTime:0.000000s ]
INFO: [ app_init ] --END-- [ RunTime:0.001000s ]
INFO: [ app_begin ] --START--
INFO: Run Behavior\ReadHtmlCacheBehavior [ RunTime:0.001000s ]
INFO: [ app_begin ] --END-- [ RunTime:0.001000s ]
SQL: SHOW COLUMNS FROM `ymkj_servchildorder` [ RunTime:0.0080s ]
SQL: SELECT COUNT(*) AS tp_count FROM ymkj_servchildorder so LEFT JOIN ymkj_member m on m.id=so.mid LEFT JOIN ymkj_service s on s.id=so.servid LEFT JOIN ymkj_meclass c on c.id=s.cid  WHERE so.meid = '59' LIMIT 1   [ RunTime:0.0220s ]
SQL: SELECT so.*,m.nickname,m.gender,s.title,c.classname FROM ymkj_servchildorder so LEFT JOIN ymkj_member m on m.id=so.mid LEFT JOIN ymkj_service s on s.id=so.servid LEFT JOIN ymkj_meclass c on c.id=s.cid  WHERE so.meid = '59' ORDER BY id desc LIMIT 0,20   [ RunTime:0.0210s ]
INFO: [ view_parse ] --START--
INFO: [ template_filter ] --START--
INFO: Run Behavior\ContentReplaceBehavior [ RunTime:0.000000s ]
INFO: [ template_filter ] --END-- [ RunTime:0.000000s ]
NOTIC: [8] Undefined variable: alert E:\workspace\Eclipse\doctors\Apps\Runtime\Cache\Merchant\7b3316500f2c6a846fba545ff0232ef8.php 第 40 行.
INFO: Run Behavior\ParseTemplateBehavior [ RunTime:0.008001s ]
INFO: [ view_parse ] --END-- [ RunTime:0.008001s ]
INFO: [ view_filter ] --START--
INFO: Run Behavior\WriteHtmlCacheBehavior [ RunTime:0.000000s ]
INFO: [ view_filter ] --END-- [ RunTime:0.000000s ]
INFO: [ app_end ] --START--
INFO: Run Behavior\ShowPageTraceBehavior [ RunTime:0.001000s ]
INFO: [ app_end ] --END-- [ RunTime:0.001000s ]

[ 2017-01-13T12:05:31+08:00 ] ::1 /Merchant/Meclass/getchildclass.html?fid=18
INFO: [ app_init ] --START--
INFO: Run Behavior\BuildLiteBehavior [ RunTime:0.000000s ]
INFO: [ app_init ] --END-- [ RunTime:0.000000s ]
INFO: [ app_begin ] --START--
INFO: Run Behavior\ReadHtmlCacheBehavior [ RunTime:0.000000s ]
INFO: [ app_begin ] --END-- [ RunTime:0.001001s ]
SQL: SHOW COLUMNS FROM `ymkj_meclass` [ RunTime:0.0200s ]
SQL: SELECT `id`,`classname` FROM `ymkj_meclass` WHERE `fid` = 18 AND `isshow` = 1 ORDER BY listorder asc,id asc  [ RunTime:0.0080s ]

[ 2017-01-13T12:05:33+08:00 ] ::1 /Merchant/servchildorder/index.html
INFO: [ app_init ] --START--
INFO: Run Behavior\BuildLiteBehavior [ RunTime:0.000000s ]
INFO: [ app_init ] --END-- [ RunTime:0.000000s ]
INFO: [ app_begin ] --START--
INFO: Run Behavior\ReadHtmlCacheBehavior [ RunTime:0.000000s ]
INFO: [ app_begin ] --END-- [ RunTime:0.000000s ]
SQL: SHOW COLUMNS FROM `ymkj_servchildorder` [ RunTime:0.0200s ]
SQL: SELECT COUNT(*) AS tp_count FROM ymkj_servchildorder so LEFT JOIN ymkj_member m on m.id=so.mid LEFT JOIN ymkj_service s on s.id=so.servid LEFT JOIN ymkj_meclass c on c.id=s.cid  WHERE so.meid = '59' LIMIT 1   [ RunTime:0.0170s ]
SQL: SELECT so.*,m.nickname,m.gender,s.title,c.classname FROM ymkj_servchildorder so LEFT JOIN ymkj_member m on m.id=so.mid LEFT JOIN ymkj_service s on s.id=so.servid LEFT JOIN ymkj_meclass c on c.id=s.cid  WHERE so.meid = '59' ORDER BY id desc LIMIT 0,20   [ RunTime:1.1621s ]
INFO: [ view_parse ] --START--
INFO: [ template_filter ] --START--
INFO: Run Behavior\ContentReplaceBehavior [ RunTime:0.000000s ]
INFO: [ template_filter ] --END-- [ RunTime:0.000000s ]
NOTIC: [8] Undefined variable: alert E:\workspace\Eclipse\doctors\Apps\Runtime\Cache\Merchant\7b3316500f2c6a846fba545ff0232ef8.php 第 40 行.
INFO: Run Behavior\ParseTemplateBehavior [ RunTime:0.015001s ]
INFO: [ view_parse ] --END-- [ RunTime:0.015001s ]
INFO: [ view_filter ] --START--
INFO: Run Behavior\WriteHtmlCacheBehavior [ RunTime:0.000000s ]
INFO: [ view_filter ] --END-- [ RunTime:0.000000s ]
INFO: [ app_end ] --START--
INFO: Run Behavior\ShowPageTraceBehavior [ RunTime:0.001000s ]
INFO: [ app_end ] --END-- [ RunTime:0.001000s ]

[ 2017-01-13T12:05:33+08:00 ] ::1 /Merchant/servchildorder/index.html
INFO: [ app_init ] --START--
INFO: Run Behavior\BuildLiteBehavior [ RunTime:0.000000s ]
INFO: [ app_init ] --END-- [ RunTime:0.000000s ]
INFO: [ app_begin ] --START--
INFO: Run Behavior\ReadHtmlCacheBehavior [ RunTime:0.001000s ]
INFO: [ app_begin ] --END-- [ RunTime:0.001000s ]
SQL: SHOW COLUMNS FROM `ymkj_servchildorder` [ RunTime:0.0150s ]
SQL: SELECT COUNT(*) AS tp_count FROM ymkj_servchildorder so LEFT JOIN ymkj_member m on m.id=so.mid LEFT JOIN ymkj_service s on s.id=so.servid LEFT JOIN ymkj_meclass c on c.id=s.cid  WHERE so.meid = '59' LIMIT 1   [ RunTime:0.0140s ]
SQL: SELECT so.*,m.nickname,m.gender,s.title,c.classname FROM ymkj_servchildorder so LEFT JOIN ymkj_member m on m.id=so.mid LEFT JOIN ymkj_service s on s.id=so.servid LEFT JOIN ymkj_meclass c on c.id=s.cid  WHERE so.meid = '59' ORDER BY id desc LIMIT 0,20   [ RunTime:0.0190s ]
INFO: [ view_parse ] --START--
INFO: [ template_filter ] --START--
INFO: Run Behavior\ContentReplaceBehavior [ RunTime:0.001000s ]
INFO: [ template_filter ] --END-- [ RunTime:0.001000s ]
NOTIC: [8] Undefined variable: alert E:\workspace\Eclipse\doctors\Apps\Runtime\Cache\Merchant\7b3316500f2c6a846fba545ff0232ef8.php 第 40 行.
INFO: Run Behavior\ParseTemplateBehavior [ RunTime:0.008001s ]
INFO: [ view_parse ] --END-- [ RunTime:0.008001s ]
INFO: [ view_filter ] --START--
INFO: Run Behavior\WriteHtmlCacheBehavior [ RunTime:0.001000s ]
INFO: [ view_filter ] --END-- [ RunTime:0.001000s ]
INFO: [ app_end ] --START--
INFO: Run Behavior\ShowPageTraceBehavior [ RunTime:0.000000s ]
INFO: [ app_end ] --END-- [ RunTime:0.000000s ]

[ 2017-01-13T12:05:35+08:00 ] ::1 /Merchant/Servicecount/index.html
INFO: [ app_init ] --START--
INFO: Run Behavior\BuildLiteBehavior [ RunTime:0.000000s ]
INFO: [ app_init ] --END-- [ RunTime:0.000000s ]
INFO: [ app_begin ] --START--
INFO: Run Behavior\ReadHtmlCacheBehavior [ RunTime:0.000000s ]
INFO: [ app_begin ] --END-- [ RunTime:0.000000s ]
SQL: SHOW COLUMNS FROM `ymkj_servchildorder` [ RunTime:0.0150s ]
SQL: SELECT so.servid,so.usesstatue,so.appoprice,so.surpmoney,so.scount,so.coupon_price,so.addtime,s.title,c.classname,sum(so.scount) as so_scount,count(so.usesstatue) as so_usesstatue,sum(so.appoprice) as so_appoprice,sum(so.surpmoney) as so_surpmoney,sum(so.coupon_price) as so_coupon_price FROM ymkj_servchildorder so LEFT JOIN ymkj_service s on s.id=so.servid LEFT JOIN ymkj_meclass c on c.id=s.cid  WHERE so.meid = '59' GROUP BY so.servid,so.usesstatue ORDER BY so.servid desc  [ RunTime:0.0070s ]
SQL: SHOW COLUMNS FROM `ymkj_servchildorder` [ RunTime:0.0050s ]
SQL: SELECT `servid`,count(id) as cnum FROM `ymkj_servchildorder` WHERE `coupon_code` <> '' AND `usesstatue` = 1 GROUP BY servid  [ RunTime:0.0030s ]
NOTIC: [8] Undefined offset: 18 E:\workspace\Eclipse\doctors\Apps\Merchant\Controller\ServicecountController.class.php 第 72 行.
NOTIC: [8] Undefined index: c_so_scount E:\workspace\Eclipse\doctors\Apps\Merchant\Controller\ServicecountController.class.php 第 92 行.
NOTIC: [8] Undefined index: c_so_surpmoney E:\workspace\Eclipse\doctors\Apps\Merchant\Controller\ServicecountController.class.php 第 93 行.
NOTIC: [8] Undefined index: so_scount E:\workspace\Eclipse\doctors\Apps\Merchant\Controller\ServicecountController.class.php 第 94 行.
NOTIC: [8] Undefined index: so_surpmoney E:\workspace\Eclipse\doctors\Apps\Merchant\Controller\ServicecountController.class.php 第 95 行.
NOTIC: [8] Undefined index: so_scount_n E:\workspace\Eclipse\doctors\Apps\Merchant\Controller\ServicecountController.class.php 第 96 行.
NOTIC: [8] Undefined index: so_surpmoney_n E:\workspace\Eclipse\doctors\Apps\Merchant\Controller\ServicecountController.class.php 第 97 行.
NOTIC: [8] Undefined index: so_coupon_price E:\workspace\Eclipse\doctors\Apps\Merchant\Controller\ServicecountController.class.php 第 98 行.
NOTIC: [8] Undefined index: so_count_price E:\workspace\Eclipse\doctors\Apps\Merchant\Controller\ServicecountController.class.php 第 99 行.
NOTIC: [8] Undefined index: cnum E:\workspace\Eclipse\doctors\Apps\Merchant\Controller\ServicecountController.class.php 第 100 行.
NOTIC: [8] Undefined offset: 17 E:\workspace\Eclipse\doctors\Apps\Merchant\Controller\ServicecountController.class.php 第 72 行.
NOTIC: [8] Undefined offset: 17 E:\workspace\Eclipse\doctors\Apps\Merchant\Controller\ServicecountController.class.php 第 89 行.
NOTIC: [8] Undefined offset: 7 E:\workspace\Eclipse\doctors\Apps\Merchant\Controller\ServicecountController.class.php 第 72 行.
NOTIC: [8] Undefined offset: 7 E:\workspace\Eclipse\doctors\Apps\Merchant\Controller\ServicecountController.class.php 第 89 行.
INFO: [ view_parse ] --START--
INFO: [ template_filter ] --START--
INFO: Run Behavior\ContentReplaceBehavior [ RunTime:0.000000s ]
INFO: [ template_filter ] --END-- [ RunTime:0.000000s ]
NOTIC: [8] Undefined variable: alert E:\workspace\Eclipse\doctors\Apps\Runtime\Cache\Merchant\3787a327de0515af5b716e34d0a57dc3.php 第 40 行.
NOTIC: [8] Undefined index: start E:\workspace\Eclipse\doctors\Apps\Runtime\Cache\Merchant\3787a327de0515af5b716e34d0a57dc3.php 第 49 行.
NOTIC: [8] Undefined index: end E:\workspace\Eclipse\doctors\Apps\Runtime\Cache\Merchant\3787a327de0515af5b716e34d0a57dc3.php 第 51 行.
INFO: Run Behavior\ParseTemplateBehavior [ RunTime:0.006001s ]
INFO: [ view_parse ] --END-- [ RunTime:0.006001s ]
INFO: [ view_filter ] --START--
INFO: Run Behavior\WriteHtmlCacheBehavior [ RunTime:0.000000s ]
INFO: [ view_filter ] --END-- [ RunTime:0.000000s ]
INFO: [ app_end ] --START--
INFO: Run Behavior\ShowPageTraceBehavior [ RunTime:0.001000s ]
INFO: [ app_end ] --END-- [ RunTime:0.001000s ]

